

HI-TECH Software PIC LITE Macro Assembler V9.81 build 7503 
                                                                                               Sat Aug 17 09:02:36 2019

HI-TECH Software Omniscient Code Generator (Lite mode) build 7503
     1  0000                     opt subtitle "HI-TECH Software Omniscient Code Generator (Lite mode) build 7503"
     2                           
     3                           opt pagewidth 120
     4                           
     5                           	opt lm
     6                           
     7                           	processor	16F877A
     8                           clrc	macro
     9                           	bcf	3,0
    10  0000                     	endm
    11                           clrz	macro
    12                           	bcf	3,2
    13  0000                     	endm
    14                           setc	macro
    15                           	bsf	3,0
    16  0000                     	endm
    17                           setz	macro
    18                           	bsf	3,2
    19  0000                     	endm
    20                           skipc	macro
    21                           	btfss	3,0
    22  0000                     	endm
    23                           skipz	macro
    24                           	btfss	3,2
    25  0000                     	endm
    26                           skipnc	macro
    27                           	btfsc	3,0
    28  0000                     	endm
    29                           skipnz	macro
    30                           	btfsc	3,2
    31  0000                     	endm
    32  0000                     indf	equ	0
    33  0000                     indf0	equ	0
    34  0002                     pc	equ	2
    35  0002                     pcl	equ	2
    36  0003                     status	equ	3
    37  0004                     fsr	equ	4
    38  0004                     fsr0	equ	4
    39  0001                     c	equ	1
    40  0000                     z	equ	0
    41  000A                     pclath	equ	10
    42                           	FNROOT	_main
    43                           	global	main@F1087
    44                           psect	idataBANK0,class=CODE,space=0,delta=2
    45                           global __pidataBANK0
    46  0724                     __pidataBANK0:
    47                           	file	"C:\Users\kaVi_aBi\Desktop\New folder\embedded c\msbfix.c"
    48                           	line	6
    49                           
    50                           ;initializer for main@F1087
    51  0724  3480               	retlw	080h
    52  0725  3440               	retlw	040h
    53  0726  3420               	retlw	020h
    54  0727  3410               	retlw	010h
    55  0728  3408               	retlw	08h
    56  0729  3404               	retlw	04h
    57  072A  3402               	retlw	02h
    58  072B  3401               	retlw	01h
    59                           	global	_PORTB
    60  0006                     _PORTB	set	6
    61                           	global	_TRISB
    62  0086                     _TRISB	set	134
    63                           	file	"led17.as"
    64                           	line	#
    65                           psect cinit,class=CODE,delta=2
    66                           global start_initialization
    67  073D                     start_initialization:
    68                           
    69                           psect	dataBANK0,class=BANK0,space=1
    70                           global __pdataBANK0
    71  002E                     __pdataBANK0:
    72                           	file	"C:\Users\kaVi_aBi\Desktop\New folder\embedded c\msbfix.c"
    73  002E                     main@F1087:
    74  002E                            ds      8
    75                           
    76                           global btemp
    77                           psect inittext,class=CODE,delta=2
    78                           global init_fetch,btemp
    79                           ;	Called with low address in FSR and high address in W
    80  072C                     init_fetch:
    81  072C  087E               	movf btemp,w
    82  072D  008A               	movwf pclath
    83  072E  087F               	movf btemp+1,w
    84  072F  0082               	movwf pc
    85                           global init_ram
    86                           ;Called with:
    87                           ;	high address of idata address in btemp 
    88                           ;	low address of idata address in btemp+1 
    89                           ;	low address of data in FSR
    90                           ;	high address + 1 of data in btemp-1
    91  0730                     init_ram:
    92  0730  272C  120A  118A   	fcall init_fetch
    93  0733  0080               	movwf indf,f
    94  0734  0A84               	incf fsr,f
    95  0735  0804               	movf fsr,w
    96  0736  067D               	xorwf btemp-1,w
    97  0737  1903               	btfsc status,2
    98  0738  3400               	retlw 0
    99  0739  0AFF               	incf btemp+1,f
   100  073A  1903               	btfsc status,2
   101  073B  0AFE               	incf btemp,f
   102  073C  2F30               	goto init_ram
   103                           ; Initialize objects allocated to BANK0
   104                           psect cinit,class=CODE,delta=2
   105                           global init_ram, __pidataBANK0
   106  073D  1383               	bcf	status, 7	;select IRP bank0
   107  073E  3036               	movlw low(__pdataBANK0+8)
   108  073F  00FD               	movwf btemp-1,f
   109  0740  3007               	movlw high(__pidataBANK0)
   110  0741  00FE               	movwf btemp,f
   111  0742  3024               	movlw low(__pidataBANK0)
   112  0743  00FF               	movwf btemp+1,f
   113  0744  302E               	movlw low(__pdataBANK0)
   114  0745  0084               	movwf fsr,f
   115  0746  120A  118A  2730   	fcall init_ram
              120A  118A         
   116                           psect cinit,class=CODE,delta=2
   117                           global end_of_initialization
   118                           
   119                           ;End of C runtime variable initialization code
   120                           
   121  074B                     end_of_initialization:
   122  074B  0183               clrf status
   123  074C  120A  118A  2F4F   ljmp _main	;jump to C main() function
   124                           psect	cstackCOMMON,class=COMMON,space=1
   125                           global __pcstackCOMMON
   126  0070                     __pcstackCOMMON:
   127                           	global	??_main
   128  0070                     ??_main:	; 0 bytes @ 0x0
   129                           	global	?_main
   130  0070                     ?_main:	; 2 bytes @ 0x0
   131  0070                     	ds	4
   132                           psect	cstackBANK0,class=BANK0,space=1
   133                           global __pcstackBANK0
   134  0020                     __pcstackBANK0:
   135                           	global	main@a
   136  0020                     main@a:	; 8 bytes @ 0x0
   137  0020                     	ds	8
   138                           	global	main@num
   139  0028                     main@num:	; 2 bytes @ 0x8
   140  0028                     	ds	2
   141                           	global	main@i
   142  002A                     main@i:	; 2 bytes @ 0xA
   143  002A                     	ds	2
   144                           	global	main@j
   145  002C                     main@j:	; 2 bytes @ 0xC
   146  002C                     	ds	2
   147 ;;Data sizes: Strings 0, constant 0, data 8, bss 0, persistent 0 stack 0
   148 ;;Auto spaces:   Size  Autos    Used
   149 ;; COMMON          14      4       4
   150 ;; BANK0           80     14      22
   151 ;; BANK1           80      0       0
   152 ;; BANK3           96      0       0
   153 ;; BANK2           96      0       0
   154                           
   155 ;;
   156 ;; Pointer list with targets:
   157                           
   158                           
   159                           
   160 ;;
   161 ;; Critical Paths under _main in COMMON
   162 ;;
   163 ;;   None.
   164 ;;
   165 ;; Critical Paths under _main in BANK0
   166 ;;
   167 ;;   None.
   168 ;;
   169 ;; Critical Paths under _main in BANK1
   170 ;;
   171 ;;   None.
   172 ;;
   173 ;; Critical Paths under _main in BANK3
   174 ;;
   175 ;;   None.
   176 ;;
   177 ;; Critical Paths under _main in BANK2
   178 ;;
   179 ;;   None.
   180                           
   181 ;;
   182 ;;Main: autosize = 0, tempsize = 4, incstack = 0, save=0
   183 ;;
   184                           
   185 ;;
   186 ;;Call Graph Tables:
   187 ;;
   188 ;; ---------------------------------------------------------------------------------
   189 ;; (Depth) Function   	        Calls       Base Space   Used Autos Params    Refs
   190 ;; ---------------------------------------------------------------------------------
   191 ;; (0) _main                                                18    18      0     231
   192 ;;                                              0 COMMON     4     4      0
   193 ;;                                              0 BANK0     14    14      0
   194 ;; ---------------------------------------------------------------------------------
   195 ;; Estimated maximum stack depth 0
   196 ;; ---------------------------------------------------------------------------------
   197                           
   198 ;; Call Graph Graphs:
   199                           
   200 ;; _main (ROOT)
   201 ;;
   202                           
   203 ;; Address spaces:
   204                           
   205 ;;Name               Size   Autos  Total    Cost      Usage
   206 ;;BANK3               60      0       0       9        0.0%
   207 ;;BITBANK3            60      0       0       8        0.0%
   208 ;;SFR3                 0      0       0       4        0.0%
   209 ;;BITSFR3              0      0       0       4        0.0%
   210 ;;BANK2               60      0       0      11        0.0%
   211 ;;BITBANK2            60      0       0      10        0.0%
   212 ;;SFR2                 0      0       0       5        0.0%
   213 ;;BITSFR2              0      0       0       5        0.0%
   214 ;;SFR1                 0      0       0       2        0.0%
   215 ;;BITSFR1              0      0       0       2        0.0%
   216 ;;BANK1               50      0       0       7        0.0%
   217 ;;BITBANK1            50      0       0       6        0.0%
   218 ;;CODE                 0      0       0       0        0.0%
   219 ;;DATA                 0      0      1A      12        0.0%
   220 ;;ABS                  0      0      1A       3        0.0%
   221 ;;NULL                 0      0       0       0        0.0%
   222 ;;STACK                0      0       0       2        0.0%
   223 ;;BANK0               50      E      16       5       27.5%
   224 ;;BITBANK0            50      0       0       4        0.0%
   225 ;;SFR0                 0      0       0       1        0.0%
   226 ;;BITSFR0              0      0       0       1        0.0%
   227 ;;COMMON               E      4       4       1       28.6%
   228 ;;BITCOMMON            E      0       0       0        0.0%
   229 ;;EEDATA             100      0       0       0        0.0%
   230                           
   231                           	global	_main
   232                           psect	maintext,global,class=CODE,delta=2
   233                           global __pmaintext
   234  074F                     __pmaintext:
   235                           
   236 ;; *************** function _main *****************
   237 ;; Defined at:
   238 ;;		line 3 in file "C:\Users\kaVi_aBi\Desktop\New folder\embedded c\msbfix.c"
   239 ;; Parameters:    Size  Location     Type
   240 ;;		None
   241 ;; Auto vars:     Size  Location     Type
   242 ;;  a               8    0[BANK0 ] unsigned char [8]
   243 ;;  j               2   12[BANK0 ] int 
   244 ;;  i               2   10[BANK0 ] int 
   245 ;;  num             2    8[BANK0 ] int 
   246 ;; Return value:  Size  Location     Type
   247 ;;                  2  684[COMMON] int 
   248 ;; Registers used:
   249 ;;		wreg, fsr0l, fsr0h, status,2, status,0, btemp+1
   250 ;; Tracked objects:
   251 ;;		On entry : 17F/0
   252 ;;		On exit  : 0/0
   253 ;;		Unchanged: 0/0
   254 ;; Data sizes:     COMMON   BANK0   BANK1   BANK3   BANK2
   255 ;;      Params:         0       0       0       0       0
   256 ;;      Locals:         0      14       0       0       0
   257 ;;      Temps:          4       0       0       0       0
   258 ;;      Totals:         4      14       0       0       0
   259 ;;Total ram usage:       18 bytes
   260 ;; This function calls:
   261 ;;		Nothing
   262 ;; This function is called by:
   263 ;;		Startup code after reset
   264 ;; This function uses a non-reentrant model
   265 ;;
   266                           psect	maintext
   267                           	file	"C:\Users\kaVi_aBi\Desktop\New folder\embedded c\msbfix.c"
   268                           	line	3
   269                           	global	__size_of_main
   270  00B1                     	__size_of_main	equ	__end_of_main-_main
   271                           	
   272  074F                     _main:	
   273                           	opt	stack 8
   274                           ; Regs used in _main: [wreg-fsr0h+status,2+status,0+btemp+1]
   275                           	line	4
   276                           	
   277  074F                     l1873:	
   278                           ;msbfix.c: 4: int i,j,num=0X00;
   279  074F  1283               	bcf	status, 5	;RP0=0, select bank0
   280  0750  1303               	bcf	status, 6	;RP1=0, select bank0
   281  0751  01A8               	clrf	(main@num)
   282  0752  01A9               	clrf	(main@num+1)
   283                           	line	5
   284                           ;msbfix.c: 5: TRISB = 0;
   285  0753  1683               	bsf	status, 5	;RP0=1, select bank1
   286  0754  1303               	bcf	status, 6	;RP1=0, select bank1
   287  0755  0186               	clrf	(134)^080h	;volatile
   288                           	line	6
   289                           	
   290  0756                     l1875:	
   291                           ;msbfix.c: 6: char a[] = {0X80,0X40,0X20,0X10,0X08,0X04,0X02,0X01};
   292  0756  3020               	movlw	(main@a)&0ffh
   293  0757  0084               	movwf	fsr0
   294  0758  302E               	movlw	low(main@F1087)
   295  0759  00F0               	movwf	(??_main+0)+0
   296  075A  0804               	movf	fsr0,w
   297  075B  00F1               	movwf	((??_main+0)+0+1)
   298  075C  3008               	movlw	8
   299  075D  00F2               	movwf	((??_main+0)+0+2)
   300  075E                     u2210:
   301  075E  0870               	movf	(??_main+0)+0,w
   302  075F  0084               	movwf	fsr0
   303  0760  1383               	bcf	status, 7	;select IRP bank0
   304                           	
   305  0761  0800               	movf	indf,w
   306  0762  00F3               	movwf	((??_main+0)+0+3)
   307  0763  0AF0               	incf	(??_main+0)+0,f
   308  0764  0871               	movf	((??_main+0)+0+1),w
   309  0765  0084               	movwf	fsr0
   310                           	
   311  0766  0873               	movf	((??_main+0)+0+3),w
   312  0767  0080               	movwf	indf
   313  0768  0AF1               	incf	((??_main+0)+0+1),f
   314  0769  0BF2               	decfsz	((??_main+0)+0+2),f
   315  076A  2F5E               	goto	u2210
   316  076B  2F6C               	goto	l1877
   317                           	line	7
   318                           ;msbfix.c: 7: while(1)
   319                           	
   320  076C                     l687:	
   321                           	line	9
   322                           	
   323  076C                     l1877:	
   324                           ;msbfix.c: 8: {
   325                           ;msbfix.c: 9: num=0X00;
   326  076C  1283               	bcf	status, 5	;RP0=0, select bank0
   327  076D  1303               	bcf	status, 6	;RP1=0, select bank0
   328  076E  01A8               	clrf	(main@num)
   329  076F  01A9               	clrf	(main@num+1)
   330                           	line	10
   331                           	
   332  0770                     l1879:	
   333                           ;msbfix.c: 10: for(i=0; i<8; i++)
   334  0770  01AA               	clrf	(main@i)
   335  0771  01AB               	clrf	(main@i+1)
   336                           	
   337  0772                     l1881:	
   338  0772  082B               	movf	(main@i+1),w
   339  0773  3A80               	xorlw	80h
   340  0774  00FF               	movwf	btemp+1
   341  0775  3080               	movlw	(high(08h))^80h
   342  0776  027F               	subwf	btemp+1,w
   343  0777  1D03               	skipz
   344  0778  2F7B               	goto	u2225
   345  0779  3008               	movlw	low(08h)
   346  077A  022A               	subwf	(main@i),w
   347  077B                     u2225:
   348                           
   349  077B  1C03               	skipc
   350  077C  2F7E               	goto	u2221
   351  077D  2F7F               	goto	u2220
   352  077E                     u2221:
   353  077E  2F81               	goto	l1885
   354  077F                     u2220:
   355  077F  2FCF               	goto	l1903
   356                           	
   357  0780                     l1883:	
   358  0780  2FCF               	goto	l1903
   359                           	line	11
   360                           	
   361  0781                     l688:	
   362                           	line	12
   363                           	
   364  0781                     l1885:	
   365                           ;msbfix.c: 11: {
   366                           ;msbfix.c: 12: num=num+a[i];
   367  0781  1283               	bcf	status, 5	;RP0=0, select bank0
   368  0782  1303               	bcf	status, 6	;RP1=0, select bank0
   369  0783  082A               	movf	(main@i),w
   370  0784  3E20               	addlw	main@a&0ffh
   371  0785  0084               	movwf	fsr0
   372  0786  1383               	bcf	status, 7	;select IRP bank0
   373  0787  0800               	movf	indf,w
   374  0788  0728               	addwf	(main@num),w
   375  0789  00A8               	movwf	(main@num)
   376  078A  0829               	movf	(main@num+1),w
   377  078B  1803               	skipnc
   378  078C  0A29               	incf	(main@num+1),w
   379  078D  00A9               	movwf	((main@num))+1
   380                           	line	13
   381                           	
   382  078E                     l1887:	
   383                           ;msbfix.c: 13: PORTB=num;
   384  078E  0828               	movf	(main@num),w
   385  078F  0086               	movwf	(6)	;volatile
   386                           	line	14
   387                           	
   388  0790                     l1889:	
   389                           ;msbfix.c: 14: for(j=-30000; j<=30000; j++);
   390  0790  30D0               	movlw	low(-30000)
   391  0791  00AC               	movwf	(main@j)
   392  0792  308A               	movlw	high(-30000)
   393  0793  00AD               	movwf	((main@j))+1
   394                           	
   395  0794                     l1891:	
   396  0794  082D               	movf	(main@j+1),w
   397  0795  3A80               	xorlw	80h
   398  0796  00FF               	movwf	btemp+1
   399  0797  30F5               	movlw	(high(07531h))^80h
   400  0798  027F               	subwf	btemp+1,w
   401  0799  1D03               	skipz
   402  079A  2F9D               	goto	u2235
   403  079B  3031               	movlw	low(07531h)
   404  079C  022C               	subwf	(main@j),w
   405  079D                     u2235:
   406                           
   407  079D  1C03               	skipc
   408  079E  2FA0               	goto	u2231
   409  079F  2FA1               	goto	u2230
   410  07A0                     u2231:
   411  07A0  2FA3               	goto	l1895
   412  07A1                     u2230:
   413  07A1  2FB9               	goto	l1899
   414                           	
   415  07A2                     l1893:	
   416  07A2  2FB9               	goto	l1899
   417                           	
   418  07A3                     l690:	
   419                           	
   420  07A3                     l1895:	
   421  07A3  3001               	movlw	low(01h)
   422  07A4  1283               	bcf	status, 5	;RP0=0, select bank0
   423  07A5  1303               	bcf	status, 6	;RP1=0, select bank0
   424  07A6  07AC               	addwf	(main@j),f
   425  07A7  1803               	skipnc
   426  07A8  0AAD               	incf	(main@j+1),f
   427  07A9  3000               	movlw	high(01h)
   428  07AA  07AD               	addwf	(main@j+1),f
   429                           	
   430  07AB                     l1897:	
   431  07AB  082D               	movf	(main@j+1),w
   432  07AC  3A80               	xorlw	80h
   433  07AD  00FF               	movwf	btemp+1
   434  07AE  30F5               	movlw	(high(07531h))^80h
   435  07AF  027F               	subwf	btemp+1,w
   436  07B0  1D03               	skipz
   437  07B1  2FB4               	goto	u2245
   438  07B2  3031               	movlw	low(07531h)
   439  07B3  022C               	subwf	(main@j),w
   440  07B4                     u2245:
   441                           
   442  07B4  1C03               	skipc
   443  07B5  2FB7               	goto	u2241
   444  07B6  2FB8               	goto	u2240
   445  07B7                     u2241:
   446  07B7  2FA3               	goto	l1895
   447  07B8                     u2240:
   448  07B8  2FB9               	goto	l1899
   449                           	
   450  07B9                     l691:	
   451                           	line	10
   452                           	
   453  07B9                     l1899:	
   454  07B9  3001               	movlw	low(01h)
   455  07BA  1283               	bcf	status, 5	;RP0=0, select bank0
   456  07BB  1303               	bcf	status, 6	;RP1=0, select bank0
   457  07BC  07AA               	addwf	(main@i),f
   458  07BD  1803               	skipnc
   459  07BE  0AAB               	incf	(main@i+1),f
   460  07BF  3000               	movlw	high(01h)
   461  07C0  07AB               	addwf	(main@i+1),f
   462                           	
   463  07C1                     l1901:	
   464  07C1  082B               	movf	(main@i+1),w
   465  07C2  3A80               	xorlw	80h
   466  07C3  00FF               	movwf	btemp+1
   467  07C4  3080               	movlw	(high(08h))^80h
   468  07C5  027F               	subwf	btemp+1,w
   469  07C6  1D03               	skipz
   470  07C7  2FCA               	goto	u2255
   471  07C8  3008               	movlw	low(08h)
   472  07C9  022A               	subwf	(main@i),w
   473  07CA                     u2255:
   474                           
   475  07CA  1C03               	skipc
   476  07CB  2FCD               	goto	u2251
   477  07CC  2FCE               	goto	u2250
   478  07CD                     u2251:
   479  07CD  2F81               	goto	l1885
   480  07CE                     u2250:
   481  07CE  2FCF               	goto	l1903
   482                           	
   483  07CF                     l689:	
   484                           	line	16
   485                           	
   486  07CF                     l1903:	
   487                           ;msbfix.c: 15: }
   488                           ;msbfix.c: 16: PORTB=0;
   489  07CF  1283               	bcf	status, 5	;RP0=0, select bank0
   490  07D0  1303               	bcf	status, 6	;RP1=0, select bank0
   491  07D1  0186               	clrf	(6)	;volatile
   492                           	line	17
   493                           	
   494  07D2                     l1905:	
   495                           ;msbfix.c: 17: for(j=-30000; j<=30000; j++);
   496  07D2  30D0               	movlw	low(-30000)
   497  07D3  00AC               	movwf	(main@j)
   498  07D4  308A               	movlw	high(-30000)
   499  07D5  00AD               	movwf	((main@j))+1
   500                           	
   501  07D6                     l1907:	
   502  07D6  082D               	movf	(main@j+1),w
   503  07D7  3A80               	xorlw	80h
   504  07D8  00FF               	movwf	btemp+1
   505  07D9  30F5               	movlw	(high(07531h))^80h
   506  07DA  027F               	subwf	btemp+1,w
   507  07DB  1D03               	skipz
   508  07DC  2FDF               	goto	u2265
   509  07DD  3031               	movlw	low(07531h)
   510  07DE  022C               	subwf	(main@j),w
   511  07DF                     u2265:
   512                           
   513  07DF  1C03               	skipc
   514  07E0  2FE2               	goto	u2261
   515  07E1  2FE3               	goto	u2260
   516  07E2                     u2261:
   517  07E2  2FE5               	goto	l1911
   518  07E3                     u2260:
   519  07E3  2F6C               	goto	l1877
   520                           	
   521  07E4                     l1909:	
   522  07E4  2F6C               	goto	l1877
   523                           	
   524  07E5                     l692:	
   525                           	
   526  07E5                     l1911:	
   527  07E5  3001               	movlw	low(01h)
   528  07E6  1283               	bcf	status, 5	;RP0=0, select bank0
   529  07E7  1303               	bcf	status, 6	;RP1=0, select bank0
   530  07E8  07AC               	addwf	(main@j),f
   531  07E9  1803               	skipnc
   532  07EA  0AAD               	incf	(main@j+1),f
   533  07EB  3000               	movlw	high(01h)
   534  07EC  07AD               	addwf	(main@j+1),f
   535                           	
   536  07ED                     l1913:	
   537  07ED  082D               	movf	(main@j+1),w
   538  07EE  3A80               	xorlw	80h
   539  07EF  00FF               	movwf	btemp+1
   540  07F0  30F5               	movlw	(high(07531h))^80h
   541  07F1  027F               	subwf	btemp+1,w
   542  07F2  1D03               	skipz
   543  07F3  2FF6               	goto	u2275
   544  07F4  3031               	movlw	low(07531h)
   545  07F5  022C               	subwf	(main@j),w
   546  07F6                     u2275:
   547                           
   548  07F6  1C03               	skipc
   549  07F7  2FF9               	goto	u2271
   550  07F8  2FFA               	goto	u2270
   551  07F9                     u2271:
   552  07F9  2FE5               	goto	l1911
   553  07FA                     u2270:
   554  07FA  2F6C               	goto	l1877
   555                           	
   556  07FB                     l693:	
   557  07FB  2F6C               	goto	l1877
   558                           	line	18
   559                           	
   560  07FC                     l694:	
   561                           	line	7
   562  07FC  2F6C               	goto	l1877
   563                           	
   564  07FD                     l695:	
   565                           	line	19
   566                           	
   567  07FD                     l696:	
   568                           	global	start
   569  07FD  120A  118A  2800   	ljmp	start
   570                           	opt stack 0
   571                           GLOBAL	__end_of_main
   572  0800                     	__end_of_main:
   573 ;; =============== function _main ends ============
   574                           
   575                           	signat	_main,90
   576                           psect	maintext
   577                           	global	btemp
   578  007E                     	btemp set 07Eh
   579                           
   580                           	DABS	1,126,2	;btemp
   581                           	global	wtemp0
   582  007E                     	wtemp0 set btemp


HI-TECH Software PICC Macro Assembler V9.81 build 7503 
Symbol Table                                                                                   Sat Aug 17 09:02:36 2019

                   pc 0002                    fsr 0004                   l690 07A3                   l691 07B9  
                 l692 07E5                   l693 07FB                   l694 07FC                   l695 07FD  
                 l687 076C                   l696 07FD                   l688 0781                   l689 07CF  
                 fsr0 0004                   indf 0000                  l1901 07C1                  l1911 07E5  
                l1903 07CF                  l1913 07ED                  l1905 07D2                  l1907 07D6  
                l1909 07E4                  l1881 0772                  l1873 074F                  l1891 0794  
                l1883 0780                  l1875 0756                  l1893 07A2                  l1885 0781  
                l1877 076C                  l1895 07A3                  l1887 078E                  l1879 0770  
                l1897 07AB                  l1889 0790                  l1899 07B9                  u2210 075E  
                u2220 077F                  u2221 077E                  u2230 07A1                  u2231 07A0  
                u2240 07B8                  u2241 07B7                  u2225 077B                  u2250 07CE  
                u2251 07CD                  u2235 079D                  u2260 07E3                  u2261 07E2  
                u2245 07B4                  u2270 07FA                  u2271 07F9                  u2255 07CA  
                u2265 07DF                  u2275 07F6                  _main 074F                  btemp 007E  
                start 0000                 ?_main 0070                 _PORTB 0006                 _TRISB 0086  
               main@a 0020                 main@i 002A                 main@j 002C                 pclath 000A  
               status 0003                 wtemp0 007E          __end_of_main 0800                ??_main 0070  
      __pcstackCOMMON 0070          __pidataBANK0 0724            __pmaintext 074F               main@num 0028  
end_of_initialization 074B               init_ram 0730   start_initialization 073D           __pdataBANK0 002E  
       __pcstackBANK0 0020             main@F1087 002E             init_fetch 072C         __size_of_main 00B1  
