

HI-TECH Software PIC LITE Macro Assembler V9.81 build 7503 
                                                                                               Sat Aug 17 08:50:46 2019

HI-TECH Software Omniscient Code Generator (Lite mode) build 7503
     1  0000                     opt subtitle "HI-TECH Software Omniscient Code Generator (Lite mode) build 7503"
     2                           
     3                           opt pagewidth 120
     4                           
     5                           	opt lm
     6                           
     7                           	processor	16F877A
     8                           clrc	macro
     9                           	bcf	3,0
    10  0000                     	endm
    11                           clrz	macro
    12                           	bcf	3,2
    13  0000                     	endm
    14                           setc	macro
    15                           	bsf	3,0
    16  0000                     	endm
    17                           setz	macro
    18                           	bsf	3,2
    19  0000                     	endm
    20                           skipc	macro
    21                           	btfss	3,0
    22  0000                     	endm
    23                           skipz	macro
    24                           	btfss	3,2
    25  0000                     	endm
    26                           skipnc	macro
    27                           	btfsc	3,0
    28  0000                     	endm
    29                           skipnz	macro
    30                           	btfsc	3,2
    31  0000                     	endm
    32  0000                     indf	equ	0
    33  0000                     indf0	equ	0
    34  0002                     pc	equ	2
    35  0002                     pcl	equ	2
    36  0003                     status	equ	3
    37  0004                     fsr	equ	4
    38  0004                     fsr0	equ	4
    39  0001                     c	equ	1
    40  0000                     z	equ	0
    41  000A                     pclath	equ	10
    42                           	FNROOT	_main
    43                           	global	main@F1087
    44                           psect	idataBANK0,class=CODE,space=0,delta=2
    45                           global __pidataBANK0
    46  0752                     __pidataBANK0:
    47                           	file	"C:\Users\kaVi_aBi\Desktop\New folder\embedded c\lsbcon.c"
    48                           	line	6
    49                           
    50                           ;initializer for main@F1087
    51  0752  3401               	retlw	01h
    52  0753  3402               	retlw	02h
    53  0754  3404               	retlw	04h
    54  0755  3408               	retlw	08h
    55  0756  3410               	retlw	010h
    56  0757  3420               	retlw	020h
    57  0758  3440               	retlw	040h
    58  0759  3480               	retlw	080h
    59                           	global	_PORTB
    60  0006                     _PORTB	set	6
    61                           	global	_TRISB
    62  0086                     _TRISB	set	134
    63                           	file	"led15.as"
    64                           	line	#
    65                           psect cinit,class=CODE,delta=2
    66                           global start_initialization
    67  076B                     start_initialization:
    68                           
    69                           psect	dataBANK0,class=BANK0,space=1
    70                           global __pdataBANK0
    71  002E                     __pdataBANK0:
    72                           	file	"C:\Users\kaVi_aBi\Desktop\New folder\embedded c\lsbcon.c"
    73  002E                     main@F1087:
    74  002E                            ds      8
    75                           
    76                           global btemp
    77                           psect inittext,class=CODE,delta=2
    78                           global init_fetch,btemp
    79                           ;	Called with low address in FSR and high address in W
    80  075A                     init_fetch:
    81  075A  087E               	movf btemp,w
    82  075B  008A               	movwf pclath
    83  075C  087F               	movf btemp+1,w
    84  075D  0082               	movwf pc
    85                           global init_ram
    86                           ;Called with:
    87                           ;	high address of idata address in btemp 
    88                           ;	low address of idata address in btemp+1 
    89                           ;	low address of data in FSR
    90                           ;	high address + 1 of data in btemp-1
    91  075E                     init_ram:
    92  075E  275A  120A  118A   	fcall init_fetch
    93  0761  0080               	movwf indf,f
    94  0762  0A84               	incf fsr,f
    95  0763  0804               	movf fsr,w
    96  0764  067D               	xorwf btemp-1,w
    97  0765  1903               	btfsc status,2
    98  0766  3400               	retlw 0
    99  0767  0AFF               	incf btemp+1,f
   100  0768  1903               	btfsc status,2
   101  0769  0AFE               	incf btemp,f
   102  076A  2F5E               	goto init_ram
   103                           ; Initialize objects allocated to BANK0
   104                           psect cinit,class=CODE,delta=2
   105                           global init_ram, __pidataBANK0
   106  076B  1383               	bcf	status, 7	;select IRP bank0
   107  076C  3036               	movlw low(__pdataBANK0+8)
   108  076D  00FD               	movwf btemp-1,f
   109  076E  3007               	movlw high(__pidataBANK0)
   110  076F  00FE               	movwf btemp,f
   111  0770  3052               	movlw low(__pidataBANK0)
   112  0771  00FF               	movwf btemp+1,f
   113  0772  302E               	movlw low(__pdataBANK0)
   114  0773  0084               	movwf fsr,f
   115  0774  120A  118A  275E   	fcall init_ram
              120A  118A         
   116                           psect cinit,class=CODE,delta=2
   117                           global end_of_initialization
   118                           
   119                           ;End of C runtime variable initialization code
   120                           
   121  0779                     end_of_initialization:
   122  0779  0183               clrf status
   123  077A  120A  118A  2F7D   ljmp _main	;jump to C main() function
   124                           psect	cstackCOMMON,class=COMMON,space=1
   125                           global __pcstackCOMMON
   126  0070                     __pcstackCOMMON:
   127                           	global	??_main
   128  0070                     ??_main:	; 0 bytes @ 0x0
   129                           	global	?_main
   130  0070                     ?_main:	; 2 bytes @ 0x0
   131  0070                     	ds	4
   132                           psect	cstackBANK0,class=BANK0,space=1
   133                           global __pcstackBANK0
   134  0020                     __pcstackBANK0:
   135                           	global	main@a
   136  0020                     main@a:	; 8 bytes @ 0x0
   137  0020                     	ds	8
   138                           	global	main@j
   139  0028                     main@j:	; 2 bytes @ 0x8
   140  0028                     	ds	2
   141                           	global	main@num
   142  002A                     main@num:	; 2 bytes @ 0xA
   143  002A                     	ds	2
   144                           	global	main@i
   145  002C                     main@i:	; 2 bytes @ 0xC
   146  002C                     	ds	2
   147 ;;Data sizes: Strings 0, constant 0, data 8, bss 0, persistent 0 stack 0
   148 ;;Auto spaces:   Size  Autos    Used
   149 ;; COMMON          14      4       4
   150 ;; BANK0           80     14      22
   151 ;; BANK1           80      0       0
   152 ;; BANK3           96      0       0
   153 ;; BANK2           96      0       0
   154                           
   155 ;;
   156 ;; Pointer list with targets:
   157                           
   158                           
   159                           
   160 ;;
   161 ;; Critical Paths under _main in COMMON
   162 ;;
   163 ;;   None.
   164 ;;
   165 ;; Critical Paths under _main in BANK0
   166 ;;
   167 ;;   None.
   168 ;;
   169 ;; Critical Paths under _main in BANK1
   170 ;;
   171 ;;   None.
   172 ;;
   173 ;; Critical Paths under _main in BANK3
   174 ;;
   175 ;;   None.
   176 ;;
   177 ;; Critical Paths under _main in BANK2
   178 ;;
   179 ;;   None.
   180                           
   181 ;;
   182 ;;Main: autosize = 0, tempsize = 4, incstack = 0, save=0
   183 ;;
   184                           
   185 ;;
   186 ;;Call Graph Tables:
   187 ;;
   188 ;; ---------------------------------------------------------------------------------
   189 ;; (Depth) Function   	        Calls       Base Space   Used Autos Params    Refs
   190 ;; ---------------------------------------------------------------------------------
   191 ;; (0) _main                                                18    18      0     184
   192 ;;                                              0 COMMON     4     4      0
   193 ;;                                              0 BANK0     14    14      0
   194 ;; ---------------------------------------------------------------------------------
   195 ;; Estimated maximum stack depth 0
   196 ;; ---------------------------------------------------------------------------------
   197                           
   198 ;; Call Graph Graphs:
   199                           
   200 ;; _main (ROOT)
   201 ;;
   202                           
   203 ;; Address spaces:
   204                           
   205 ;;Name               Size   Autos  Total    Cost      Usage
   206 ;;BANK3               60      0       0       9        0.0%
   207 ;;BITBANK3            60      0       0       8        0.0%
   208 ;;SFR3                 0      0       0       4        0.0%
   209 ;;BITSFR3              0      0       0       4        0.0%
   210 ;;BANK2               60      0       0      11        0.0%
   211 ;;BITBANK2            60      0       0      10        0.0%
   212 ;;SFR2                 0      0       0       5        0.0%
   213 ;;BITSFR2              0      0       0       5        0.0%
   214 ;;SFR1                 0      0       0       2        0.0%
   215 ;;BITSFR1              0      0       0       2        0.0%
   216 ;;BANK1               50      0       0       7        0.0%
   217 ;;BITBANK1            50      0       0       6        0.0%
   218 ;;CODE                 0      0       0       0        0.0%
   219 ;;DATA                 0      0      1A      12        0.0%
   220 ;;ABS                  0      0      1A       3        0.0%
   221 ;;NULL                 0      0       0       0        0.0%
   222 ;;STACK                0      0       0       2        0.0%
   223 ;;BANK0               50      E      16       5       27.5%
   224 ;;BITBANK0            50      0       0       4        0.0%
   225 ;;SFR0                 0      0       0       1        0.0%
   226 ;;BITSFR0              0      0       0       1        0.0%
   227 ;;COMMON               E      4       4       1       28.6%
   228 ;;BITCOMMON            E      0       0       0        0.0%
   229 ;;EEDATA             100      0       0       0        0.0%
   230                           
   231                           	global	_main
   232                           psect	maintext,global,class=CODE,delta=2
   233                           global __pmaintext
   234  077D                     __pmaintext:
   235                           
   236 ;; *************** function _main *****************
   237 ;; Defined at:
   238 ;;		line 3 in file "C:\Users\kaVi_aBi\Desktop\New folder\embedded c\lsbcon.c"
   239 ;; Parameters:    Size  Location     Type
   240 ;;		None
   241 ;; Auto vars:     Size  Location     Type
   242 ;;  a               8    0[BANK0 ] unsigned char [8]
   243 ;;  i               2   12[BANK0 ] int 
   244 ;;  num             2   10[BANK0 ] int 
   245 ;;  j               2    8[BANK0 ] int 
   246 ;; Return value:  Size  Location     Type
   247 ;;                  2  684[COMMON] int 
   248 ;; Registers used:
   249 ;;		wreg, fsr0l, fsr0h, status,2, status,0, btemp+1
   250 ;; Tracked objects:
   251 ;;		On entry : 17F/0
   252 ;;		On exit  : 0/0
   253 ;;		Unchanged: 0/0
   254 ;; Data sizes:     COMMON   BANK0   BANK1   BANK3   BANK2
   255 ;;      Params:         0       0       0       0       0
   256 ;;      Locals:         0      14       0       0       0
   257 ;;      Temps:          4       0       0       0       0
   258 ;;      Totals:         4      14       0       0       0
   259 ;;Total ram usage:       18 bytes
   260 ;; This function calls:
   261 ;;		Nothing
   262 ;; This function is called by:
   263 ;;		Startup code after reset
   264 ;; This function uses a non-reentrant model
   265 ;;
   266                           psect	maintext
   267                           	file	"C:\Users\kaVi_aBi\Desktop\New folder\embedded c\lsbcon.c"
   268                           	line	3
   269                           	global	__size_of_main
   270  0083                     	__size_of_main	equ	__end_of_main-_main
   271                           	
   272  077D                     _main:	
   273                           	opt	stack 8
   274                           ; Regs used in _main: [wreg-fsr0h+status,2+status,0+btemp+1]
   275                           	line	4
   276                           	
   277  077D                     l1857:	
   278                           ;lsbcon.c: 4: int i,j,num=0X00;
   279  077D  1283               	bcf	status, 5	;RP0=0, select bank0
   280  077E  1303               	bcf	status, 6	;RP1=0, select bank0
   281  077F  01AA               	clrf	(main@num)
   282  0780  01AB               	clrf	(main@num+1)
   283                           	line	5
   284                           ;lsbcon.c: 5: TRISB = 0;
   285  0781  1683               	bsf	status, 5	;RP0=1, select bank1
   286  0782  1303               	bcf	status, 6	;RP1=0, select bank1
   287  0783  0186               	clrf	(134)^080h	;volatile
   288                           	line	6
   289                           	
   290  0784                     l1859:	
   291                           ;lsbcon.c: 6: char a[] = {0X01,0X02,0X04,0X08,0X10,0X20,0X40,0X80};
   292  0784  3020               	movlw	(main@a)&0ffh
   293  0785  0084               	movwf	fsr0
   294  0786  302E               	movlw	low(main@F1087)
   295  0787  00F0               	movwf	(??_main+0)+0
   296  0788  0804               	movf	fsr0,w
   297  0789  00F1               	movwf	((??_main+0)+0+1)
   298  078A  3008               	movlw	8
   299  078B  00F2               	movwf	((??_main+0)+0+2)
   300  078C                     u2190:
   301  078C  0870               	movf	(??_main+0)+0,w
   302  078D  0084               	movwf	fsr0
   303  078E  1383               	bcf	status, 7	;select IRP bank0
   304                           	
   305  078F  0800               	movf	indf,w
   306  0790  00F3               	movwf	((??_main+0)+0+3)
   307  0791  0AF0               	incf	(??_main+0)+0,f
   308  0792  0871               	movf	((??_main+0)+0+1),w
   309  0793  0084               	movwf	fsr0
   310                           	
   311  0794  0873               	movf	((??_main+0)+0+3),w
   312  0795  0080               	movwf	indf
   313  0796  0AF1               	incf	((??_main+0)+0+1),f
   314  0797  0BF2               	decfsz	((??_main+0)+0+2),f
   315  0798  2F8C               	goto	u2190
   316  0799  2F9A               	goto	l1861
   317                           	line	7
   318                           ;lsbcon.c: 7: while(1)
   319                           	
   320  079A                     l687:	
   321                           	line	9
   322                           	
   323  079A                     l1861:	
   324                           ;lsbcon.c: 8: {
   325                           ;lsbcon.c: 9: for(i=0; i<8; i++)
   326  079A  1283               	bcf	status, 5	;RP0=0, select bank0
   327  079B  1303               	bcf	status, 6	;RP1=0, select bank0
   328  079C  01AC               	clrf	(main@i)
   329  079D  01AD               	clrf	(main@i+1)
   330                           	
   331  079E                     l1863:	
   332  079E  082D               	movf	(main@i+1),w
   333  079F  3A80               	xorlw	80h
   334  07A0  00FF               	movwf	btemp+1
   335  07A1  3080               	movlw	(high(08h))^80h
   336  07A2  027F               	subwf	btemp+1,w
   337  07A3  1D03               	skipz
   338  07A4  2FA7               	goto	u2205
   339  07A5  3008               	movlw	low(08h)
   340  07A6  022C               	subwf	(main@i),w
   341  07A7                     u2205:
   342                           
   343  07A7  1C03               	skipc
   344  07A8  2FAA               	goto	u2201
   345  07A9  2FAB               	goto	u2200
   346  07AA                     u2201:
   347  07AA  2FAD               	goto	l1867
   348  07AB                     u2200:
   349  07AB  2F9A               	goto	l1861
   350                           	
   351  07AC                     l1865:	
   352  07AC  2F9A               	goto	l1861
   353                           	line	10
   354                           	
   355  07AD                     l688:	
   356                           	line	11
   357                           	
   358  07AD                     l1867:	
   359                           ;lsbcon.c: 10: {
   360                           ;lsbcon.c: 11: num=a[i]+num;
   361  07AD  1283               	bcf	status, 5	;RP0=0, select bank0
   362  07AE  1303               	bcf	status, 6	;RP1=0, select bank0
   363  07AF  082C               	movf	(main@i),w
   364  07B0  3E20               	addlw	main@a&0ffh
   365  07B1  0084               	movwf	fsr0
   366  07B2  1383               	bcf	status, 7	;select IRP bank0
   367  07B3  0800               	movf	indf,w
   368  07B4  072A               	addwf	(main@num),w
   369  07B5  00AA               	movwf	(main@num)
   370  07B6  082B               	movf	(main@num+1),w
   371  07B7  1803               	skipnc
   372  07B8  0A2B               	incf	(main@num+1),w
   373  07B9  00AB               	movwf	((main@num))+1
   374                           	line	12
   375                           	
   376  07BA                     l1869:	
   377                           ;lsbcon.c: 12: PORTB=num;
   378  07BA  082A               	movf	(main@num),w
   379  07BB  0086               	movwf	(6)	;volatile
   380                           	line	13
   381                           	
   382  07BC                     l1871:	
   383                           ;lsbcon.c: 13: for(j=-30000; j<=30000; j++);
   384  07BC  30D0               	movlw	low(-30000)
   385  07BD  00A8               	movwf	(main@j)
   386  07BE  308A               	movlw	high(-30000)
   387  07BF  00A9               	movwf	((main@j))+1
   388                           	
   389  07C0                     l1873:	
   390  07C0  0829               	movf	(main@j+1),w
   391  07C1  3A80               	xorlw	80h
   392  07C2  00FF               	movwf	btemp+1
   393  07C3  30F5               	movlw	(high(07531h))^80h
   394  07C4  027F               	subwf	btemp+1,w
   395  07C5  1D03               	skipz
   396  07C6  2FC9               	goto	u2215
   397  07C7  3031               	movlw	low(07531h)
   398  07C8  0228               	subwf	(main@j),w
   399  07C9                     u2215:
   400                           
   401  07C9  1C03               	skipc
   402  07CA  2FCC               	goto	u2211
   403  07CB  2FCD               	goto	u2210
   404  07CC                     u2211:
   405  07CC  2FCF               	goto	l1877
   406  07CD                     u2210:
   407  07CD  2FE5               	goto	l1881
   408                           	
   409  07CE                     l1875:	
   410  07CE  2FE5               	goto	l1881
   411                           	
   412  07CF                     l690:	
   413                           	
   414  07CF                     l1877:	
   415  07CF  3001               	movlw	low(01h)
   416  07D0  1283               	bcf	status, 5	;RP0=0, select bank0
   417  07D1  1303               	bcf	status, 6	;RP1=0, select bank0
   418  07D2  07A8               	addwf	(main@j),f
   419  07D3  1803               	skipnc
   420  07D4  0AA9               	incf	(main@j+1),f
   421  07D5  3000               	movlw	high(01h)
   422  07D6  07A9               	addwf	(main@j+1),f
   423                           	
   424  07D7                     l1879:	
   425  07D7  0829               	movf	(main@j+1),w
   426  07D8  3A80               	xorlw	80h
   427  07D9  00FF               	movwf	btemp+1
   428  07DA  30F5               	movlw	(high(07531h))^80h
   429  07DB  027F               	subwf	btemp+1,w
   430  07DC  1D03               	skipz
   431  07DD  2FE0               	goto	u2225
   432  07DE  3031               	movlw	low(07531h)
   433  07DF  0228               	subwf	(main@j),w
   434  07E0                     u2225:
   435                           
   436  07E0  1C03               	skipc
   437  07E1  2FE3               	goto	u2221
   438  07E2  2FE4               	goto	u2220
   439  07E3                     u2221:
   440  07E3  2FCF               	goto	l1877
   441  07E4                     u2220:
   442  07E4  2FE5               	goto	l1881
   443                           	
   444  07E5                     l691:	
   445                           	line	9
   446                           	
   447  07E5                     l1881:	
   448  07E5  3001               	movlw	low(01h)
   449  07E6  1283               	bcf	status, 5	;RP0=0, select bank0
   450  07E7  1303               	bcf	status, 6	;RP1=0, select bank0
   451  07E8  07AC               	addwf	(main@i),f
   452  07E9  1803               	skipnc
   453  07EA  0AAD               	incf	(main@i+1),f
   454  07EB  3000               	movlw	high(01h)
   455  07EC  07AD               	addwf	(main@i+1),f
   456                           	
   457  07ED                     l1883:	
   458  07ED  082D               	movf	(main@i+1),w
   459  07EE  3A80               	xorlw	80h
   460  07EF  00FF               	movwf	btemp+1
   461  07F0  3080               	movlw	(high(08h))^80h
   462  07F1  027F               	subwf	btemp+1,w
   463  07F2  1D03               	skipz
   464  07F3  2FF6               	goto	u2235
   465  07F4  3008               	movlw	low(08h)
   466  07F5  022C               	subwf	(main@i),w
   467  07F6                     u2235:
   468                           
   469  07F6  1C03               	skipc
   470  07F7  2FF9               	goto	u2231
   471  07F8  2FFA               	goto	u2230
   472  07F9                     u2231:
   473  07F9  2FAD               	goto	l1867
   474  07FA                     u2230:
   475  07FA  2F9A               	goto	l1861
   476                           	
   477  07FB                     l689:	
   478  07FB  2F9A               	goto	l1861
   479                           	line	15
   480                           	
   481  07FC                     l692:	
   482                           	line	7
   483  07FC  2F9A               	goto	l1861
   484                           	
   485  07FD                     l693:	
   486                           	line	16
   487                           	
   488  07FD                     l694:	
   489                           	global	start
   490  07FD  120A  118A  2800   	ljmp	start
   491                           	opt stack 0
   492                           GLOBAL	__end_of_main
   493  0800                     	__end_of_main:
   494 ;; =============== function _main ends ============
   495                           
   496                           	signat	_main,90
   497                           psect	maintext
   498                           	global	btemp
   499  007E                     	btemp set 07Eh
   500                           
   501                           	DABS	1,126,2	;btemp
   502                           	global	wtemp0
   503  007E                     	wtemp0 set btemp


HI-TECH Software PICC Macro Assembler V9.81 build 7503 
Symbol Table                                                                                   Sat Aug 17 08:50:46 2019

                   pc 0002                    fsr 0004                   l690 07CF                   l691 07E5  
                 l692 07FC                   l693 07FD                   l694 07FD                   l687 079A  
                 l688 07AD                   l689 07FB                   fsr0 0004                   indf 0000  
                l1861 079A                  l1871 07BC                  l1863 079E                  l1881 07E5  
                l1873 07C0                  l1865 07AC                  l1857 077D                  l1883 07ED  
                l1875 07CE                  l1867 07AD                  l1859 0784                  l1877 07CF  
                l1869 07BA                  l1879 07D7                  u2200 07AB                  u2201 07AA  
                u2210 07CD                  u2211 07CC                  u2220 07E4                  u2221 07E3  
                u2205 07A7                  u2230 07FA                  u2231 07F9                  u2215 07C9  
                u2225 07E0                  u2235 07F6                  u2190 078C                  _main 077D  
                btemp 007E                  start 0000                 ?_main 0070                 _PORTB 0006  
               _TRISB 0086                 main@a 0020                 main@i 002C                 main@j 0028  
               pclath 000A                 status 0003                 wtemp0 007E          __end_of_main 0800  
              ??_main 0070        __pcstackCOMMON 0070          __pidataBANK0 0752            __pmaintext 077D  
             main@num 002A  end_of_initialization 0779               init_ram 075E   start_initialization 076B  
         __pdataBANK0 002E         __pcstackBANK0 0020             main@F1087 002E             init_fetch 075A  
       __size_of_main 0083  
