

HI-TECH Software PIC LITE Macro Assembler V9.81 build 7503 
                                                                                               Sat Aug 17 13:10:41 2019

HI-TECH Software Omniscient Code Generator (Lite mode) build 7503
     1  0000                     opt subtitle "HI-TECH Software Omniscient Code Generator (Lite mode) build 7503"
     2                           
     3                           opt pagewidth 120
     4                           
     5                           	opt lm
     6                           
     7                           	processor	16F877A
     8                           clrc	macro
     9                           	bcf	3,0
    10  0000                     	endm
    11                           clrz	macro
    12                           	bcf	3,2
    13  0000                     	endm
    14                           setc	macro
    15                           	bsf	3,0
    16  0000                     	endm
    17                           setz	macro
    18                           	bsf	3,2
    19  0000                     	endm
    20                           skipc	macro
    21                           	btfss	3,0
    22  0000                     	endm
    23                           skipz	macro
    24                           	btfss	3,2
    25  0000                     	endm
    26                           skipnc	macro
    27                           	btfsc	3,0
    28  0000                     	endm
    29                           skipnz	macro
    30                           	btfsc	3,2
    31  0000                     	endm
    32  0000                     indf	equ	0
    33  0000                     indf0	equ	0
    34  0002                     pc	equ	2
    35  0002                     pcl	equ	2
    36  0003                     status	equ	3
    37  0004                     fsr	equ	4
    38  0004                     fsr0	equ	4
    39  0001                     c	equ	1
    40  0000                     z	equ	0
    41  000A                     pclath	equ	10
    42                           	FNROOT	_main
    43                           	global	main@F1084
    44                           psect	idataBANK0,class=CODE,space=0,delta=2
    45                           global __pidataBANK0
    46  0723                     __pidataBANK0:
    47                           	file	"C:\Users\kaVi_aBi\Desktop\New folder\embedded c\led1.c"
    48                           	line	5
    49                           
    50                           ;initializer for main@F1084
    51  0723  3401               	retlw	01h
    52  0724  3402               	retlw	02h
    53  0725  3404               	retlw	04h
    54  0726  3408               	retlw	08h
    55  0727  3410               	retlw	010h
    56  0728  3420               	retlw	020h
    57  0729  3440               	retlw	040h
    58  072A  3480               	retlw	080h
    59                           	global	_PORTB
    60  0006                     _PORTB	set	6
    61                           	global	_TRISB
    62  0086                     _TRISB	set	134
    63                           	file	"led20.as"
    64                           	line	#
    65                           psect cinit,class=CODE,delta=2
    66                           global start_initialization
    67  073C                     start_initialization:
    68                           
    69                           psect	dataBANK0,class=BANK0,space=1
    70                           global __pdataBANK0
    71  002E                     __pdataBANK0:
    72                           	file	"C:\Users\kaVi_aBi\Desktop\New folder\embedded c\led1.c"
    73  002E                     main@F1084:
    74  002E                            ds      8
    75                           
    76                           global btemp
    77                           psect inittext,class=CODE,delta=2
    78                           global init_fetch,btemp
    79                           ;	Called with low address in FSR and high address in W
    80  072B                     init_fetch:
    81  072B  087E               	movf btemp,w
    82  072C  008A               	movwf pclath
    83  072D  087F               	movf btemp+1,w
    84  072E  0082               	movwf pc
    85                           global init_ram
    86                           ;Called with:
    87                           ;	high address of idata address in btemp 
    88                           ;	low address of idata address in btemp+1 
    89                           ;	low address of data in FSR
    90                           ;	high address + 1 of data in btemp-1
    91  072F                     init_ram:
    92  072F  272B  120A  118A   	fcall init_fetch
    93  0732  0080               	movwf indf,f
    94  0733  0A84               	incf fsr,f
    95  0734  0804               	movf fsr,w
    96  0735  067D               	xorwf btemp-1,w
    97  0736  1903               	btfsc status,2
    98  0737  3400               	retlw 0
    99  0738  0AFF               	incf btemp+1,f
   100  0739  1903               	btfsc status,2
   101  073A  0AFE               	incf btemp,f
   102  073B  2F2F               	goto init_ram
   103                           ; Initialize objects allocated to BANK0
   104                           psect cinit,class=CODE,delta=2
   105                           global init_ram, __pidataBANK0
   106  073C  1383               	bcf	status, 7	;select IRP bank0
   107  073D  3036               	movlw low(__pdataBANK0+8)
   108  073E  00FD               	movwf btemp-1,f
   109  073F  3007               	movlw high(__pidataBANK0)
   110  0740  00FE               	movwf btemp,f
   111  0741  3023               	movlw low(__pidataBANK0)
   112  0742  00FF               	movwf btemp+1,f
   113  0743  302E               	movlw low(__pdataBANK0)
   114  0744  0084               	movwf fsr,f
   115  0745  120A  118A  272F   	fcall init_ram
              120A  118A         
   116                           psect cinit,class=CODE,delta=2
   117                           global end_of_initialization
   118                           
   119                           ;End of C runtime variable initialization code
   120                           
   121  074A                     end_of_initialization:
   122  074A  0183               clrf status
   123  074B  120A  118A  2F4E   ljmp _main	;jump to C main() function
   124                           psect	cstackCOMMON,class=COMMON,space=1
   125                           global __pcstackCOMMON
   126  0070                     __pcstackCOMMON:
   127                           	global	??_main
   128  0070                     ??_main:	; 0 bytes @ 0x0
   129                           	global	?_main
   130  0070                     ?_main:	; 2 bytes @ 0x0
   131  0070                     	ds	4
   132                           psect	cstackBANK0,class=BANK0,space=1
   133                           global __pcstackBANK0
   134  0020                     __pcstackBANK0:
   135                           	global	main@a
   136  0020                     main@a:	; 8 bytes @ 0x0
   137  0020                     	ds	8
   138                           	global	main@nu
   139  0028                     main@nu:	; 2 bytes @ 0x8
   140  0028                     	ds	2
   141                           	global	main@i
   142  002A                     main@i:	; 2 bytes @ 0xA
   143  002A                     	ds	2
   144                           	global	main@j
   145  002C                     main@j:	; 2 bytes @ 0xC
   146  002C                     	ds	2
   147 ;;Data sizes: Strings 0, constant 0, data 8, bss 0, persistent 0 stack 0
   148 ;;Auto spaces:   Size  Autos    Used
   149 ;; COMMON          14      4       4
   150 ;; BANK0           80     14      22
   151 ;; BANK1           80      0       0
   152 ;; BANK3           96      0       0
   153 ;; BANK2           96      0       0
   154                           
   155 ;;
   156 ;; Pointer list with targets:
   157                           
   158                           
   159                           
   160 ;;
   161 ;; Critical Paths under _main in COMMON
   162 ;;
   163 ;;   None.
   164 ;;
   165 ;; Critical Paths under _main in BANK0
   166 ;;
   167 ;;   None.
   168 ;;
   169 ;; Critical Paths under _main in BANK1
   170 ;;
   171 ;;   None.
   172 ;;
   173 ;; Critical Paths under _main in BANK3
   174 ;;
   175 ;;   None.
   176 ;;
   177 ;; Critical Paths under _main in BANK2
   178 ;;
   179 ;;   None.
   180                           
   181 ;;
   182 ;;Main: autosize = 0, tempsize = 4, incstack = 0, save=0
   183 ;;
   184                           
   185 ;;
   186 ;;Call Graph Tables:
   187 ;;
   188 ;; ---------------------------------------------------------------------------------
   189 ;; (Depth) Function   	        Calls       Base Space   Used Autos Params    Refs
   190 ;; ---------------------------------------------------------------------------------
   191 ;; (0) _main                                                18    18      0     252
   192 ;;                                              0 COMMON     4     4      0
   193 ;;                                              0 BANK0     14    14      0
   194 ;; ---------------------------------------------------------------------------------
   195 ;; Estimated maximum stack depth 0
   196 ;; ---------------------------------------------------------------------------------
   197                           
   198 ;; Call Graph Graphs:
   199                           
   200 ;; _main (ROOT)
   201 ;;
   202                           
   203 ;; Address spaces:
   204                           
   205 ;;Name               Size   Autos  Total    Cost      Usage
   206 ;;BANK3               60      0       0       9        0.0%
   207 ;;BITBANK3            60      0       0       8        0.0%
   208 ;;SFR3                 0      0       0       4        0.0%
   209 ;;BITSFR3              0      0       0       4        0.0%
   210 ;;BANK2               60      0       0      11        0.0%
   211 ;;BITBANK2            60      0       0      10        0.0%
   212 ;;SFR2                 0      0       0       5        0.0%
   213 ;;BITSFR2              0      0       0       5        0.0%
   214 ;;SFR1                 0      0       0       2        0.0%
   215 ;;BITSFR1              0      0       0       2        0.0%
   216 ;;BANK1               50      0       0       7        0.0%
   217 ;;BITBANK1            50      0       0       6        0.0%
   218 ;;CODE                 0      0       0       0        0.0%
   219 ;;DATA                 0      0      1A      12        0.0%
   220 ;;ABS                  0      0      1A       3        0.0%
   221 ;;NULL                 0      0       0       0        0.0%
   222 ;;STACK                0      0       0       2        0.0%
   223 ;;BANK0               50      E      16       5       27.5%
   224 ;;BITBANK0            50      0       0       4        0.0%
   225 ;;SFR0                 0      0       0       1        0.0%
   226 ;;BITSFR0              0      0       0       1        0.0%
   227 ;;COMMON               E      4       4       1       28.6%
   228 ;;BITCOMMON            E      0       0       0        0.0%
   229 ;;EEDATA             100      0       0       0        0.0%
   230                           
   231                           	global	_main
   232                           psect	maintext,global,class=CODE,delta=2
   233                           global __pmaintext
   234  074E                     __pmaintext:
   235                           
   236 ;; *************** function _main *****************
   237 ;; Defined at:
   238 ;;		line 3 in file "C:\Users\kaVi_aBi\Desktop\New folder\embedded c\led1.c"
   239 ;; Parameters:    Size  Location     Type
   240 ;;		None
   241 ;; Auto vars:     Size  Location     Type
   242 ;;  a               8    0[BANK0 ] unsigned char [8]
   243 ;;  j               2   12[BANK0 ] int 
   244 ;;  i               2   10[BANK0 ] int 
   245 ;;  nu              2    8[BANK0 ] int 
   246 ;; Return value:  Size  Location     Type
   247 ;;                  2  684[COMMON] int 
   248 ;; Registers used:
   249 ;;		wreg, fsr0l, fsr0h, status,2, status,0, btemp+1
   250 ;; Tracked objects:
   251 ;;		On entry : 17F/0
   252 ;;		On exit  : 0/0
   253 ;;		Unchanged: 0/0
   254 ;; Data sizes:     COMMON   BANK0   BANK1   BANK3   BANK2
   255 ;;      Params:         0       0       0       0       0
   256 ;;      Locals:         0      14       0       0       0
   257 ;;      Temps:          4       0       0       0       0
   258 ;;      Totals:         4      14       0       0       0
   259 ;;Total ram usage:       18 bytes
   260 ;; This function calls:
   261 ;;		Nothing
   262 ;; This function is called by:
   263 ;;		Startup code after reset
   264 ;; This function uses a non-reentrant model
   265 ;;
   266                           psect	maintext
   267                           	file	"C:\Users\kaVi_aBi\Desktop\New folder\embedded c\led1.c"
   268                           	line	3
   269                           	global	__size_of_main
   270  00B2                     	__size_of_main	equ	__end_of_main-_main
   271                           	
   272  074E                     _main:	
   273                           	opt	stack 8
   274                           ; Regs used in _main: [wreg-fsr0h+status,2+status,0+btemp+1]
   275                           	line	4
   276                           	
   277  074E                     l1871:	
   278                           ;led1.c: 4: TRISB = 0;
   279  074E  1683               	bsf	status, 5	;RP0=1, select bank1
   280  074F  1303               	bcf	status, 6	;RP1=0, select bank1
   281  0750  0186               	clrf	(134)^080h	;volatile
   282                           	line	5
   283                           	
   284  0751                     l1873:	
   285                           ;led1.c: 5: char a[] = {0X01,0X02,0X04,0X08,0X10,0X20,0X40,0X80};
   286  0751  3020               	movlw	(main@a)&0ffh
   287  0752  0084               	movwf	fsr0
   288  0753  302E               	movlw	low(main@F1084)
   289  0754  00F0               	movwf	(??_main+0)+0
   290  0755  0804               	movf	fsr0,w
   291  0756  00F1               	movwf	((??_main+0)+0+1)
   292  0757  3008               	movlw	8
   293  0758  00F2               	movwf	((??_main+0)+0+2)
   294  0759                     u2210:
   295  0759  0870               	movf	(??_main+0)+0,w
   296  075A  0084               	movwf	fsr0
   297  075B  1383               	bcf	status, 7	;select IRP bank0
   298                           	
   299  075C  0800               	movf	indf,w
   300  075D  00F3               	movwf	((??_main+0)+0+3)
   301  075E  0AF0               	incf	(??_main+0)+0,f
   302  075F  0871               	movf	((??_main+0)+0+1),w
   303  0760  0084               	movwf	fsr0
   304                           	
   305  0761  0873               	movf	((??_main+0)+0+3),w
   306  0762  0080               	movwf	indf
   307  0763  0AF1               	incf	((??_main+0)+0+1),f
   308  0764  0BF2               	decfsz	((??_main+0)+0+2),f
   309  0765  2F59               	goto	u2210
   310  0766  2F67               	goto	l1875
   311                           	line	7
   312                           ;led1.c: 6: int i,j,nu;
   313                           ;led1.c: 7: while(1)
   314                           	
   315  0767                     l687:	
   316                           	line	9
   317                           	
   318  0767                     l1875:	
   319                           ;led1.c: 8: {
   320                           ;led1.c: 9: for(i=0; i<4; i++)
   321  0767  1283               	bcf	status, 5	;RP0=0, select bank0
   322  0768  1303               	bcf	status, 6	;RP1=0, select bank0
   323  0769  01AA               	clrf	(main@i)
   324  076A  01AB               	clrf	(main@i+1)
   325                           	
   326  076B                     l1877:	
   327  076B  082B               	movf	(main@i+1),w
   328  076C  3A80               	xorlw	80h
   329  076D  00FF               	movwf	btemp+1
   330  076E  3080               	movlw	(high(04h))^80h
   331  076F  027F               	subwf	btemp+1,w
   332  0770  1D03               	skipz
   333  0771  2F74               	goto	u2225
   334  0772  3004               	movlw	low(04h)
   335  0773  022A               	subwf	(main@i),w
   336  0774                     u2225:
   337                           
   338  0774  1C03               	skipc
   339  0775  2F77               	goto	u2221
   340  0776  2F78               	goto	u2220
   341  0777                     u2221:
   342  0777  2F7A               	goto	l1881
   343  0778                     u2220:
   344  0778  2FCF               	goto	l1899
   345                           	
   346  0779                     l1879:	
   347  0779  2FCF               	goto	l1899
   348                           	line	10
   349                           	
   350  077A                     l688:	
   351                           	line	11
   352                           	
   353  077A                     l1881:	
   354                           ;led1.c: 10: {
   355                           ;led1.c: 11: nu=a[i]+a[(8-(i+1))];
   356  077A  1283               	bcf	status, 5	;RP0=0, select bank0
   357  077B  1303               	bcf	status, 6	;RP1=0, select bank0
   358  077C  082A               	movf	(main@i),w
   359  077D  3E01               	addlw	01h
   360  077E  3AFF               	xorlw	0ffh
   361  077F  3E01               	addlw	1
   362  0780  3E08               	addlw	08h
   363  0781  3E20               	addlw	main@a&0ffh
   364  0782  0084               	movwf	fsr
   365  0783  1383               	bcf	status, 7	;select IRP bank0
   366  0784  0800               	movf	indf,w
   367  0785  00F0               	movwf	(??_main+0)+0
   368  0786  082A               	movf	(main@i),w
   369  0787  3E20               	addlw	main@a&0ffh
   370  0788  0084               	movwf	fsr0
   371  0789  0800               	movf	indf,w
   372  078A  0770               	addwf	(??_main+0)+0,w
   373  078B  00A8               	movwf	(main@nu)
   374  078C  01A9               	clrf	(main@nu)+1
   375  078D  0DA9               	rlf	1+(main@nu),f
   376                           	
   377                           	line	12
   378                           	
   379  078E                     l1883:	
   380                           ;led1.c: 12: PORTB = nu;
   381  078E  0828               	movf	(main@nu),w
   382  078F  0086               	movwf	(6)	;volatile
   383                           	line	13
   384                           	
   385  0790                     l1885:	
   386                           ;led1.c: 13: for(j=-30000; j<=30000; j++);
   387  0790  30D0               	movlw	low(-30000)
   388  0791  00AC               	movwf	(main@j)
   389  0792  308A               	movlw	high(-30000)
   390  0793  00AD               	movwf	((main@j))+1
   391                           	
   392  0794                     l1887:	
   393  0794  082D               	movf	(main@j+1),w
   394  0795  3A80               	xorlw	80h
   395  0796  00FF               	movwf	btemp+1
   396  0797  30F5               	movlw	(high(07531h))^80h
   397  0798  027F               	subwf	btemp+1,w
   398  0799  1D03               	skipz
   399  079A  2F9D               	goto	u2235
   400  079B  3031               	movlw	low(07531h)
   401  079C  022C               	subwf	(main@j),w
   402  079D                     u2235:
   403                           
   404  079D  1C03               	skipc
   405  079E  2FA0               	goto	u2231
   406  079F  2FA1               	goto	u2230
   407  07A0                     u2231:
   408  07A0  2FA3               	goto	l1891
   409  07A1                     u2230:
   410  07A1  2FB9               	goto	l1895
   411                           	
   412  07A2                     l1889:	
   413  07A2  2FB9               	goto	l1895
   414                           	
   415  07A3                     l690:	
   416                           	
   417  07A3                     l1891:	
   418  07A3  3001               	movlw	low(01h)
   419  07A4  1283               	bcf	status, 5	;RP0=0, select bank0
   420  07A5  1303               	bcf	status, 6	;RP1=0, select bank0
   421  07A6  07AC               	addwf	(main@j),f
   422  07A7  1803               	skipnc
   423  07A8  0AAD               	incf	(main@j+1),f
   424  07A9  3000               	movlw	high(01h)
   425  07AA  07AD               	addwf	(main@j+1),f
   426                           	
   427  07AB                     l1893:	
   428  07AB  082D               	movf	(main@j+1),w
   429  07AC  3A80               	xorlw	80h
   430  07AD  00FF               	movwf	btemp+1
   431  07AE  30F5               	movlw	(high(07531h))^80h
   432  07AF  027F               	subwf	btemp+1,w
   433  07B0  1D03               	skipz
   434  07B1  2FB4               	goto	u2245
   435  07B2  3031               	movlw	low(07531h)
   436  07B3  022C               	subwf	(main@j),w
   437  07B4                     u2245:
   438                           
   439  07B4  1C03               	skipc
   440  07B5  2FB7               	goto	u2241
   441  07B6  2FB8               	goto	u2240
   442  07B7                     u2241:
   443  07B7  2FA3               	goto	l1891
   444  07B8                     u2240:
   445  07B8  2FB9               	goto	l1895
   446                           	
   447  07B9                     l691:	
   448                           	line	9
   449                           	
   450  07B9                     l1895:	
   451  07B9  3001               	movlw	low(01h)
   452  07BA  1283               	bcf	status, 5	;RP0=0, select bank0
   453  07BB  1303               	bcf	status, 6	;RP1=0, select bank0
   454  07BC  07AA               	addwf	(main@i),f
   455  07BD  1803               	skipnc
   456  07BE  0AAB               	incf	(main@i+1),f
   457  07BF  3000               	movlw	high(01h)
   458  07C0  07AB               	addwf	(main@i+1),f
   459                           	
   460  07C1                     l1897:	
   461  07C1  082B               	movf	(main@i+1),w
   462  07C2  3A80               	xorlw	80h
   463  07C3  00FF               	movwf	btemp+1
   464  07C4  3080               	movlw	(high(04h))^80h
   465  07C5  027F               	subwf	btemp+1,w
   466  07C6  1D03               	skipz
   467  07C7  2FCA               	goto	u2255
   468  07C8  3004               	movlw	low(04h)
   469  07C9  022A               	subwf	(main@i),w
   470  07CA                     u2255:
   471                           
   472  07CA  1C03               	skipc
   473  07CB  2FCD               	goto	u2251
   474  07CC  2FCE               	goto	u2250
   475  07CD                     u2251:
   476  07CD  2F7A               	goto	l1881
   477  07CE                     u2250:
   478  07CE  2FCF               	goto	l1899
   479                           	
   480  07CF                     l689:	
   481                           	line	15
   482                           	
   483  07CF                     l1899:	
   484                           ;led1.c: 14: }
   485                           ;led1.c: 15: PORTB=0;
   486  07CF  1283               	bcf	status, 5	;RP0=0, select bank0
   487  07D0  1303               	bcf	status, 6	;RP1=0, select bank0
   488  07D1  0186               	clrf	(6)	;volatile
   489                           	line	16
   490                           	
   491  07D2                     l1901:	
   492                           ;led1.c: 16: for(j=-30000; j<=30000; j++);
   493  07D2  30D0               	movlw	low(-30000)
   494  07D3  00AC               	movwf	(main@j)
   495  07D4  308A               	movlw	high(-30000)
   496  07D5  00AD               	movwf	((main@j))+1
   497                           	
   498  07D6                     l1903:	
   499  07D6  082D               	movf	(main@j+1),w
   500  07D7  3A80               	xorlw	80h
   501  07D8  00FF               	movwf	btemp+1
   502  07D9  30F5               	movlw	(high(07531h))^80h
   503  07DA  027F               	subwf	btemp+1,w
   504  07DB  1D03               	skipz
   505  07DC  2FDF               	goto	u2265
   506  07DD  3031               	movlw	low(07531h)
   507  07DE  022C               	subwf	(main@j),w
   508  07DF                     u2265:
   509                           
   510  07DF  1C03               	skipc
   511  07E0  2FE2               	goto	u2261
   512  07E1  2FE3               	goto	u2260
   513  07E2                     u2261:
   514  07E2  2FE5               	goto	l1907
   515  07E3                     u2260:
   516  07E3  2F67               	goto	l1875
   517                           	
   518  07E4                     l1905:	
   519  07E4  2F67               	goto	l1875
   520                           	
   521  07E5                     l692:	
   522                           	
   523  07E5                     l1907:	
   524  07E5  3001               	movlw	low(01h)
   525  07E6  1283               	bcf	status, 5	;RP0=0, select bank0
   526  07E7  1303               	bcf	status, 6	;RP1=0, select bank0
   527  07E8  07AC               	addwf	(main@j),f
   528  07E9  1803               	skipnc
   529  07EA  0AAD               	incf	(main@j+1),f
   530  07EB  3000               	movlw	high(01h)
   531  07EC  07AD               	addwf	(main@j+1),f
   532                           	
   533  07ED                     l1909:	
   534  07ED  082D               	movf	(main@j+1),w
   535  07EE  3A80               	xorlw	80h
   536  07EF  00FF               	movwf	btemp+1
   537  07F0  30F5               	movlw	(high(07531h))^80h
   538  07F1  027F               	subwf	btemp+1,w
   539  07F2  1D03               	skipz
   540  07F3  2FF6               	goto	u2275
   541  07F4  3031               	movlw	low(07531h)
   542  07F5  022C               	subwf	(main@j),w
   543  07F6                     u2275:
   544                           
   545  07F6  1C03               	skipc
   546  07F7  2FF9               	goto	u2271
   547  07F8  2FFA               	goto	u2270
   548  07F9                     u2271:
   549  07F9  2FE5               	goto	l1907
   550  07FA                     u2270:
   551  07FA  2F67               	goto	l1875
   552                           	
   553  07FB                     l693:	
   554  07FB  2F67               	goto	l1875
   555                           	line	17
   556                           	
   557  07FC                     l694:	
   558                           	line	7
   559  07FC  2F67               	goto	l1875
   560                           	
   561  07FD                     l695:	
   562                           	line	18
   563                           	
   564  07FD                     l696:	
   565                           	global	start
   566  07FD  120A  118A  2800   	ljmp	start
   567                           	opt stack 0
   568                           GLOBAL	__end_of_main
   569  0800                     	__end_of_main:
   570 ;; =============== function _main ends ============
   571                           
   572                           	signat	_main,90
   573                           psect	maintext
   574                           	global	btemp
   575  007E                     	btemp set 07Eh
   576                           
   577                           	DABS	1,126,2	;btemp
   578                           	global	wtemp0
   579  007E                     	wtemp0 set btemp


HI-TECH Software PICC Macro Assembler V9.81 build 7503 
Symbol Table                                                                                   Sat Aug 17 13:10:41 2019

                   pc 0002                    fsr 0004                   l690 07A3                   l691 07B9  
                 l692 07E5                   l693 07FB                   l694 07FC                   l695 07FD  
                 l687 0767                   l696 07FD                   l688 077A                   l689 07CF  
                 fsr0 0004                   indf 0000                  l1901 07D2                  l1903 07D6  
                l1905 07E4                  l1907 07E5                  l1909 07ED                  l1871 074E  
                l1881 077A                  l1873 0751                  l1891 07A3                  l1883 078E  
                l1875 0767                  l1893 07AB                  l1885 0790                  l1877 076B  
                l1895 07B9                  l1887 0794                  l1879 0779                  l1897 07C1  
                l1889 07A2                  l1899 07CF                  u2210 0759                  u2220 0778  
                u2221 0777                  u2230 07A1                  u2231 07A0                  u2240 07B8  
                u2241 07B7                  u2225 0774                  u2250 07CE                  u2251 07CD  
                u2235 079D                  u2260 07E3                  u2261 07E2                  u2245 07B4  
                u2270 07FA                  u2271 07F9                  u2255 07CA                  u2265 07DF  
                u2275 07F6                  _main 074E                  btemp 007E                  start 0000  
               ?_main 0070                 _PORTB 0006                 _TRISB 0086                 main@a 0020  
               main@i 002A                 main@j 002C                 pclath 000A                 status 0003  
               wtemp0 007E          __end_of_main 0800                ??_main 0070                main@nu 0028  
      __pcstackCOMMON 0070          __pidataBANK0 0723            __pmaintext 074E  end_of_initialization 074A  
             init_ram 072F   start_initialization 073C           __pdataBANK0 002E         __pcstackBANK0 0020  
           main@F1084 002E             init_fetch 072B         __size_of_main 00B2  
