

HI-TECH Software PIC LITE Macro Assembler V9.81 build 7503 
                                                                                               Mon Aug 19 05:29:33 2019

HI-TECH Software Omniscient Code Generator (Lite mode) build 7503
     1  0000                     opt subtitle "HI-TECH Software Omniscient Code Generator (Lite mode) build 7503"
     2                           
     3                           opt pagewidth 120
     4                           
     5                           	opt lm
     6                           
     7                           	processor	16F877A
     8                           clrc	macro
     9                           	bcf	3,0
    10  0000                     	endm
    11                           clrz	macro
    12                           	bcf	3,2
    13  0000                     	endm
    14                           setc	macro
    15                           	bsf	3,0
    16  0000                     	endm
    17                           setz	macro
    18                           	bsf	3,2
    19  0000                     	endm
    20                           skipc	macro
    21                           	btfss	3,0
    22  0000                     	endm
    23                           skipz	macro
    24                           	btfss	3,2
    25  0000                     	endm
    26                           skipnc	macro
    27                           	btfsc	3,0
    28  0000                     	endm
    29                           skipnz	macro
    30                           	btfsc	3,2
    31  0000                     	endm
    32  0000                     indf	equ	0
    33  0000                     indf0	equ	0
    34  0002                     pc	equ	2
    35  0002                     pcl	equ	2
    36  0003                     status	equ	3
    37  0004                     fsr	equ	4
    38  0004                     fsr0	equ	4
    39  0001                     c	equ	1
    40  0000                     z	equ	0
    41  000A                     pclath	equ	10
    42                           	FNROOT	_main
    43                           	global	main@F1084
    44                           psect	idataBANK0,class=CODE,space=0,delta=2
    45                           global __pidataBANK0
    46  06ED                     __pidataBANK0:
    47                           	file	"C:\Users\kaVi_aBi\Desktop\New folder\embedded c\led6.c"
    48                           	line	5
    49                           
    50                           ;initializer for main@F1084
    51  06ED  3408               	retlw	08h
    52  06EE  3404               	retlw	04h
    53  06EF  3402               	retlw	02h
    54  06F0  3401               	retlw	01h
    55  06F1  3480               	retlw	080h
    56  06F2  3440               	retlw	040h
    57  06F3  3420               	retlw	020h
    58  06F4  3410               	retlw	010h
    59                           	global	_PORTB
    60  0006                     _PORTB	set	6
    61                           	global	_TRISB
    62  0086                     _TRISB	set	134
    63                           	file	"led25.as"
    64                           	line	#
    65                           psect cinit,class=CODE,delta=2
    66                           global start_initialization
    67  0706                     start_initialization:
    68                           
    69                           psect	dataBANK0,class=BANK0,space=1
    70                           global __pdataBANK0
    71  002E                     __pdataBANK0:
    72                           	file	"C:\Users\kaVi_aBi\Desktop\New folder\embedded c\led6.c"
    73  002E                     main@F1084:
    74  002E                            ds      8
    75                           
    76                           global btemp
    77                           psect inittext,class=CODE,delta=2
    78                           global init_fetch,btemp
    79                           ;	Called with low address in FSR and high address in W
    80  06F5                     init_fetch:
    81  06F5  087E               	movf btemp,w
    82  06F6  008A               	movwf pclath
    83  06F7  087F               	movf btemp+1,w
    84  06F8  0082               	movwf pc
    85                           global init_ram
    86                           ;Called with:
    87                           ;	high address of idata address in btemp 
    88                           ;	low address of idata address in btemp+1 
    89                           ;	low address of data in FSR
    90                           ;	high address + 1 of data in btemp-1
    91  06F9                     init_ram:
    92  06F9  26F5  120A  118A   	fcall init_fetch
    93  06FC  0080               	movwf indf,f
    94  06FD  0A84               	incf fsr,f
    95  06FE  0804               	movf fsr,w
    96  06FF  067D               	xorwf btemp-1,w
    97  0700  1903               	btfsc status,2
    98  0701  3400               	retlw 0
    99  0702  0AFF               	incf btemp+1,f
   100  0703  1903               	btfsc status,2
   101  0704  0AFE               	incf btemp,f
   102  0705  2EF9               	goto init_ram
   103                           ; Initialize objects allocated to BANK0
   104                           psect cinit,class=CODE,delta=2
   105                           global init_ram, __pidataBANK0
   106  0706  1383               	bcf	status, 7	;select IRP bank0
   107  0707  3036               	movlw low(__pdataBANK0+8)
   108  0708  00FD               	movwf btemp-1,f
   109  0709  3006               	movlw high(__pidataBANK0)
   110  070A  00FE               	movwf btemp,f
   111  070B  30ED               	movlw low(__pidataBANK0)
   112  070C  00FF               	movwf btemp+1,f
   113  070D  302E               	movlw low(__pdataBANK0)
   114  070E  0084               	movwf fsr,f
   115  070F  120A  118A  26F9   	fcall init_ram
              120A  118A         
   116                           psect cinit,class=CODE,delta=2
   117                           global end_of_initialization
   118                           
   119                           ;End of C runtime variable initialization code
   120                           
   121  0714                     end_of_initialization:
   122  0714  0183               clrf status
   123  0715  120A  118A  2F18   ljmp _main	;jump to C main() function
   124                           psect	cstackCOMMON,class=COMMON,space=1
   125                           global __pcstackCOMMON
   126  0070                     __pcstackCOMMON:
   127                           	global	??_main
   128  0070                     ??_main:	; 0 bytes @ 0x0
   129                           	global	?_main
   130  0070                     ?_main:	; 2 bytes @ 0x0
   131  0070                     	ds	4
   132                           psect	cstackBANK0,class=BANK0,space=1
   133                           global __pcstackBANK0
   134  0020                     __pcstackBANK0:
   135                           	global	main@a
   136  0020                     main@a:	; 8 bytes @ 0x0
   137  0020                     	ds	8
   138                           	global	main@nu
   139  0028                     main@nu:	; 2 bytes @ 0x8
   140  0028                     	ds	2
   141                           	global	main@i
   142  002A                     main@i:	; 2 bytes @ 0xA
   143  002A                     	ds	2
   144                           	global	main@j
   145  002C                     main@j:	; 2 bytes @ 0xC
   146  002C                     	ds	2
   147 ;;Data sizes: Strings 0, constant 0, data 8, bss 0, persistent 0 stack 0
   148 ;;Auto spaces:   Size  Autos    Used
   149 ;; COMMON          14      4       4
   150 ;; BANK0           80     14      22
   151 ;; BANK1           80      0       0
   152 ;; BANK3           96      0       0
   153 ;; BANK2           96      0       0
   154                           
   155 ;;
   156 ;; Pointer list with targets:
   157                           
   158                           
   159                           
   160 ;;
   161 ;; Critical Paths under _main in COMMON
   162 ;;
   163 ;;   None.
   164 ;;
   165 ;; Critical Paths under _main in BANK0
   166 ;;
   167 ;;   None.
   168 ;;
   169 ;; Critical Paths under _main in BANK1
   170 ;;
   171 ;;   None.
   172 ;;
   173 ;; Critical Paths under _main in BANK3
   174 ;;
   175 ;;   None.
   176 ;;
   177 ;; Critical Paths under _main in BANK2
   178 ;;
   179 ;;   None.
   180                           
   181 ;;
   182 ;;Main: autosize = 0, tempsize = 4, incstack = 0, save=0
   183 ;;
   184                           
   185 ;;
   186 ;;Call Graph Tables:
   187 ;;
   188 ;; ---------------------------------------------------------------------------------
   189 ;; (Depth) Function   	        Calls       Base Space   Used Autos Params    Refs
   190 ;; ---------------------------------------------------------------------------------
   191 ;; (0) _main                                                18    18      0     321
   192 ;;                                              0 COMMON     4     4      0
   193 ;;                                              0 BANK0     14    14      0
   194 ;; ---------------------------------------------------------------------------------
   195 ;; Estimated maximum stack depth 0
   196 ;; ---------------------------------------------------------------------------------
   197                           
   198 ;; Call Graph Graphs:
   199                           
   200 ;; _main (ROOT)
   201 ;;
   202                           
   203 ;; Address spaces:
   204                           
   205 ;;Name               Size   Autos  Total    Cost      Usage
   206 ;;BANK3               60      0       0       9        0.0%
   207 ;;BITBANK3            60      0       0       8        0.0%
   208 ;;SFR3                 0      0       0       4        0.0%
   209 ;;BITSFR3              0      0       0       4        0.0%
   210 ;;BANK2               60      0       0      11        0.0%
   211 ;;BITBANK2            60      0       0      10        0.0%
   212 ;;SFR2                 0      0       0       5        0.0%
   213 ;;BITSFR2              0      0       0       5        0.0%
   214 ;;SFR1                 0      0       0       2        0.0%
   215 ;;BITSFR1              0      0       0       2        0.0%
   216 ;;BANK1               50      0       0       7        0.0%
   217 ;;BITBANK1            50      0       0       6        0.0%
   218 ;;CODE                 0      0       0       0        0.0%
   219 ;;DATA                 0      0      1A      12        0.0%
   220 ;;ABS                  0      0      1A       3        0.0%
   221 ;;NULL                 0      0       0       0        0.0%
   222 ;;STACK                0      0       0       2        0.0%
   223 ;;BANK0               50      E      16       5       27.5%
   224 ;;BITBANK0            50      0       0       4        0.0%
   225 ;;SFR0                 0      0       0       1        0.0%
   226 ;;BITSFR0              0      0       0       1        0.0%
   227 ;;COMMON               E      4       4       1       28.6%
   228 ;;BITCOMMON            E      0       0       0        0.0%
   229 ;;EEDATA             100      0       0       0        0.0%
   230                           
   231                           	global	_main
   232                           psect	maintext,global,class=CODE,delta=2
   233                           global __pmaintext
   234  0718                     __pmaintext:
   235                           
   236 ;; *************** function _main *****************
   237 ;; Defined at:
   238 ;;		line 3 in file "C:\Users\kaVi_aBi\Desktop\New folder\embedded c\led6.c"
   239 ;; Parameters:    Size  Location     Type
   240 ;;		None
   241 ;; Auto vars:     Size  Location     Type
   242 ;;  a               8    0[BANK0 ] unsigned char [8]
   243 ;;  j               2   12[BANK0 ] int 
   244 ;;  i               2   10[BANK0 ] int 
   245 ;;  nu              2    8[BANK0 ] int 
   246 ;; Return value:  Size  Location     Type
   247 ;;                  2  684[COMMON] int 
   248 ;; Registers used:
   249 ;;		wreg, fsr0l, fsr0h, status,2, status,0, btemp+1
   250 ;; Tracked objects:
   251 ;;		On entry : 17F/0
   252 ;;		On exit  : 0/0
   253 ;;		Unchanged: 0/0
   254 ;; Data sizes:     COMMON   BANK0   BANK1   BANK3   BANK2
   255 ;;      Params:         0       0       0       0       0
   256 ;;      Locals:         0      14       0       0       0
   257 ;;      Temps:          4       0       0       0       0
   258 ;;      Totals:         4      14       0       0       0
   259 ;;Total ram usage:       18 bytes
   260 ;; This function calls:
   261 ;;		Nothing
   262 ;; This function is called by:
   263 ;;		Startup code after reset
   264 ;; This function uses a non-reentrant model
   265 ;;
   266                           psect	maintext
   267                           	file	"C:\Users\kaVi_aBi\Desktop\New folder\embedded c\led6.c"
   268                           	line	3
   269                           	global	__size_of_main
   270  00E8                     	__size_of_main	equ	__end_of_main-_main
   271                           	
   272  0718                     _main:	
   273                           	opt	stack 8
   274                           ; Regs used in _main: [wreg-fsr0h+status,2+status,0+btemp+1]
   275                           	line	4
   276                           	
   277  0718                     l1887:	
   278                           ;led6.c: 4: TRISB = 0;
   279  0718  1683               	bsf	status, 5	;RP0=1, select bank1
   280  0719  1303               	bcf	status, 6	;RP1=0, select bank1
   281  071A  0186               	clrf	(134)^080h	;volatile
   282                           	line	5
   283                           	
   284  071B                     l1889:	
   285                           ;led6.c: 5: char a[] = {0X08,0X04,0X02,0X01,0X80,0X40,0X20,0X10};
   286  071B  3020               	movlw	(main@a)&0ffh
   287  071C  0084               	movwf	fsr0
   288  071D  302E               	movlw	low(main@F1084)
   289  071E  00F0               	movwf	(??_main+0)+0
   290  071F  0804               	movf	fsr0,w
   291  0720  00F1               	movwf	((??_main+0)+0+1)
   292  0721  3008               	movlw	8
   293  0722  00F2               	movwf	((??_main+0)+0+2)
   294  0723                     u2230:
   295  0723  0870               	movf	(??_main+0)+0,w
   296  0724  0084               	movwf	fsr0
   297  0725  1383               	bcf	status, 7	;select IRP bank0
   298                           	
   299  0726  0800               	movf	indf,w
   300  0727  00F3               	movwf	((??_main+0)+0+3)
   301  0728  0AF0               	incf	(??_main+0)+0,f
   302  0729  0871               	movf	((??_main+0)+0+1),w
   303  072A  0084               	movwf	fsr0
   304                           	
   305  072B  0873               	movf	((??_main+0)+0+3),w
   306  072C  0080               	movwf	indf
   307  072D  0AF1               	incf	((??_main+0)+0+1),f
   308  072E  0BF2               	decfsz	((??_main+0)+0+2),f
   309  072F  2F23               	goto	u2230
   310  0730  2F31               	goto	l1891
   311                           	line	7
   312                           ;led6.c: 6: int i,j,nu;
   313                           ;led6.c: 7: while(1)
   314                           	
   315  0731                     l687:	
   316                           	line	9
   317                           	
   318  0731                     l1891:	
   319                           ;led6.c: 8: {
   320                           ;led6.c: 9: nu=0X00;
   321  0731  1283               	bcf	status, 5	;RP0=0, select bank0
   322  0732  1303               	bcf	status, 6	;RP1=0, select bank0
   323  0733  01A8               	clrf	(main@nu)
   324  0734  01A9               	clrf	(main@nu+1)
   325                           	line	10
   326                           	
   327  0735                     l1893:	
   328                           ;led6.c: 10: PORTB = 0X00;
   329  0735  0186               	clrf	(6)	;volatile
   330                           	line	11
   331                           	
   332  0736                     l1895:	
   333                           ;led6.c: 11: for(j=-30000; j<=30000; j++);
   334  0736  30D0               	movlw	low(-30000)
   335  0737  00AC               	movwf	(main@j)
   336  0738  308A               	movlw	high(-30000)
   337  0739  00AD               	movwf	((main@j))+1
   338                           	
   339  073A                     l1897:	
   340  073A  082D               	movf	(main@j+1),w
   341  073B  3A80               	xorlw	80h
   342  073C  00FF               	movwf	btemp+1
   343  073D  30F5               	movlw	(high(07531h))^80h
   344  073E  027F               	subwf	btemp+1,w
   345  073F  1D03               	skipz
   346  0740  2F43               	goto	u2245
   347  0741  3031               	movlw	low(07531h)
   348  0742  022C               	subwf	(main@j),w
   349  0743                     u2245:
   350                           
   351  0743  1C03               	skipc
   352  0744  2F46               	goto	u2241
   353  0745  2F47               	goto	u2240
   354  0746                     u2241:
   355  0746  2F49               	goto	l1901
   356  0747                     u2240:
   357  0747  2F5F               	goto	l1905
   358                           	
   359  0748                     l1899:	
   360  0748  2F5F               	goto	l1905
   361                           	
   362  0749                     l688:	
   363                           	
   364  0749                     l1901:	
   365  0749  3001               	movlw	low(01h)
   366  074A  1283               	bcf	status, 5	;RP0=0, select bank0
   367  074B  1303               	bcf	status, 6	;RP1=0, select bank0
   368  074C  07AC               	addwf	(main@j),f
   369  074D  1803               	skipnc
   370  074E  0AAD               	incf	(main@j+1),f
   371  074F  3000               	movlw	high(01h)
   372  0750  07AD               	addwf	(main@j+1),f
   373                           	
   374  0751                     l1903:	
   375  0751  082D               	movf	(main@j+1),w
   376  0752  3A80               	xorlw	80h
   377  0753  00FF               	movwf	btemp+1
   378  0754  30F5               	movlw	(high(07531h))^80h
   379  0755  027F               	subwf	btemp+1,w
   380  0756  1D03               	skipz
   381  0757  2F5A               	goto	u2255
   382  0758  3031               	movlw	low(07531h)
   383  0759  022C               	subwf	(main@j),w
   384  075A                     u2255:
   385                           
   386  075A  1C03               	skipc
   387  075B  2F5D               	goto	u2251
   388  075C  2F5E               	goto	u2250
   389  075D                     u2251:
   390  075D  2F49               	goto	l1901
   391  075E                     u2250:
   392  075E  2F5F               	goto	l1905
   393                           	
   394  075F                     l689:	
   395                           	line	12
   396                           	
   397  075F                     l1905:	
   398                           ;led6.c: 12: for(i=0; i<4; i++)
   399  075F  1283               	bcf	status, 5	;RP0=0, select bank0
   400  0760  1303               	bcf	status, 6	;RP1=0, select bank0
   401  0761  01AA               	clrf	(main@i)
   402  0762  01AB               	clrf	(main@i+1)
   403                           	
   404  0763                     l1907:	
   405  0763  082B               	movf	(main@i+1),w
   406  0764  3A80               	xorlw	80h
   407  0765  00FF               	movwf	btemp+1
   408  0766  3080               	movlw	(high(04h))^80h
   409  0767  027F               	subwf	btemp+1,w
   410  0768  1D03               	skipz
   411  0769  2F6C               	goto	u2265
   412  076A  3004               	movlw	low(04h)
   413  076B  022A               	subwf	(main@i),w
   414  076C                     u2265:
   415                           
   416  076C  1C03               	skipc
   417  076D  2F6F               	goto	u2261
   418  076E  2F70               	goto	u2260
   419  076F                     u2261:
   420  076F  2F72               	goto	l1911
   421  0770                     u2260:
   422  0770  2FCF               	goto	l1929
   423                           	
   424  0771                     l1909:	
   425  0771  2FCF               	goto	l1929
   426                           	line	13
   427                           	
   428  0772                     l690:	
   429                           	line	14
   430                           	
   431  0772                     l1911:	
   432                           ;led6.c: 13: {
   433                           ;led6.c: 14: nu=nu+(a[i]+a[8-(i+1)]);
   434  0772  1283               	bcf	status, 5	;RP0=0, select bank0
   435  0773  1303               	bcf	status, 6	;RP1=0, select bank0
   436  0774  082A               	movf	(main@i),w
   437  0775  3E01               	addlw	01h
   438  0776  3AFF               	xorlw	0ffh
   439  0777  3E01               	addlw	1
   440  0778  3E08               	addlw	08h
   441  0779  3E20               	addlw	main@a&0ffh
   442  077A  0084               	movwf	fsr
   443  077B  1383               	bcf	status, 7	;select IRP bank0
   444  077C  0800               	movf	indf,w
   445  077D  00F0               	movwf	(??_main+0)+0
   446  077E  082A               	movf	(main@i),w
   447  077F  3E20               	addlw	main@a&0ffh
   448  0780  0084               	movwf	fsr0
   449  0781  0800               	movf	indf,w
   450  0782  0770               	addwf	(??_main+0)+0,w
   451  0783  00F1               	movwf	(??_main+1)+0
   452  0784  01F2               	clrf	(??_main+1)+0+1
   453  0785  0DF2               	rlf	1+(??_main+1)+0,f
   454                           	
   455  0786  0828               	movf	(main@nu),w
   456  0787  0771               	addwf	0+(??_main+1)+0,w
   457  0788  00A8               	movwf	(main@nu)
   458  0789  0829               	movf	(main@nu+1),w
   459  078A  1803               	skipnc
   460  078B  0A29               	incf	(main@nu+1),w
   461  078C  0772               	addwf	1+(??_main+1)+0,w
   462  078D  00A9               	movwf	1+(main@nu)
   463                           	line	15
   464                           	
   465  078E                     l1913:	
   466                           ;led6.c: 15: PORTB = nu;
   467  078E  0828               	movf	(main@nu),w
   468  078F  0086               	movwf	(6)	;volatile
   469                           	line	16
   470                           	
   471  0790                     l1915:	
   472                           ;led6.c: 16: for(j=-30000; j<=30000; j++);
   473  0790  30D0               	movlw	low(-30000)
   474  0791  00AC               	movwf	(main@j)
   475  0792  308A               	movlw	high(-30000)
   476  0793  00AD               	movwf	((main@j))+1
   477                           	
   478  0794                     l1917:	
   479  0794  082D               	movf	(main@j+1),w
   480  0795  3A80               	xorlw	80h
   481  0796  00FF               	movwf	btemp+1
   482  0797  30F5               	movlw	(high(07531h))^80h
   483  0798  027F               	subwf	btemp+1,w
   484  0799  1D03               	skipz
   485  079A  2F9D               	goto	u2275
   486  079B  3031               	movlw	low(07531h)
   487  079C  022C               	subwf	(main@j),w
   488  079D                     u2275:
   489                           
   490  079D  1C03               	skipc
   491  079E  2FA0               	goto	u2271
   492  079F  2FA1               	goto	u2270
   493  07A0                     u2271:
   494  07A0  2FA3               	goto	l1921
   495  07A1                     u2270:
   496  07A1  2FB9               	goto	l1925
   497                           	
   498  07A2                     l1919:	
   499  07A2  2FB9               	goto	l1925
   500                           	
   501  07A3                     l692:	
   502                           	
   503  07A3                     l1921:	
   504  07A3  3001               	movlw	low(01h)
   505  07A4  1283               	bcf	status, 5	;RP0=0, select bank0
   506  07A5  1303               	bcf	status, 6	;RP1=0, select bank0
   507  07A6  07AC               	addwf	(main@j),f
   508  07A7  1803               	skipnc
   509  07A8  0AAD               	incf	(main@j+1),f
   510  07A9  3000               	movlw	high(01h)
   511  07AA  07AD               	addwf	(main@j+1),f
   512                           	
   513  07AB                     l1923:	
   514  07AB  082D               	movf	(main@j+1),w
   515  07AC  3A80               	xorlw	80h
   516  07AD  00FF               	movwf	btemp+1
   517  07AE  30F5               	movlw	(high(07531h))^80h
   518  07AF  027F               	subwf	btemp+1,w
   519  07B0  1D03               	skipz
   520  07B1  2FB4               	goto	u2285
   521  07B2  3031               	movlw	low(07531h)
   522  07B3  022C               	subwf	(main@j),w
   523  07B4                     u2285:
   524                           
   525  07B4  1C03               	skipc
   526  07B5  2FB7               	goto	u2281
   527  07B6  2FB8               	goto	u2280
   528  07B7                     u2281:
   529  07B7  2FA3               	goto	l1921
   530  07B8                     u2280:
   531  07B8  2FB9               	goto	l1925
   532                           	
   533  07B9                     l693:	
   534                           	line	12
   535                           	
   536  07B9                     l1925:	
   537  07B9  3001               	movlw	low(01h)
   538  07BA  1283               	bcf	status, 5	;RP0=0, select bank0
   539  07BB  1303               	bcf	status, 6	;RP1=0, select bank0
   540  07BC  07AA               	addwf	(main@i),f
   541  07BD  1803               	skipnc
   542  07BE  0AAB               	incf	(main@i+1),f
   543  07BF  3000               	movlw	high(01h)
   544  07C0  07AB               	addwf	(main@i+1),f
   545                           	
   546  07C1                     l1927:	
   547  07C1  082B               	movf	(main@i+1),w
   548  07C2  3A80               	xorlw	80h
   549  07C3  00FF               	movwf	btemp+1
   550  07C4  3080               	movlw	(high(04h))^80h
   551  07C5  027F               	subwf	btemp+1,w
   552  07C6  1D03               	skipz
   553  07C7  2FCA               	goto	u2295
   554  07C8  3004               	movlw	low(04h)
   555  07C9  022A               	subwf	(main@i),w
   556  07CA                     u2295:
   557                           
   558  07CA  1C03               	skipc
   559  07CB  2FCD               	goto	u2291
   560  07CC  2FCE               	goto	u2290
   561  07CD                     u2291:
   562  07CD  2F72               	goto	l1911
   563  07CE                     u2290:
   564  07CE  2FCF               	goto	l1929
   565                           	
   566  07CF                     l691:	
   567                           	line	18
   568                           	
   569  07CF                     l1929:	
   570                           ;led6.c: 17: }
   571                           ;led6.c: 18: PORTB=0;
   572  07CF  1283               	bcf	status, 5	;RP0=0, select bank0
   573  07D0  1303               	bcf	status, 6	;RP1=0, select bank0
   574  07D1  0186               	clrf	(6)	;volatile
   575                           	line	19
   576                           	
   577  07D2                     l1931:	
   578                           ;led6.c: 19: for(j=-30000; j<=30000; j++);
   579  07D2  30D0               	movlw	low(-30000)
   580  07D3  00AC               	movwf	(main@j)
   581  07D4  308A               	movlw	high(-30000)
   582  07D5  00AD               	movwf	((main@j))+1
   583                           	
   584  07D6                     l1933:	
   585  07D6  082D               	movf	(main@j+1),w
   586  07D7  3A80               	xorlw	80h
   587  07D8  00FF               	movwf	btemp+1
   588  07D9  30F5               	movlw	(high(07531h))^80h
   589  07DA  027F               	subwf	btemp+1,w
   590  07DB  1D03               	skipz
   591  07DC  2FDF               	goto	u2305
   592  07DD  3031               	movlw	low(07531h)
   593  07DE  022C               	subwf	(main@j),w
   594  07DF                     u2305:
   595                           
   596  07DF  1C03               	skipc
   597  07E0  2FE2               	goto	u2301
   598  07E1  2FE3               	goto	u2300
   599  07E2                     u2301:
   600  07E2  2FE5               	goto	l1937
   601  07E3                     u2300:
   602  07E3  2F31               	goto	l1891
   603                           	
   604  07E4                     l1935:	
   605  07E4  2F31               	goto	l1891
   606                           	
   607  07E5                     l694:	
   608                           	
   609  07E5                     l1937:	
   610  07E5  3001               	movlw	low(01h)
   611  07E6  1283               	bcf	status, 5	;RP0=0, select bank0
   612  07E7  1303               	bcf	status, 6	;RP1=0, select bank0
   613  07E8  07AC               	addwf	(main@j),f
   614  07E9  1803               	skipnc
   615  07EA  0AAD               	incf	(main@j+1),f
   616  07EB  3000               	movlw	high(01h)
   617  07EC  07AD               	addwf	(main@j+1),f
   618                           	
   619  07ED                     l1939:	
   620  07ED  082D               	movf	(main@j+1),w
   621  07EE  3A80               	xorlw	80h
   622  07EF  00FF               	movwf	btemp+1
   623  07F0  30F5               	movlw	(high(07531h))^80h
   624  07F1  027F               	subwf	btemp+1,w
   625  07F2  1D03               	skipz
   626  07F3  2FF6               	goto	u2315
   627  07F4  3031               	movlw	low(07531h)
   628  07F5  022C               	subwf	(main@j),w
   629  07F6                     u2315:
   630                           
   631  07F6  1C03               	skipc
   632  07F7  2FF9               	goto	u2311
   633  07F8  2FFA               	goto	u2310
   634  07F9                     u2311:
   635  07F9  2FE5               	goto	l1937
   636  07FA                     u2310:
   637  07FA  2F31               	goto	l1891
   638                           	
   639  07FB                     l695:	
   640  07FB  2F31               	goto	l1891
   641                           	line	20
   642                           	
   643  07FC                     l696:	
   644                           	line	7
   645  07FC  2F31               	goto	l1891
   646                           	
   647  07FD                     l697:	
   648                           	line	21
   649                           	
   650  07FD                     l698:	
   651                           	global	start
   652  07FD  120A  118A  2800   	ljmp	start
   653                           	opt stack 0
   654                           GLOBAL	__end_of_main
   655  0800                     	__end_of_main:
   656 ;; =============== function _main ends ============
   657                           
   658                           	signat	_main,90
   659                           psect	maintext
   660                           	global	btemp
   661  007E                     	btemp set 07Eh
   662                           
   663                           	DABS	1,126,2	;btemp
   664                           	global	wtemp0
   665  007E                     	wtemp0 set btemp


HI-TECH Software PICC Macro Assembler V9.81 build 7503 
Symbol Table                                                                                   Mon Aug 19 05:29:33 2019

                   pc 0002                    fsr 0004                   l690 0772                   l691 07CF  
                 l692 07A3                   l693 07B9                   l694 07E5                   l695 07FB  
                 l687 0731                   l696 07FC                   l688 0749                   l697 07FD  
                 l689 075F                   l698 07FD                   fsr0 0004                   indf 0000  
                l1901 0749                  l1911 0772                  l1903 0751                  l1921 07A3  
                l1913 078E                  l1905 075F                  l1931 07D2                  l1923 07AB  
                l1915 0790                  l1907 0763                  l1933 07D6                  l1925 07B9  
                l1917 0794                  l1909 0771                  l1935 07E4                  l1927 07C1  
                l1919 07A2                  l1937 07E5                  l1929 07CF                  l1939 07ED  
                l1891 0731                  l1893 0735                  l1895 0736                  l1887 0718  
                l1897 073A                  l1889 071B                  l1899 0748                  u2300 07E3  
                u2301 07E2                  u2310 07FA                  u2230 0723                  u2311 07F9  
                u2240 0747                  u2305 07DF                  u2241 0746                  u2250 075E  
                u2315 07F6                  u2251 075D                  u2260 0770                  u2261 076F  
                u2245 0743                  u2270 07A1                  u2271 07A0                  u2255 075A  
                u2280 07B8                  u2281 07B7                  u2265 076C                  u2290 07CE  
                u2291 07CD                  u2275 079D                  u2285 07B4                  u2295 07CA  
                _main 0718                  btemp 007E                  start 0000                 ?_main 0070  
               _PORTB 0006                 _TRISB 0086                 main@a 0020                 main@i 002A  
               main@j 002C                 pclath 000A                 status 0003                 wtemp0 007E  
        __end_of_main 0800                ??_main 0070                main@nu 0028        __pcstackCOMMON 0070  
        __pidataBANK0 06ED            __pmaintext 0718  end_of_initialization 0714               init_ram 06F9  
 start_initialization 0706           __pdataBANK0 002E         __pcstackBANK0 0020             main@F1084 002E  
           init_fetch 06F5         __size_of_main 00E8  
