

HI-TECH Software PIC LITE Macro Assembler V9.81 build 7503 
                                                                                               Sat Aug 17 13:13:46 2019

HI-TECH Software Omniscient Code Generator (Lite mode) build 7503
     1  0000                     opt subtitle "HI-TECH Software Omniscient Code Generator (Lite mode) build 7503"
     2                           
     3                           opt pagewidth 120
     4                           
     5                           	opt lm
     6                           
     7                           	processor	16F877A
     8                           clrc	macro
     9                           	bcf	3,0
    10  0000                     	endm
    11                           clrz	macro
    12                           	bcf	3,2
    13  0000                     	endm
    14                           setc	macro
    15                           	bsf	3,0
    16  0000                     	endm
    17                           setz	macro
    18                           	bsf	3,2
    19  0000                     	endm
    20                           skipc	macro
    21                           	btfss	3,0
    22  0000                     	endm
    23                           skipz	macro
    24                           	btfss	3,2
    25  0000                     	endm
    26                           skipnc	macro
    27                           	btfsc	3,0
    28  0000                     	endm
    29                           skipnz	macro
    30                           	btfsc	3,2
    31  0000                     	endm
    32  0000                     indf	equ	0
    33  0000                     indf0	equ	0
    34  0002                     pc	equ	2
    35  0002                     pcl	equ	2
    36  0003                     status	equ	3
    37  0004                     fsr	equ	4
    38  0004                     fsr0	equ	4
    39  0001                     c	equ	1
    40  0000                     z	equ	0
    41  000A                     pclath	equ	10
    42                           	FNROOT	_main
    43                           	global	main@F1084
    44                           psect	idataBANK0,class=CODE,space=0,delta=2
    45                           global __pidataBANK0
    46  0726                     __pidataBANK0:
    47                           	file	"C:\Users\kaVi_aBi\Desktop\New folder\embedded c\led2.c"
    48                           	line	5
    49                           
    50                           ;initializer for main@F1084
    51  0726  3401               	retlw	01h
    52  0727  3402               	retlw	02h
    53  0728  3404               	retlw	04h
    54  0729  3408               	retlw	08h
    55  072A  3410               	retlw	010h
    56  072B  3420               	retlw	020h
    57  072C  3440               	retlw	040h
    58  072D  3480               	retlw	080h
    59                           	global	_PORTB
    60  0006                     _PORTB	set	6
    61                           	global	_TRISB
    62  0086                     _TRISB	set	134
    63                           	file	"led21.as"
    64                           	line	#
    65                           psect cinit,class=CODE,delta=2
    66                           global start_initialization
    67  073F                     start_initialization:
    68                           
    69                           psect	dataBANK0,class=BANK0,space=1
    70                           global __pdataBANK0
    71  002E                     __pdataBANK0:
    72                           	file	"C:\Users\kaVi_aBi\Desktop\New folder\embedded c\led2.c"
    73  002E                     main@F1084:
    74  002E                            ds      8
    75                           
    76                           global btemp
    77                           psect inittext,class=CODE,delta=2
    78                           global init_fetch,btemp
    79                           ;	Called with low address in FSR and high address in W
    80  072E                     init_fetch:
    81  072E  087E               	movf btemp,w
    82  072F  008A               	movwf pclath
    83  0730  087F               	movf btemp+1,w
    84  0731  0082               	movwf pc
    85                           global init_ram
    86                           ;Called with:
    87                           ;	high address of idata address in btemp 
    88                           ;	low address of idata address in btemp+1 
    89                           ;	low address of data in FSR
    90                           ;	high address + 1 of data in btemp-1
    91  0732                     init_ram:
    92  0732  272E  120A  118A   	fcall init_fetch
    93  0735  0080               	movwf indf,f
    94  0736  0A84               	incf fsr,f
    95  0737  0804               	movf fsr,w
    96  0738  067D               	xorwf btemp-1,w
    97  0739  1903               	btfsc status,2
    98  073A  3400               	retlw 0
    99  073B  0AFF               	incf btemp+1,f
   100  073C  1903               	btfsc status,2
   101  073D  0AFE               	incf btemp,f
   102  073E  2F32               	goto init_ram
   103                           ; Initialize objects allocated to BANK0
   104                           psect cinit,class=CODE,delta=2
   105                           global init_ram, __pidataBANK0
   106  073F  1383               	bcf	status, 7	;select IRP bank0
   107  0740  3036               	movlw low(__pdataBANK0+8)
   108  0741  00FD               	movwf btemp-1,f
   109  0742  3007               	movlw high(__pidataBANK0)
   110  0743  00FE               	movwf btemp,f
   111  0744  3026               	movlw low(__pidataBANK0)
   112  0745  00FF               	movwf btemp+1,f
   113  0746  302E               	movlw low(__pdataBANK0)
   114  0747  0084               	movwf fsr,f
   115  0748  120A  118A  2732   	fcall init_ram
              120A  118A         
   116                           psect cinit,class=CODE,delta=2
   117                           global end_of_initialization
   118                           
   119                           ;End of C runtime variable initialization code
   120                           
   121  074D                     end_of_initialization:
   122  074D  0183               clrf status
   123  074E  120A  118A  2F51   ljmp _main	;jump to C main() function
   124                           psect	cstackCOMMON,class=COMMON,space=1
   125                           global __pcstackCOMMON
   126  0070                     __pcstackCOMMON:
   127                           	global	??_main
   128  0070                     ??_main:	; 0 bytes @ 0x0
   129                           	global	?_main
   130  0070                     ?_main:	; 2 bytes @ 0x0
   131  0070                     	ds	4
   132                           psect	cstackBANK0,class=BANK0,space=1
   133                           global __pcstackBANK0
   134  0020                     __pcstackBANK0:
   135                           	global	main@a
   136  0020                     main@a:	; 8 bytes @ 0x0
   137  0020                     	ds	8
   138                           	global	main@nu
   139  0028                     main@nu:	; 2 bytes @ 0x8
   140  0028                     	ds	2
   141                           	global	main@i
   142  002A                     main@i:	; 2 bytes @ 0xA
   143  002A                     	ds	2
   144                           	global	main@j
   145  002C                     main@j:	; 2 bytes @ 0xC
   146  002C                     	ds	2
   147 ;;Data sizes: Strings 0, constant 0, data 8, bss 0, persistent 0 stack 0
   148 ;;Auto spaces:   Size  Autos    Used
   149 ;; COMMON          14      4       4
   150 ;; BANK0           80     14      22
   151 ;; BANK1           80      0       0
   152 ;; BANK3           96      0       0
   153 ;; BANK2           96      0       0
   154                           
   155 ;;
   156 ;; Pointer list with targets:
   157                           
   158                           
   159                           
   160 ;;
   161 ;; Critical Paths under _main in COMMON
   162 ;;
   163 ;;   None.
   164 ;;
   165 ;; Critical Paths under _main in BANK0
   166 ;;
   167 ;;   None.
   168 ;;
   169 ;; Critical Paths under _main in BANK1
   170 ;;
   171 ;;   None.
   172 ;;
   173 ;; Critical Paths under _main in BANK3
   174 ;;
   175 ;;   None.
   176 ;;
   177 ;; Critical Paths under _main in BANK2
   178 ;;
   179 ;;   None.
   180                           
   181 ;;
   182 ;;Main: autosize = 0, tempsize = 4, incstack = 0, save=0
   183 ;;
   184                           
   185 ;;
   186 ;;Call Graph Tables:
   187 ;;
   188 ;; ---------------------------------------------------------------------------------
   189 ;; (Depth) Function   	        Calls       Base Space   Used Autos Params    Refs
   190 ;; ---------------------------------------------------------------------------------
   191 ;; (0) _main                                                18    18      0     252
   192 ;;                                              0 COMMON     4     4      0
   193 ;;                                              0 BANK0     14    14      0
   194 ;; ---------------------------------------------------------------------------------
   195 ;; Estimated maximum stack depth 0
   196 ;; ---------------------------------------------------------------------------------
   197                           
   198 ;; Call Graph Graphs:
   199                           
   200 ;; _main (ROOT)
   201 ;;
   202                           
   203 ;; Address spaces:
   204                           
   205 ;;Name               Size   Autos  Total    Cost      Usage
   206 ;;BANK3               60      0       0       9        0.0%
   207 ;;BITBANK3            60      0       0       8        0.0%
   208 ;;SFR3                 0      0       0       4        0.0%
   209 ;;BITSFR3              0      0       0       4        0.0%
   210 ;;BANK2               60      0       0      11        0.0%
   211 ;;BITBANK2            60      0       0      10        0.0%
   212 ;;SFR2                 0      0       0       5        0.0%
   213 ;;BITSFR2              0      0       0       5        0.0%
   214 ;;SFR1                 0      0       0       2        0.0%
   215 ;;BITSFR1              0      0       0       2        0.0%
   216 ;;BANK1               50      0       0       7        0.0%
   217 ;;BITBANK1            50      0       0       6        0.0%
   218 ;;CODE                 0      0       0       0        0.0%
   219 ;;DATA                 0      0      1A      12        0.0%
   220 ;;ABS                  0      0      1A       3        0.0%
   221 ;;NULL                 0      0       0       0        0.0%
   222 ;;STACK                0      0       0       2        0.0%
   223 ;;BANK0               50      E      16       5       27.5%
   224 ;;BITBANK0            50      0       0       4        0.0%
   225 ;;SFR0                 0      0       0       1        0.0%
   226 ;;BITSFR0              0      0       0       1        0.0%
   227 ;;COMMON               E      4       4       1       28.6%
   228 ;;BITCOMMON            E      0       0       0        0.0%
   229 ;;EEDATA             100      0       0       0        0.0%
   230                           
   231                           	global	_main
   232                           psect	maintext,global,class=CODE,delta=2
   233                           global __pmaintext
   234  0751                     __pmaintext:
   235                           
   236 ;; *************** function _main *****************
   237 ;; Defined at:
   238 ;;		line 3 in file "C:\Users\kaVi_aBi\Desktop\New folder\embedded c\led2.c"
   239 ;; Parameters:    Size  Location     Type
   240 ;;		None
   241 ;; Auto vars:     Size  Location     Type
   242 ;;  a               8    0[BANK0 ] unsigned char [8]
   243 ;;  j               2   12[BANK0 ] int 
   244 ;;  i               2   10[BANK0 ] int 
   245 ;;  nu              2    8[BANK0 ] int 
   246 ;; Return value:  Size  Location     Type
   247 ;;                  2  684[COMMON] int 
   248 ;; Registers used:
   249 ;;		wreg, fsr0l, fsr0h, status,2, status,0, btemp+1
   250 ;; Tracked objects:
   251 ;;		On entry : 17F/0
   252 ;;		On exit  : 0/0
   253 ;;		Unchanged: 0/0
   254 ;; Data sizes:     COMMON   BANK0   BANK1   BANK3   BANK2
   255 ;;      Params:         0       0       0       0       0
   256 ;;      Locals:         0      14       0       0       0
   257 ;;      Temps:          4       0       0       0       0
   258 ;;      Totals:         4      14       0       0       0
   259 ;;Total ram usage:       18 bytes
   260 ;; This function calls:
   261 ;;		Nothing
   262 ;; This function is called by:
   263 ;;		Startup code after reset
   264 ;; This function uses a non-reentrant model
   265 ;;
   266                           psect	maintext
   267                           	file	"C:\Users\kaVi_aBi\Desktop\New folder\embedded c\led2.c"
   268                           	line	3
   269                           	global	__size_of_main
   270  00AF                     	__size_of_main	equ	__end_of_main-_main
   271                           	
   272  0751                     _main:	
   273                           	opt	stack 8
   274                           ; Regs used in _main: [wreg-fsr0h+status,2+status,0+btemp+1]
   275                           	line	4
   276                           	
   277  0751                     l1871:	
   278                           ;led2.c: 4: TRISB = 0;
   279  0751  1683               	bsf	status, 5	;RP0=1, select bank1
   280  0752  1303               	bcf	status, 6	;RP1=0, select bank1
   281  0753  0186               	clrf	(134)^080h	;volatile
   282                           	line	5
   283                           	
   284  0754                     l1873:	
   285                           ;led2.c: 5: char a[] = {0X01,0X02,0X04,0X08,0X10,0X20,0X40,0X80};
   286  0754  3020               	movlw	(main@a)&0ffh
   287  0755  0084               	movwf	fsr0
   288  0756  302E               	movlw	low(main@F1084)
   289  0757  00F0               	movwf	(??_main+0)+0
   290  0758  0804               	movf	fsr0,w
   291  0759  00F1               	movwf	((??_main+0)+0+1)
   292  075A  3008               	movlw	8
   293  075B  00F2               	movwf	((??_main+0)+0+2)
   294  075C                     u2210:
   295  075C  0870               	movf	(??_main+0)+0,w
   296  075D  0084               	movwf	fsr0
   297  075E  1383               	bcf	status, 7	;select IRP bank0
   298                           	
   299  075F  0800               	movf	indf,w
   300  0760  00F3               	movwf	((??_main+0)+0+3)
   301  0761  0AF0               	incf	(??_main+0)+0,f
   302  0762  0871               	movf	((??_main+0)+0+1),w
   303  0763  0084               	movwf	fsr0
   304                           	
   305  0764  0873               	movf	((??_main+0)+0+3),w
   306  0765  0080               	movwf	indf
   307  0766  0AF1               	incf	((??_main+0)+0+1),f
   308  0767  0BF2               	decfsz	((??_main+0)+0+2),f
   309  0768  2F5C               	goto	u2210
   310  0769  2F6A               	goto	l1875
   311                           	line	7
   312                           ;led2.c: 6: int i,j,nu;
   313                           ;led2.c: 7: while(1)
   314                           	
   315  076A                     l687:	
   316                           	line	9
   317                           	
   318  076A                     l1875:	
   319                           ;led2.c: 8: {
   320                           ;led2.c: 9: for(i=0; i<4; i++)
   321  076A  1283               	bcf	status, 5	;RP0=0, select bank0
   322  076B  1303               	bcf	status, 6	;RP1=0, select bank0
   323  076C  01AA               	clrf	(main@i)
   324  076D  01AB               	clrf	(main@i+1)
   325                           	
   326  076E                     l1877:	
   327  076E  082B               	movf	(main@i+1),w
   328  076F  3A80               	xorlw	80h
   329  0770  00FF               	movwf	btemp+1
   330  0771  3080               	movlw	(high(04h))^80h
   331  0772  027F               	subwf	btemp+1,w
   332  0773  1D03               	skipz
   333  0774  2F77               	goto	u2225
   334  0775  3004               	movlw	low(04h)
   335  0776  022A               	subwf	(main@i),w
   336  0777                     u2225:
   337                           
   338  0777  1C03               	skipc
   339  0778  2F7A               	goto	u2221
   340  0779  2F7B               	goto	u2220
   341  077A                     u2221:
   342  077A  2F7D               	goto	l1881
   343  077B                     u2220:
   344  077B  2FCF               	goto	l1899
   345                           	
   346  077C                     l1879:	
   347  077C  2FCF               	goto	l1899
   348                           	line	10
   349                           	
   350  077D                     l688:	
   351                           	line	11
   352                           	
   353  077D                     l1881:	
   354                           ;led2.c: 10: {
   355                           ;led2.c: 11: nu=a[i]+a[(i+4)];
   356  077D  1283               	bcf	status, 5	;RP0=0, select bank0
   357  077E  1303               	bcf	status, 6	;RP1=0, select bank0
   358  077F  082A               	movf	(main@i),w
   359  0780  3E04               	addlw	04h
   360  0781  3E20               	addlw	main@a&0ffh
   361  0782  0084               	movwf	fsr
   362  0783  1383               	bcf	status, 7	;select IRP bank0
   363  0784  0800               	movf	indf,w
   364  0785  00F0               	movwf	(??_main+0)+0
   365  0786  082A               	movf	(main@i),w
   366  0787  3E20               	addlw	main@a&0ffh
   367  0788  0084               	movwf	fsr0
   368  0789  0800               	movf	indf,w
   369  078A  0770               	addwf	(??_main+0)+0,w
   370  078B  00A8               	movwf	(main@nu)
   371  078C  01A9               	clrf	(main@nu)+1
   372  078D  0DA9               	rlf	1+(main@nu),f
   373                           	
   374                           	line	12
   375                           	
   376  078E                     l1883:	
   377                           ;led2.c: 12: PORTB = nu;
   378  078E  0828               	movf	(main@nu),w
   379  078F  0086               	movwf	(6)	;volatile
   380                           	line	13
   381                           	
   382  0790                     l1885:	
   383                           ;led2.c: 13: for(j=-30000; j<=30000; j++);
   384  0790  30D0               	movlw	low(-30000)
   385  0791  00AC               	movwf	(main@j)
   386  0792  308A               	movlw	high(-30000)
   387  0793  00AD               	movwf	((main@j))+1
   388                           	
   389  0794                     l1887:	
   390  0794  082D               	movf	(main@j+1),w
   391  0795  3A80               	xorlw	80h
   392  0796  00FF               	movwf	btemp+1
   393  0797  30F5               	movlw	(high(07531h))^80h
   394  0798  027F               	subwf	btemp+1,w
   395  0799  1D03               	skipz
   396  079A  2F9D               	goto	u2235
   397  079B  3031               	movlw	low(07531h)
   398  079C  022C               	subwf	(main@j),w
   399  079D                     u2235:
   400                           
   401  079D  1C03               	skipc
   402  079E  2FA0               	goto	u2231
   403  079F  2FA1               	goto	u2230
   404  07A0                     u2231:
   405  07A0  2FA3               	goto	l1891
   406  07A1                     u2230:
   407  07A1  2FB9               	goto	l1895
   408                           	
   409  07A2                     l1889:	
   410  07A2  2FB9               	goto	l1895
   411                           	
   412  07A3                     l690:	
   413                           	
   414  07A3                     l1891:	
   415  07A3  3001               	movlw	low(01h)
   416  07A4  1283               	bcf	status, 5	;RP0=0, select bank0
   417  07A5  1303               	bcf	status, 6	;RP1=0, select bank0
   418  07A6  07AC               	addwf	(main@j),f
   419  07A7  1803               	skipnc
   420  07A8  0AAD               	incf	(main@j+1),f
   421  07A9  3000               	movlw	high(01h)
   422  07AA  07AD               	addwf	(main@j+1),f
   423                           	
   424  07AB                     l1893:	
   425  07AB  082D               	movf	(main@j+1),w
   426  07AC  3A80               	xorlw	80h
   427  07AD  00FF               	movwf	btemp+1
   428  07AE  30F5               	movlw	(high(07531h))^80h
   429  07AF  027F               	subwf	btemp+1,w
   430  07B0  1D03               	skipz
   431  07B1  2FB4               	goto	u2245
   432  07B2  3031               	movlw	low(07531h)
   433  07B3  022C               	subwf	(main@j),w
   434  07B4                     u2245:
   435                           
   436  07B4  1C03               	skipc
   437  07B5  2FB7               	goto	u2241
   438  07B6  2FB8               	goto	u2240
   439  07B7                     u2241:
   440  07B7  2FA3               	goto	l1891
   441  07B8                     u2240:
   442  07B8  2FB9               	goto	l1895
   443                           	
   444  07B9                     l691:	
   445                           	line	9
   446                           	
   447  07B9                     l1895:	
   448  07B9  3001               	movlw	low(01h)
   449  07BA  1283               	bcf	status, 5	;RP0=0, select bank0
   450  07BB  1303               	bcf	status, 6	;RP1=0, select bank0
   451  07BC  07AA               	addwf	(main@i),f
   452  07BD  1803               	skipnc
   453  07BE  0AAB               	incf	(main@i+1),f
   454  07BF  3000               	movlw	high(01h)
   455  07C0  07AB               	addwf	(main@i+1),f
   456                           	
   457  07C1                     l1897:	
   458  07C1  082B               	movf	(main@i+1),w
   459  07C2  3A80               	xorlw	80h
   460  07C3  00FF               	movwf	btemp+1
   461  07C4  3080               	movlw	(high(04h))^80h
   462  07C5  027F               	subwf	btemp+1,w
   463  07C6  1D03               	skipz
   464  07C7  2FCA               	goto	u2255
   465  07C8  3004               	movlw	low(04h)
   466  07C9  022A               	subwf	(main@i),w
   467  07CA                     u2255:
   468                           
   469  07CA  1C03               	skipc
   470  07CB  2FCD               	goto	u2251
   471  07CC  2FCE               	goto	u2250
   472  07CD                     u2251:
   473  07CD  2F7D               	goto	l1881
   474  07CE                     u2250:
   475  07CE  2FCF               	goto	l1899
   476                           	
   477  07CF                     l689:	
   478                           	line	15
   479                           	
   480  07CF                     l1899:	
   481                           ;led2.c: 14: }
   482                           ;led2.c: 15: PORTB=0;
   483  07CF  1283               	bcf	status, 5	;RP0=0, select bank0
   484  07D0  1303               	bcf	status, 6	;RP1=0, select bank0
   485  07D1  0186               	clrf	(6)	;volatile
   486                           	line	16
   487                           	
   488  07D2                     l1901:	
   489                           ;led2.c: 16: for(j=-30000; j<=30000; j++);
   490  07D2  30D0               	movlw	low(-30000)
   491  07D3  00AC               	movwf	(main@j)
   492  07D4  308A               	movlw	high(-30000)
   493  07D5  00AD               	movwf	((main@j))+1
   494                           	
   495  07D6                     l1903:	
   496  07D6  082D               	movf	(main@j+1),w
   497  07D7  3A80               	xorlw	80h
   498  07D8  00FF               	movwf	btemp+1
   499  07D9  30F5               	movlw	(high(07531h))^80h
   500  07DA  027F               	subwf	btemp+1,w
   501  07DB  1D03               	skipz
   502  07DC  2FDF               	goto	u2265
   503  07DD  3031               	movlw	low(07531h)
   504  07DE  022C               	subwf	(main@j),w
   505  07DF                     u2265:
   506                           
   507  07DF  1C03               	skipc
   508  07E0  2FE2               	goto	u2261
   509  07E1  2FE3               	goto	u2260
   510  07E2                     u2261:
   511  07E2  2FE5               	goto	l1907
   512  07E3                     u2260:
   513  07E3  2F6A               	goto	l1875
   514                           	
   515  07E4                     l1905:	
   516  07E4  2F6A               	goto	l1875
   517                           	
   518  07E5                     l692:	
   519                           	
   520  07E5                     l1907:	
   521  07E5  3001               	movlw	low(01h)
   522  07E6  1283               	bcf	status, 5	;RP0=0, select bank0
   523  07E7  1303               	bcf	status, 6	;RP1=0, select bank0
   524  07E8  07AC               	addwf	(main@j),f
   525  07E9  1803               	skipnc
   526  07EA  0AAD               	incf	(main@j+1),f
   527  07EB  3000               	movlw	high(01h)
   528  07EC  07AD               	addwf	(main@j+1),f
   529                           	
   530  07ED                     l1909:	
   531  07ED  082D               	movf	(main@j+1),w
   532  07EE  3A80               	xorlw	80h
   533  07EF  00FF               	movwf	btemp+1
   534  07F0  30F5               	movlw	(high(07531h))^80h
   535  07F1  027F               	subwf	btemp+1,w
   536  07F2  1D03               	skipz
   537  07F3  2FF6               	goto	u2275
   538  07F4  3031               	movlw	low(07531h)
   539  07F5  022C               	subwf	(main@j),w
   540  07F6                     u2275:
   541                           
   542  07F6  1C03               	skipc
   543  07F7  2FF9               	goto	u2271
   544  07F8  2FFA               	goto	u2270
   545  07F9                     u2271:
   546  07F9  2FE5               	goto	l1907
   547  07FA                     u2270:
   548  07FA  2F6A               	goto	l1875
   549                           	
   550  07FB                     l693:	
   551  07FB  2F6A               	goto	l1875
   552                           	line	17
   553                           	
   554  07FC                     l694:	
   555                           	line	7
   556  07FC  2F6A               	goto	l1875
   557                           	
   558  07FD                     l695:	
   559                           	line	18
   560                           	
   561  07FD                     l696:	
   562                           	global	start
   563  07FD  120A  118A  2800   	ljmp	start
   564                           	opt stack 0
   565                           GLOBAL	__end_of_main
   566  0800                     	__end_of_main:
   567 ;; =============== function _main ends ============
   568                           
   569                           	signat	_main,90
   570                           psect	maintext
   571                           	global	btemp
   572  007E                     	btemp set 07Eh
   573                           
   574                           	DABS	1,126,2	;btemp
   575                           	global	wtemp0
   576  007E                     	wtemp0 set btemp


HI-TECH Software PICC Macro Assembler V9.81 build 7503 
Symbol Table                                                                                   Sat Aug 17 13:13:46 2019

                   pc 0002                    fsr 0004                   l690 07A3                   l691 07B9  
                 l692 07E5                   l693 07FB                   l694 07FC                   l695 07FD  
                 l687 076A                   l696 07FD                   l688 077D                   l689 07CF  
                 fsr0 0004                   indf 0000                  l1901 07D2                  l1903 07D6  
                l1905 07E4                  l1907 07E5                  l1909 07ED                  l1871 0751  
                l1881 077D                  l1873 0754                  l1891 07A3                  l1883 078E  
                l1875 076A                  l1893 07AB                  l1885 0790                  l1877 076E  
                l1895 07B9                  l1887 0794                  l1879 077C                  l1897 07C1  
                l1889 07A2                  l1899 07CF                  u2210 075C                  u2220 077B  
                u2221 077A                  u2230 07A1                  u2231 07A0                  u2240 07B8  
                u2241 07B7                  u2225 0777                  u2250 07CE                  u2251 07CD  
                u2235 079D                  u2260 07E3                  u2261 07E2                  u2245 07B4  
                u2270 07FA                  u2271 07F9                  u2255 07CA                  u2265 07DF  
                u2275 07F6                  _main 0751                  btemp 007E                  start 0000  
               ?_main 0070                 _PORTB 0006                 _TRISB 0086                 main@a 0020  
               main@i 002A                 main@j 002C                 pclath 000A                 status 0003  
               wtemp0 007E          __end_of_main 0800                ??_main 0070                main@nu 0028  
      __pcstackCOMMON 0070          __pidataBANK0 0726            __pmaintext 0751  end_of_initialization 074D  
             init_ram 0732   start_initialization 073F           __pdataBANK0 002E         __pcstackBANK0 0020  
           main@F1084 002E             init_fetch 072E         __size_of_main 00AF  
