

HI-TECH Software PIC LITE Macro Assembler V9.81 build 7503 
                                                                                               Mon Aug 19 05:32:56 2019

HI-TECH Software Omniscient Code Generator (Lite mode) build 7503
     1  0000                     opt subtitle "HI-TECH Software Omniscient Code Generator (Lite mode) build 7503"
     2                           
     3                           opt pagewidth 120
     4                           
     5                           	opt lm
     6                           
     7                           	processor	16F877A
     8                           clrc	macro
     9                           	bcf	3,0
    10  0000                     	endm
    11                           clrz	macro
    12                           	bcf	3,2
    13  0000                     	endm
    14                           setc	macro
    15                           	bsf	3,0
    16  0000                     	endm
    17                           setz	macro
    18                           	bsf	3,2
    19  0000                     	endm
    20                           skipc	macro
    21                           	btfss	3,0
    22  0000                     	endm
    23                           skipz	macro
    24                           	btfss	3,2
    25  0000                     	endm
    26                           skipnc	macro
    27                           	btfsc	3,0
    28  0000                     	endm
    29                           skipnz	macro
    30                           	btfsc	3,2
    31  0000                     	endm
    32  0000                     indf	equ	0
    33  0000                     indf0	equ	0
    34  0002                     pc	equ	2
    35  0002                     pcl	equ	2
    36  0003                     status	equ	3
    37  0004                     fsr	equ	4
    38  0004                     fsr0	equ	4
    39  0001                     c	equ	1
    40  0000                     z	equ	0
    41  000A                     pclath	equ	10
    42                           	FNROOT	_main
    43                           	global	main@F1084
    44                           psect	idataBANK0,class=CODE,space=0,delta=2
    45                           global __pidataBANK0
    46  0731                     __pidataBANK0:
    47                           	file	"C:\Users\kaVi_aBi\Desktop\New folder\embedded c\led7.c"
    48                           	line	5
    49                           
    50                           ;initializer for main@F1084
    51  0731  3401               	retlw	01h
    52  0732  3402               	retlw	02h
    53  0733  3404               	retlw	04h
    54  0734  3408               	retlw	08h
    55  0735  3410               	retlw	010h
    56  0736  3420               	retlw	020h
    57  0737  3440               	retlw	040h
    58  0738  3480               	retlw	080h
    59                           	global	_PORTB
    60  0006                     _PORTB	set	6
    61                           	global	_TRISB
    62  0086                     _TRISB	set	134
    63                           	file	"led26.as"
    64                           	line	#
    65                           psect cinit,class=CODE,delta=2
    66                           global start_initialization
    67  074A                     start_initialization:
    68                           
    69                           psect	dataBANK0,class=BANK0,space=1
    70                           global __pdataBANK0
    71  002C                     __pdataBANK0:
    72                           	file	"C:\Users\kaVi_aBi\Desktop\New folder\embedded c\led7.c"
    73  002C                     main@F1084:
    74  002C                            ds      8
    75                           
    76                           global btemp
    77                           psect inittext,class=CODE,delta=2
    78                           global init_fetch,btemp
    79                           ;	Called with low address in FSR and high address in W
    80  0739                     init_fetch:
    81  0739  087E               	movf btemp,w
    82  073A  008A               	movwf pclath
    83  073B  087F               	movf btemp+1,w
    84  073C  0082               	movwf pc
    85                           global init_ram
    86                           ;Called with:
    87                           ;	high address of idata address in btemp 
    88                           ;	low address of idata address in btemp+1 
    89                           ;	low address of data in FSR
    90                           ;	high address + 1 of data in btemp-1
    91  073D                     init_ram:
    92  073D  2739  120A  118A   	fcall init_fetch
    93  0740  0080               	movwf indf,f
    94  0741  0A84               	incf fsr,f
    95  0742  0804               	movf fsr,w
    96  0743  067D               	xorwf btemp-1,w
    97  0744  1903               	btfsc status,2
    98  0745  3400               	retlw 0
    99  0746  0AFF               	incf btemp+1,f
   100  0747  1903               	btfsc status,2
   101  0748  0AFE               	incf btemp,f
   102  0749  2F3D               	goto init_ram
   103                           ; Initialize objects allocated to BANK0
   104                           psect cinit,class=CODE,delta=2
   105                           global init_ram, __pidataBANK0
   106  074A  1383               	bcf	status, 7	;select IRP bank0
   107  074B  3034               	movlw low(__pdataBANK0+8)
   108  074C  00FD               	movwf btemp-1,f
   109  074D  3007               	movlw high(__pidataBANK0)
   110  074E  00FE               	movwf btemp,f
   111  074F  3031               	movlw low(__pidataBANK0)
   112  0750  00FF               	movwf btemp+1,f
   113  0751  302C               	movlw low(__pdataBANK0)
   114  0752  0084               	movwf fsr,f
   115  0753  120A  118A  273D   	fcall init_ram
              120A  118A         
   116                           psect cinit,class=CODE,delta=2
   117                           global end_of_initialization
   118                           
   119                           ;End of C runtime variable initialization code
   120                           
   121  0758                     end_of_initialization:
   122  0758  0183               clrf status
   123  0759  120A  118A  2F5C   ljmp _main	;jump to C main() function
   124                           psect	cstackCOMMON,class=COMMON,space=1
   125                           global __pcstackCOMMON
   126  0070                     __pcstackCOMMON:
   127                           	global	??_main
   128  0070                     ??_main:	; 0 bytes @ 0x0
   129                           	global	?_main
   130  0070                     ?_main:	; 2 bytes @ 0x0
   131  0070                     	ds	4
   132                           psect	cstackBANK0,class=BANK0,space=1
   133                           global __pcstackBANK0
   134  0020                     __pcstackBANK0:
   135                           	global	main@a
   136  0020                     main@a:	; 8 bytes @ 0x0
   137  0020                     	ds	8
   138                           	global	main@i
   139  0028                     main@i:	; 2 bytes @ 0x8
   140  0028                     	ds	2
   141                           	global	main@j
   142  002A                     main@j:	; 2 bytes @ 0xA
   143  002A                     	ds	2
   144 ;;Data sizes: Strings 0, constant 0, data 8, bss 0, persistent 0 stack 0
   145 ;;Auto spaces:   Size  Autos    Used
   146 ;; COMMON          14      4       4
   147 ;; BANK0           80     12      20
   148 ;; BANK1           80      0       0
   149 ;; BANK3           96      0       0
   150 ;; BANK2           96      0       0
   151                           
   152 ;;
   153 ;; Pointer list with targets:
   154                           
   155                           
   156                           
   157 ;;
   158 ;; Critical Paths under _main in COMMON
   159 ;;
   160 ;;   None.
   161 ;;
   162 ;; Critical Paths under _main in BANK0
   163 ;;
   164 ;;   None.
   165 ;;
   166 ;; Critical Paths under _main in BANK1
   167 ;;
   168 ;;   None.
   169 ;;
   170 ;; Critical Paths under _main in BANK3
   171 ;;
   172 ;;   None.
   173 ;;
   174 ;; Critical Paths under _main in BANK2
   175 ;;
   176 ;;   None.
   177                           
   178 ;;
   179 ;;Main: autosize = 0, tempsize = 4, incstack = 0, save=0
   180 ;;
   181                           
   182 ;;
   183 ;;Call Graph Tables:
   184 ;;
   185 ;; ---------------------------------------------------------------------------------
   186 ;; (Depth) Function   	        Calls       Base Space   Used Autos Params    Refs
   187 ;; ---------------------------------------------------------------------------------
   188 ;; (0) _main                                                16    16      0     184
   189 ;;                                              0 COMMON     4     4      0
   190 ;;                                              0 BANK0     12    12      0
   191 ;; ---------------------------------------------------------------------------------
   192 ;; Estimated maximum stack depth 0
   193 ;; ---------------------------------------------------------------------------------
   194                           
   195 ;; Call Graph Graphs:
   196                           
   197 ;; _main (ROOT)
   198 ;;
   199                           
   200 ;; Address spaces:
   201                           
   202 ;;Name               Size   Autos  Total    Cost      Usage
   203 ;;BANK3               60      0       0       9        0.0%
   204 ;;BITBANK3            60      0       0       8        0.0%
   205 ;;SFR3                 0      0       0       4        0.0%
   206 ;;BITSFR3              0      0       0       4        0.0%
   207 ;;BANK2               60      0       0      11        0.0%
   208 ;;BITBANK2            60      0       0      10        0.0%
   209 ;;SFR2                 0      0       0       5        0.0%
   210 ;;BITSFR2              0      0       0       5        0.0%
   211 ;;SFR1                 0      0       0       2        0.0%
   212 ;;BITSFR1              0      0       0       2        0.0%
   213 ;;BANK1               50      0       0       7        0.0%
   214 ;;BITBANK1            50      0       0       6        0.0%
   215 ;;CODE                 0      0       0       0        0.0%
   216 ;;DATA                 0      0      18      12        0.0%
   217 ;;ABS                  0      0      18       3        0.0%
   218 ;;NULL                 0      0       0       0        0.0%
   219 ;;STACK                0      0       0       2        0.0%
   220 ;;BANK0               50      C      14       5       25.0%
   221 ;;BITBANK0            50      0       0       4        0.0%
   222 ;;SFR0                 0      0       0       1        0.0%
   223 ;;BITSFR0              0      0       0       1        0.0%
   224 ;;COMMON               E      4       4       1       28.6%
   225 ;;BITCOMMON            E      0       0       0        0.0%
   226 ;;EEDATA             100      0       0       0        0.0%
   227                           
   228                           	global	_main
   229                           psect	maintext,global,class=CODE,delta=2
   230                           global __pmaintext
   231  075C                     __pmaintext:
   232                           
   233 ;; *************** function _main *****************
   234 ;; Defined at:
   235 ;;		line 3 in file "C:\Users\kaVi_aBi\Desktop\New folder\embedded c\led7.c"
   236 ;; Parameters:    Size  Location     Type
   237 ;;		None
   238 ;; Auto vars:     Size  Location     Type
   239 ;;  a               8    0[BANK0 ] unsigned char [8]
   240 ;;  j               2   10[BANK0 ] int 
   241 ;;  i               2    8[BANK0 ] int 
   242 ;; Return value:  Size  Location     Type
   243 ;;                  2  684[COMMON] int 
   244 ;; Registers used:
   245 ;;		wreg, fsr0l, fsr0h, status,2, status,0, btemp+1
   246 ;; Tracked objects:
   247 ;;		On entry : 17F/0
   248 ;;		On exit  : 0/0
   249 ;;		Unchanged: 0/0
   250 ;; Data sizes:     COMMON   BANK0   BANK1   BANK3   BANK2
   251 ;;      Params:         0       0       0       0       0
   252 ;;      Locals:         0      12       0       0       0
   253 ;;      Temps:          4       0       0       0       0
   254 ;;      Totals:         4      12       0       0       0
   255 ;;Total ram usage:       16 bytes
   256 ;; This function calls:
   257 ;;		Nothing
   258 ;; This function is called by:
   259 ;;		Startup code after reset
   260 ;; This function uses a non-reentrant model
   261 ;;
   262                           psect	maintext
   263                           	file	"C:\Users\kaVi_aBi\Desktop\New folder\embedded c\led7.c"
   264                           	line	3
   265                           	global	__size_of_main
   266  00A4                     	__size_of_main	equ	__end_of_main-_main
   267                           	
   268  075C                     _main:	
   269                           	opt	stack 8
   270                           ; Regs used in _main: [wreg-fsr0h+status,2+status,0+btemp+1]
   271                           	line	4
   272                           	
   273  075C                     l1869:	
   274                           ;led7.c: 4: TRISB = 0;
   275  075C  1683               	bsf	status, 5	;RP0=1, select bank1
   276  075D  1303               	bcf	status, 6	;RP1=0, select bank1
   277  075E  0186               	clrf	(134)^080h	;volatile
   278                           	line	5
   279                           	
   280  075F                     l1871:	
   281                           ;led7.c: 5: char a[] = {0X01,0X02,0X04,0X08,0X10,0X20,0X40,0X80};
   282  075F  3020               	movlw	(main@a)&0ffh
   283  0760  0084               	movwf	fsr0
   284  0761  302C               	movlw	low(main@F1084)
   285  0762  00F0               	movwf	(??_main+0)+0
   286  0763  0804               	movf	fsr0,w
   287  0764  00F1               	movwf	((??_main+0)+0+1)
   288  0765  3008               	movlw	8
   289  0766  00F2               	movwf	((??_main+0)+0+2)
   290  0767                     u2210:
   291  0767  0870               	movf	(??_main+0)+0,w
   292  0768  0084               	movwf	fsr0
   293  0769  1383               	bcf	status, 7	;select IRP bank0
   294                           	
   295  076A  0800               	movf	indf,w
   296  076B  00F3               	movwf	((??_main+0)+0+3)
   297  076C  0AF0               	incf	(??_main+0)+0,f
   298  076D  0871               	movf	((??_main+0)+0+1),w
   299  076E  0084               	movwf	fsr0
   300                           	
   301  076F  0873               	movf	((??_main+0)+0+3),w
   302  0770  0080               	movwf	indf
   303  0771  0AF1               	incf	((??_main+0)+0+1),f
   304  0772  0BF2               	decfsz	((??_main+0)+0+2),f
   305  0773  2F67               	goto	u2210
   306  0774  2F75               	goto	l1873
   307                           	line	7
   308                           ;led7.c: 6: int i,j;
   309                           ;led7.c: 7: while(1)
   310                           	
   311  0775                     l687:	
   312                           	line	9
   313                           	
   314  0775                     l1873:	
   315                           ;led7.c: 8: {
   316                           ;led7.c: 9: for(i=0; i<8; i++)
   317  0775  1283               	bcf	status, 5	;RP0=0, select bank0
   318  0776  1303               	bcf	status, 6	;RP1=0, select bank0
   319  0777  01A8               	clrf	(main@i)
   320  0778  01A9               	clrf	(main@i+1)
   321                           	
   322  0779                     l1875:	
   323  0779  0829               	movf	(main@i+1),w
   324  077A  3A80               	xorlw	80h
   325  077B  00FF               	movwf	btemp+1
   326  077C  3080               	movlw	(high(08h))^80h
   327  077D  027F               	subwf	btemp+1,w
   328  077E  1D03               	skipz
   329  077F  2F82               	goto	u2225
   330  0780  3008               	movlw	low(08h)
   331  0781  0228               	subwf	(main@i),w
   332  0782                     u2225:
   333                           
   334  0782  1C03               	skipc
   335  0783  2F85               	goto	u2221
   336  0784  2F86               	goto	u2220
   337  0785                     u2221:
   338  0785  2F88               	goto	l1879
   339  0786                     u2220:
   340  0786  2FCF               	goto	l1895
   341                           	
   342  0787                     l1877:	
   343  0787  2FCF               	goto	l1895
   344                           	line	10
   345                           	
   346  0788                     l688:	
   347                           	line	11
   348                           	
   349  0788                     l1879:	
   350                           ;led7.c: 10: {
   351                           ;led7.c: 11: PORTB = a[i];
   352  0788  1283               	bcf	status, 5	;RP0=0, select bank0
   353  0789  1303               	bcf	status, 6	;RP1=0, select bank0
   354  078A  0828               	movf	(main@i),w
   355  078B  3E20               	addlw	main@a&0ffh
   356  078C  0084               	movwf	fsr0
   357  078D  1383               	bcf	status, 7	;select IRP bank0
   358  078E  0800               	movf	indf,w
   359  078F  0086               	movwf	(6)	;volatile
   360                           	line	12
   361                           	
   362  0790                     l1881:	
   363                           ;led7.c: 12: for(j=-30000; j<=30000; j++);
   364  0790  30D0               	movlw	low(-30000)
   365  0791  00AA               	movwf	(main@j)
   366  0792  308A               	movlw	high(-30000)
   367  0793  00AB               	movwf	((main@j))+1
   368                           	
   369  0794                     l1883:	
   370  0794  082B               	movf	(main@j+1),w
   371  0795  3A80               	xorlw	80h
   372  0796  00FF               	movwf	btemp+1
   373  0797  30F5               	movlw	(high(07531h))^80h
   374  0798  027F               	subwf	btemp+1,w
   375  0799  1D03               	skipz
   376  079A  2F9D               	goto	u2235
   377  079B  3031               	movlw	low(07531h)
   378  079C  022A               	subwf	(main@j),w
   379  079D                     u2235:
   380                           
   381  079D  1C03               	skipc
   382  079E  2FA0               	goto	u2231
   383  079F  2FA1               	goto	u2230
   384  07A0                     u2231:
   385  07A0  2FA3               	goto	l1887
   386  07A1                     u2230:
   387  07A1  2FB9               	goto	l1891
   388                           	
   389  07A2                     l1885:	
   390  07A2  2FB9               	goto	l1891
   391                           	
   392  07A3                     l690:	
   393                           	
   394  07A3                     l1887:	
   395  07A3  3001               	movlw	low(01h)
   396  07A4  1283               	bcf	status, 5	;RP0=0, select bank0
   397  07A5  1303               	bcf	status, 6	;RP1=0, select bank0
   398  07A6  07AA               	addwf	(main@j),f
   399  07A7  1803               	skipnc
   400  07A8  0AAB               	incf	(main@j+1),f
   401  07A9  3000               	movlw	high(01h)
   402  07AA  07AB               	addwf	(main@j+1),f
   403                           	
   404  07AB                     l1889:	
   405  07AB  082B               	movf	(main@j+1),w
   406  07AC  3A80               	xorlw	80h
   407  07AD  00FF               	movwf	btemp+1
   408  07AE  30F5               	movlw	(high(07531h))^80h
   409  07AF  027F               	subwf	btemp+1,w
   410  07B0  1D03               	skipz
   411  07B1  2FB4               	goto	u2245
   412  07B2  3031               	movlw	low(07531h)
   413  07B3  022A               	subwf	(main@j),w
   414  07B4                     u2245:
   415                           
   416  07B4  1C03               	skipc
   417  07B5  2FB7               	goto	u2241
   418  07B6  2FB8               	goto	u2240
   419  07B7                     u2241:
   420  07B7  2FA3               	goto	l1887
   421  07B8                     u2240:
   422  07B8  2FB9               	goto	l1891
   423                           	
   424  07B9                     l691:	
   425                           	line	9
   426                           	
   427  07B9                     l1891:	
   428  07B9  3001               	movlw	low(01h)
   429  07BA  1283               	bcf	status, 5	;RP0=0, select bank0
   430  07BB  1303               	bcf	status, 6	;RP1=0, select bank0
   431  07BC  07A8               	addwf	(main@i),f
   432  07BD  1803               	skipnc
   433  07BE  0AA9               	incf	(main@i+1),f
   434  07BF  3000               	movlw	high(01h)
   435  07C0  07A9               	addwf	(main@i+1),f
   436                           	
   437  07C1                     l1893:	
   438  07C1  0829               	movf	(main@i+1),w
   439  07C2  3A80               	xorlw	80h
   440  07C3  00FF               	movwf	btemp+1
   441  07C4  3080               	movlw	(high(08h))^80h
   442  07C5  027F               	subwf	btemp+1,w
   443  07C6  1D03               	skipz
   444  07C7  2FCA               	goto	u2255
   445  07C8  3008               	movlw	low(08h)
   446  07C9  0228               	subwf	(main@i),w
   447  07CA                     u2255:
   448                           
   449  07CA  1C03               	skipc
   450  07CB  2FCD               	goto	u2251
   451  07CC  2FCE               	goto	u2250
   452  07CD                     u2251:
   453  07CD  2F88               	goto	l1879
   454  07CE                     u2250:
   455  07CE  2FCF               	goto	l1895
   456                           	
   457  07CF                     l689:	
   458                           	line	14
   459                           	
   460  07CF                     l1895:	
   461                           ;led7.c: 13: }
   462                           ;led7.c: 14: PORTB=0;
   463  07CF  1283               	bcf	status, 5	;RP0=0, select bank0
   464  07D0  1303               	bcf	status, 6	;RP1=0, select bank0
   465  07D1  0186               	clrf	(6)	;volatile
   466                           	line	15
   467                           	
   468  07D2                     l1897:	
   469                           ;led7.c: 15: for(j=-30000; j<=30000; j++);
   470  07D2  30D0               	movlw	low(-30000)
   471  07D3  00AA               	movwf	(main@j)
   472  07D4  308A               	movlw	high(-30000)
   473  07D5  00AB               	movwf	((main@j))+1
   474                           	
   475  07D6                     l1899:	
   476  07D6  082B               	movf	(main@j+1),w
   477  07D7  3A80               	xorlw	80h
   478  07D8  00FF               	movwf	btemp+1
   479  07D9  30F5               	movlw	(high(07531h))^80h
   480  07DA  027F               	subwf	btemp+1,w
   481  07DB  1D03               	skipz
   482  07DC  2FDF               	goto	u2265
   483  07DD  3031               	movlw	low(07531h)
   484  07DE  022A               	subwf	(main@j),w
   485  07DF                     u2265:
   486                           
   487  07DF  1C03               	skipc
   488  07E0  2FE2               	goto	u2261
   489  07E1  2FE3               	goto	u2260
   490  07E2                     u2261:
   491  07E2  2FE5               	goto	l1903
   492  07E3                     u2260:
   493  07E3  2F75               	goto	l1873
   494                           	
   495  07E4                     l1901:	
   496  07E4  2F75               	goto	l1873
   497                           	
   498  07E5                     l692:	
   499                           	
   500  07E5                     l1903:	
   501  07E5  3001               	movlw	low(01h)
   502  07E6  1283               	bcf	status, 5	;RP0=0, select bank0
   503  07E7  1303               	bcf	status, 6	;RP1=0, select bank0
   504  07E8  07AA               	addwf	(main@j),f
   505  07E9  1803               	skipnc
   506  07EA  0AAB               	incf	(main@j+1),f
   507  07EB  3000               	movlw	high(01h)
   508  07EC  07AB               	addwf	(main@j+1),f
   509                           	
   510  07ED                     l1905:	
   511  07ED  082B               	movf	(main@j+1),w
   512  07EE  3A80               	xorlw	80h
   513  07EF  00FF               	movwf	btemp+1
   514  07F0  30F5               	movlw	(high(07531h))^80h
   515  07F1  027F               	subwf	btemp+1,w
   516  07F2  1D03               	skipz
   517  07F3  2FF6               	goto	u2275
   518  07F4  3031               	movlw	low(07531h)
   519  07F5  022A               	subwf	(main@j),w
   520  07F6                     u2275:
   521                           
   522  07F6  1C03               	skipc
   523  07F7  2FF9               	goto	u2271
   524  07F8  2FFA               	goto	u2270
   525  07F9                     u2271:
   526  07F9  2FE5               	goto	l1903
   527  07FA                     u2270:
   528  07FA  2F75               	goto	l1873
   529                           	
   530  07FB                     l693:	
   531  07FB  2F75               	goto	l1873
   532                           	line	16
   533                           	
   534  07FC                     l694:	
   535                           	line	7
   536  07FC  2F75               	goto	l1873
   537                           	
   538  07FD                     l695:	
   539                           	line	17
   540                           	
   541  07FD                     l696:	
   542                           	global	start
   543  07FD  120A  118A  2800   	ljmp	start
   544                           	opt stack 0
   545                           GLOBAL	__end_of_main
   546  0800                     	__end_of_main:
   547 ;; =============== function _main ends ============
   548                           
   549                           	signat	_main,90
   550                           psect	maintext
   551                           	global	btemp
   552  007E                     	btemp set 07Eh
   553                           
   554                           	DABS	1,126,2	;btemp
   555                           	global	wtemp0
   556  007E                     	wtemp0 set btemp


HI-TECH Software PICC Macro Assembler V9.81 build 7503 
Symbol Table                                                                                   Mon Aug 19 05:32:56 2019

                   pc 0002                    fsr 0004                   l690 07A3                   l691 07B9  
                 l692 07E5                   l693 07FB                   l694 07FC                   l695 07FD  
                 l687 0775                   l696 07FD                   l688 0788                   l689 07CF  
                 fsr0 0004                   indf 0000                  l1901 07E4                  l1903 07E5  
                l1905 07ED                  l1871 075F                  l1881 0790                  l1873 0775  
                l1891 07B9                  l1883 0794                  l1875 0779                  l1893 07C1  
                l1885 07A2                  l1877 0787                  l1869 075C                  l1887 07A3  
                l1895 07CF                  l1879 0788                  l1897 07D2                  l1889 07AB  
                l1899 07D6                  u2210 0767                  u2220 0786                  u2221 0785  
                u2230 07A1                  u2231 07A0                  u2240 07B8                  u2241 07B7  
                u2225 0782                  u2250 07CE                  u2251 07CD                  u2235 079D  
                u2260 07E3                  u2261 07E2                  u2245 07B4                  u2270 07FA  
                u2271 07F9                  u2255 07CA                  u2265 07DF                  u2275 07F6  
                _main 075C                  btemp 007E                  start 0000                 ?_main 0070  
               _PORTB 0006                 _TRISB 0086                 main@a 0020                 main@i 0028  
               main@j 002A                 pclath 000A                 status 0003                 wtemp0 007E  
        __end_of_main 0800                ??_main 0070        __pcstackCOMMON 0070          __pidataBANK0 0731  
          __pmaintext 075C  end_of_initialization 0758               init_ram 073D   start_initialization 074A  
         __pdataBANK0 002C         __pcstackBANK0 0020             main@F1084 002C             init_fetch 0739  
       __size_of_main 00A4  
