

HI-TECH Software PIC LITE Macro Assembler V9.81 build 7503 
                                                                                               Wed Aug 21 12:36:11 2019

HI-TECH Software Omniscient Code Generator (Lite mode) build 7503
     1  0000                     opt subtitle "HI-TECH Software Omniscient Code Generator (Lite mode) build 7503"
     2                           
     3                           opt pagewidth 120
     4                           
     5                           	opt lm
     6                           
     7                           	processor	16F877A
     8                           clrc	macro
     9                           	bcf	3,0
    10  0000                     	endm
    11                           clrz	macro
    12                           	bcf	3,2
    13  0000                     	endm
    14                           setc	macro
    15                           	bsf	3,0
    16  0000                     	endm
    17                           setz	macro
    18                           	bsf	3,2
    19  0000                     	endm
    20                           skipc	macro
    21                           	btfss	3,0
    22  0000                     	endm
    23                           skipz	macro
    24                           	btfss	3,2
    25  0000                     	endm
    26                           skipnc	macro
    27                           	btfsc	3,0
    28  0000                     	endm
    29                           skipnz	macro
    30                           	btfsc	3,2
    31  0000                     	endm
    32  0000                     indf	equ	0
    33  0000                     indf0	equ	0
    34  0002                     pc	equ	2
    35  0002                     pcl	equ	2
    36  0003                     status	equ	3
    37  0004                     fsr	equ	4
    38  0004                     fsr0	equ	4
    39  0001                     c	equ	1
    40  0000                     z	equ	0
    41  000A                     pclath	equ	10
    42                           # 3 "C:\Users\kaVi_aBi\Desktop\New folder\embedded c\led99.c"
    43                           	psect config,class=CONFIG,delta=2 ;#
    44                           # 3 "C:\Users\kaVi_aBi\Desktop\New folder\embedded c\led99.c"
    45  2007  FF7A               	dw 0xFFFE & 0xFFFB & 0xFFFF & 0xFFFF & 0xFF7F ;#
    46                           	FNCALL	_main,_delay
    47                           	FNROOT	_main
    48                           	global	main@F1092
    49                           psect	idataBANK0,class=CODE,space=0,delta=2
    50                           global __pidataBANK0
    51  06F2                     __pidataBANK0:
    52                           	file	"C:\Users\kaVi_aBi\Desktop\New folder\embedded c\led99.c"
    53                           	line	15
    54                           
    55                           ;initializer for main@F1092
    56  06F2  34FC               	retlw	0FCh
    57  06F3  3460               	retlw	060h
    58  06F4  34DA               	retlw	0DAh
    59  06F5  34F2               	retlw	0F2h
    60  06F6  3466               	retlw	066h
    61  06F7  34B6               	retlw	0B6h
    62  06F8  34BE               	retlw	0BEh
    63  06F9  34E0               	retlw	0E0h
    64  06FA  34FE               	retlw	0FEh
    65  06FB  34E6               	retlw	0E6h
    66                           	global	_PORTD
    67  0008                     _PORTD	set	8
    68                           	global	_RC0
    69  0038                     _RC0	set	56
    70                           	global	_RC1
    71  0039                     _RC1	set	57
    72                           	global	_TRISD
    73  0088                     _TRISD	set	136
    74                           	global	_TRISC0
    75  0438                     _TRISC0	set	1080
    76                           	global	_TRISC1
    77  0439                     _TRISC1	set	1081
    78                           	file	"led29.as"
    79                           	line	#
    80                           psect cinit,class=CODE,delta=2
    81                           global start_initialization
    82  070D                     start_initialization:
    83                           
    84                           psect	dataBANK0,class=BANK0,space=1
    85                           global __pdataBANK0
    86  0030                     __pdataBANK0:
    87                           	file	"C:\Users\kaVi_aBi\Desktop\New folder\embedded c\led99.c"
    88  0030                     main@F1092:
    89  0030                            ds      10
    90                           
    91                           global btemp
    92                           psect inittext,class=CODE,delta=2
    93                           global init_fetch,btemp
    94                           ;	Called with low address in FSR and high address in W
    95  06FC                     init_fetch:
    96  06FC  087E               	movf btemp,w
    97  06FD  008A               	movwf pclath
    98  06FE  087F               	movf btemp+1,w
    99  06FF  0082               	movwf pc
   100                           global init_ram
   101                           ;Called with:
   102                           ;	high address of idata address in btemp 
   103                           ;	low address of idata address in btemp+1 
   104                           ;	low address of data in FSR
   105                           ;	high address + 1 of data in btemp-1
   106  0700                     init_ram:
   107  0700  26FC  120A  118A   	fcall init_fetch
   108  0703  0080               	movwf indf,f
   109  0704  0A84               	incf fsr,f
   110  0705  0804               	movf fsr,w
   111  0706  067D               	xorwf btemp-1,w
   112  0707  1903               	btfsc status,2
   113  0708  3400               	retlw 0
   114  0709  0AFF               	incf btemp+1,f
   115  070A  1903               	btfsc status,2
   116  070B  0AFE               	incf btemp,f
   117  070C  2F00               	goto init_ram
   118                           ; Initialize objects allocated to BANK0
   119                           psect cinit,class=CODE,delta=2
   120                           global init_ram, __pidataBANK0
   121  070D  1383               	bcf	status, 7	;select IRP bank0
   122  070E  303A               	movlw low(__pdataBANK0+10)
   123  070F  00FD               	movwf btemp-1,f
   124  0710  3006               	movlw high(__pidataBANK0)
   125  0711  00FE               	movwf btemp,f
   126  0712  30F2               	movlw low(__pidataBANK0)
   127  0713  00FF               	movwf btemp+1,f
   128  0714  3030               	movlw low(__pdataBANK0)
   129  0715  0084               	movwf fsr,f
   130  0716  120A  118A  2700   	fcall init_ram
              120A  118A         
   131                           psect cinit,class=CODE,delta=2
   132                           global end_of_initialization
   133                           
   134                           ;End of C runtime variable initialization code
   135                           
   136  071B                     end_of_initialization:
   137  071B  0183               clrf status
   138  071C  120A  118A  2F47   ljmp _main	;jump to C main() function
   139                           psect	cstackCOMMON,class=COMMON,space=1
   140                           global __pcstackCOMMON
   141  0070                     __pcstackCOMMON:
   142                           	global	?_delay
   143  0070                     ?_delay:	; 0 bytes @ 0x0
   144                           	global	??_delay
   145  0070                     ??_delay:	; 0 bytes @ 0x0
   146                           	global	?_main
   147  0070                     ?_main:	; 2 bytes @ 0x0
   148                           	global	delay@j
   149  0070                     delay@j:	; 2 bytes @ 0x0
   150  0070                     	ds	2
   151                           	global	??_main
   152  0072                     ??_main:	; 0 bytes @ 0x2
   153  0072                     	ds	4
   154                           psect	cstackBANK0,class=BANK0,space=1
   155                           global __pcstackBANK0
   156  0020                     __pcstackBANK0:
   157                           	global	main@a
   158  0020                     main@a:	; 10 bytes @ 0x0
   159  0020                     	ds	10
   160                           	global	main@k
   161  002A                     main@k:	; 2 bytes @ 0xA
   162  002A                     	ds	2
   163                           	global	main@i
   164  002C                     main@i:	; 2 bytes @ 0xC
   165  002C                     	ds	2
   166                           	global	main@j
   167  002E                     main@j:	; 2 bytes @ 0xE
   168  002E                     	ds	2
   169 ;;Data sizes: Strings 0, constant 0, data 10, bss 0, persistent 0 stack 0
   170 ;;Auto spaces:   Size  Autos    Used
   171 ;; COMMON          14      6       6
   172 ;; BANK0           80     16      26
   173 ;; BANK1           80      0       0
   174 ;; BANK3           96      0       0
   175 ;; BANK2           96      0       0
   176                           
   177 ;;
   178 ;; Pointer list with targets:
   179                           
   180                           
   181                           
   182 ;;
   183 ;; Critical Paths under _main in COMMON
   184 ;;
   185 ;;   _main->_delay
   186 ;;
   187 ;; Critical Paths under _main in BANK0
   188 ;;
   189 ;;   None.
   190 ;;
   191 ;; Critical Paths under _main in BANK1
   192 ;;
   193 ;;   None.
   194 ;;
   195 ;; Critical Paths under _main in BANK3
   196 ;;
   197 ;;   None.
   198 ;;
   199 ;; Critical Paths under _main in BANK2
   200 ;;
   201 ;;   None.
   202                           
   203 ;;
   204 ;;Main: autosize = 0, tempsize = 4, incstack = 0, save=0
   205 ;;
   206                           
   207 ;;
   208 ;;Call Graph Tables:
   209 ;;
   210 ;; ---------------------------------------------------------------------------------
   211 ;; (Depth) Function   	        Calls       Base Space   Used Autos Params    Refs
   212 ;; ---------------------------------------------------------------------------------
   213 ;; (0) _main                                                20    20      0     275
   214 ;;                                              2 COMMON     4     4      0
   215 ;;                                              0 BANK0     16    16      0
   216 ;;                              _delay
   217 ;; ---------------------------------------------------------------------------------
   218 ;; (1) _delay                                                2     2      0      46
   219 ;;                                              0 COMMON     2     2      0
   220 ;; ---------------------------------------------------------------------------------
   221 ;; Estimated maximum stack depth 1
   222 ;; ---------------------------------------------------------------------------------
   223                           
   224 ;; Call Graph Graphs:
   225                           
   226 ;; _main (ROOT)
   227 ;;   _delay
   228 ;;
   229                           
   230 ;; Address spaces:
   231                           
   232 ;;Name               Size   Autos  Total    Cost      Usage
   233 ;;BANK3               60      0       0       9        0.0%
   234 ;;BITBANK3            60      0       0       8        0.0%
   235 ;;SFR3                 0      0       0       4        0.0%
   236 ;;BITSFR3              0      0       0       4        0.0%
   237 ;;BANK2               60      0       0      11        0.0%
   238 ;;BITBANK2            60      0       0      10        0.0%
   239 ;;SFR2                 0      0       0       5        0.0%
   240 ;;BITSFR2              0      0       0       5        0.0%
   241 ;;SFR1                 0      0       0       2        0.0%
   242 ;;BITSFR1              0      0       0       2        0.0%
   243 ;;BANK1               50      0       0       7        0.0%
   244 ;;BITBANK1            50      0       0       6        0.0%
   245 ;;CODE                 0      0       0       0        0.0%
   246 ;;DATA                 0      0      21      12        0.0%
   247 ;;ABS                  0      0      20       3        0.0%
   248 ;;NULL                 0      0       0       0        0.0%
   249 ;;STACK                0      0       1       2        0.0%
   250 ;;BANK0               50     10      1A       5       32.5%
   251 ;;BITBANK0            50      0       0       4        0.0%
   252 ;;SFR0                 0      0       0       1        0.0%
   253 ;;BITSFR0              0      0       0       1        0.0%
   254 ;;COMMON               E      6       6       1       42.9%
   255 ;;BITCOMMON            E      0       0       0        0.0%
   256 ;;EEDATA             100      0       0       0        0.0%
   257                           
   258                           	global	_main
   259                           psect	maintext,global,class=CODE,delta=2
   260                           global __pmaintext
   261  0747                     __pmaintext:
   262                           
   263 ;; *************** function _main *****************
   264 ;; Defined at:
   265 ;;		line 10 in file "C:\Users\kaVi_aBi\Desktop\New folder\embedded c\led99.c"
   266 ;; Parameters:    Size  Location     Type
   267 ;;		None
   268 ;; Auto vars:     Size  Location     Type
   269 ;;  a              10    0[BANK0 ] unsigned char [10]
   270 ;;  j               2   14[BANK0 ] int 
   271 ;;  i               2   12[BANK0 ] int 
   272 ;;  k               2   10[BANK0 ] int 
   273 ;; Return value:  Size  Location     Type
   274 ;;                  2  686[COMMON] int 
   275 ;; Registers used:
   276 ;;		wreg, fsr0l, fsr0h, status,2, status,0, btemp+1, pclath, cstack
   277 ;; Tracked objects:
   278 ;;		On entry : 17F/0
   279 ;;		On exit  : 0/0
   280 ;;		Unchanged: 0/0
   281 ;; Data sizes:     COMMON   BANK0   BANK1   BANK3   BANK2
   282 ;;      Params:         0       0       0       0       0
   283 ;;      Locals:         0      16       0       0       0
   284 ;;      Temps:          4       0       0       0       0
   285 ;;      Totals:         4      16       0       0       0
   286 ;;Total ram usage:       20 bytes
   287 ;; Hardware stack levels required when called:    1
   288 ;; This function calls:
   289 ;;		_delay
   290 ;; This function is called by:
   291 ;;		Startup code after reset
   292 ;; This function uses a non-reentrant model
   293 ;;
   294                           psect	maintext
   295                           	file	"C:\Users\kaVi_aBi\Desktop\New folder\embedded c\led99.c"
   296                           	line	10
   297                           	global	__size_of_main
   298  00B9                     	__size_of_main	equ	__end_of_main-_main
   299                           	
   300  0747                     _main:	
   301                           	opt	stack 7
   302                           ; Regs used in _main: [wreg-fsr0h+status,2+status,0+btemp+1+pclath+cstack]
   303                           	line	11
   304                           	
   305  0747                     l1906:	
   306                           ;led99.c: 11: TRISD=0;
   307  0747  1683               	bsf	status, 5	;RP0=1, select bank1
   308  0748  1303               	bcf	status, 6	;RP1=0, select bank1
   309  0749  0188               	clrf	(136)^080h	;volatile
   310                           	line	12
   311                           	
   312  074A                     l1908:	
   313                           ;led99.c: 12: TRISC0=0;
   314  074A  1007               	bcf	(1080/8)^080h,(1080)&7
   315                           	line	13
   316                           	
   317  074B                     l1910:	
   318                           ;led99.c: 13: TRISC1=0;
   319  074B  1087               	bcf	(1081/8)^080h,(1081)&7
   320                           	line	15
   321                           	
   322  074C                     l1912:	
   323                           ;led99.c: 14: int i,j,k;
   324                           ;led99.c: 15: char a[] = {0XFC,0X60,0XDA,0XF2,0X66,0XB6,0XBE,0XE0,0XFE,0XE6};
   325  074C  3020               	movlw	(main@a)&0ffh
   326  074D  0084               	movwf	fsr0
   327  074E  3030               	movlw	low(main@F1092)
   328  074F  00F2               	movwf	(??_main+0)+0
   329  0750  0804               	movf	fsr0,w
   330  0751  00F3               	movwf	((??_main+0)+0+1)
   331  0752  300A               	movlw	10
   332  0753  00F4               	movwf	((??_main+0)+0+2)
   333  0754                     u2250:
   334  0754  0872               	movf	(??_main+0)+0,w
   335  0755  0084               	movwf	fsr0
   336  0756  1383               	bcf	status, 7	;select IRP bank0
   337                           	
   338  0757  0800               	movf	indf,w
   339  0758  00F5               	movwf	((??_main+0)+0+3)
   340  0759  0AF2               	incf	(??_main+0)+0,f
   341  075A  0873               	movf	((??_main+0)+0+1),w
   342  075B  0084               	movwf	fsr0
   343                           	
   344  075C  0875               	movf	((??_main+0)+0+3),w
   345  075D  0080               	movwf	indf
   346  075E  0AF3               	incf	((??_main+0)+0+1),f
   347  075F  0BF4               	decfsz	((??_main+0)+0+2),f
   348  0760  2F54               	goto	u2250
   349  0761  2F62               	goto	l1914
   350                           	line	16
   351                           ;led99.c: 16: while(1)
   352                           	
   353  0762                     l689:	
   354                           	line	18
   355                           	
   356  0762                     l1914:	
   357                           ;led99.c: 17: {
   358                           ;led99.c: 18: for(i=0; i<10;i++)
   359  0762  1283               	bcf	status, 5	;RP0=0, select bank0
   360  0763  1303               	bcf	status, 6	;RP1=0, select bank0
   361  0764  01AC               	clrf	(main@i)
   362  0765  01AD               	clrf	(main@i+1)
   363                           	
   364  0766                     l1916:	
   365  0766  082D               	movf	(main@i+1),w
   366  0767  3A80               	xorlw	80h
   367  0768  00FF               	movwf	btemp+1
   368  0769  3080               	movlw	(high(0Ah))^80h
   369  076A  027F               	subwf	btemp+1,w
   370  076B  1D03               	skipz
   371  076C  2F6F               	goto	u2265
   372  076D  300A               	movlw	low(0Ah)
   373  076E  022C               	subwf	(main@i),w
   374  076F                     u2265:
   375                           
   376  076F  1C03               	skipc
   377  0770  2F72               	goto	u2261
   378  0771  2F73               	goto	u2260
   379  0772                     u2261:
   380  0772  2F75               	goto	l1920
   381  0773                     u2260:
   382  0773  2F62               	goto	l1914
   383                           	
   384  0774                     l1918:	
   385  0774  2F62               	goto	l1914
   386                           	line	19
   387                           	
   388  0775                     l690:	
   389                           	
   390  0775                     l1920:	
   391                           ;led99.c: 19: for(j=0; j<10; j++)
   392  0775  1283               	bcf	status, 5	;RP0=0, select bank0
   393  0776  1303               	bcf	status, 6	;RP1=0, select bank0
   394  0777  01AE               	clrf	(main@j)
   395  0778  01AF               	clrf	(main@j+1)
   396                           	
   397  0779                     l1922:	
   398  0779  082F               	movf	(main@j+1),w
   399  077A  3A80               	xorlw	80h
   400  077B  00FF               	movwf	btemp+1
   401  077C  3080               	movlw	(high(0Ah))^80h
   402  077D  027F               	subwf	btemp+1,w
   403  077E  1D03               	skipz
   404  077F  2F82               	goto	u2275
   405  0780  300A               	movlw	low(0Ah)
   406  0781  022E               	subwf	(main@j),w
   407  0782                     u2275:
   408                           
   409  0782  1C03               	skipc
   410  0783  2F85               	goto	u2271
   411  0784  2F86               	goto	u2270
   412  0785                     u2271:
   413  0785  2F88               	goto	l1926
   414  0786                     u2270:
   415  0786  2FE5               	goto	l1950
   416                           	
   417  0787                     l1924:	
   418  0787  2FE5               	goto	l1950
   419                           	line	20
   420                           	
   421  0788                     l692:	
   422                           	
   423  0788                     l1926:	
   424                           ;led99.c: 20: for(k=0; k<=10; k++)
   425  0788  1283               	bcf	status, 5	;RP0=0, select bank0
   426  0789  1303               	bcf	status, 6	;RP1=0, select bank0
   427  078A  01AA               	clrf	(main@k)
   428  078B  01AB               	clrf	(main@k+1)
   429                           	
   430  078C                     l1928:	
   431  078C  082B               	movf	(main@k+1),w
   432  078D  3A80               	xorlw	80h
   433  078E  00FF               	movwf	btemp+1
   434  078F  3080               	movlw	(high(0Bh))^80h
   435  0790  027F               	subwf	btemp+1,w
   436  0791  1D03               	skipz
   437  0792  2F95               	goto	u2285
   438  0793  300B               	movlw	low(0Bh)
   439  0794  022A               	subwf	(main@k),w
   440  0795                     u2285:
   441                           
   442  0795  1C03               	skipc
   443  0796  2F98               	goto	u2281
   444  0797  2F99               	goto	u2280
   445  0798                     u2281:
   446  0798  2F9B               	goto	l694
   447  0799                     u2280:
   448  0799  2FCF               	goto	l1946
   449                           	
   450  079A                     l1930:	
   451  079A  2FCF               	goto	l1946
   452                           	line	21
   453                           	
   454  079B                     l694:	
   455                           	line	22
   456                           ;led99.c: 21: {
   457                           ;led99.c: 22: RC0=1;
   458  079B  1283               	bcf	status, 5	;RP0=0, select bank0
   459  079C  1303               	bcf	status, 6	;RP1=0, select bank0
   460  079D  1407               	bsf	(56/8),(56)&7
   461                           	line	23
   462                           ;led99.c: 23: RC1=0;
   463  079E  1087               	bcf	(57/8),(57)&7
   464                           	line	24
   465                           	
   466  079F                     l1932:	
   467                           ;led99.c: 24: PORTD=a[j];
   468  079F  082E               	movf	(main@j),w
   469  07A0  3E20               	addlw	main@a&0ffh
   470  07A1  0084               	movwf	fsr0
   471  07A2  1383               	bcf	status, 7	;select IRP bank0
   472  07A3  0800               	movf	indf,w
   473  07A4  0088               	movwf	(8)	;volatile
   474                           	line	25
   475                           	
   476  07A5                     l1934:	
   477                           ;led99.c: 25: delay();
   478  07A5  120A  118A  271F   	fcall	_delay
              120A  118A         
   479                           	line	26
   480                           	
   481  07AA                     l1936:	
   482                           ;led99.c: 26: RC0=0;
   483  07AA  1283               	bcf	status, 5	;RP0=0, select bank0
   484  07AB  1303               	bcf	status, 6	;RP1=0, select bank0
   485  07AC  1007               	bcf	(56/8),(56)&7
   486                           	line	27
   487                           	
   488  07AD                     l1938:	
   489                           ;led99.c: 27: RC1=1;
   490  07AD  1487               	bsf	(57/8),(57)&7
   491                           	line	28
   492                           	
   493  07AE                     l1940:	
   494                           ;led99.c: 28: PORTD=a[i];
   495  07AE  082C               	movf	(main@i),w
   496  07AF  3E20               	addlw	main@a&0ffh
   497  07B0  0084               	movwf	fsr0
   498  07B1  1383               	bcf	status, 7	;select IRP bank0
   499  07B2  0800               	movf	indf,w
   500  07B3  0088               	movwf	(8)	;volatile
   501                           	line	29
   502                           ;led99.c: 29: delay();
   503  07B4  120A  118A  271F   	fcall	_delay
              120A  118A         
   504                           	line	20
   505                           	
   506  07B9                     l1942:	
   507  07B9  3001               	movlw	low(01h)
   508  07BA  1283               	bcf	status, 5	;RP0=0, select bank0
   509  07BB  1303               	bcf	status, 6	;RP1=0, select bank0
   510  07BC  07AA               	addwf	(main@k),f
   511  07BD  1803               	skipnc
   512  07BE  0AAB               	incf	(main@k+1),f
   513  07BF  3000               	movlw	high(01h)
   514  07C0  07AB               	addwf	(main@k+1),f
   515                           	
   516  07C1                     l1944:	
   517  07C1  082B               	movf	(main@k+1),w
   518  07C2  3A80               	xorlw	80h
   519  07C3  00FF               	movwf	btemp+1
   520  07C4  3080               	movlw	(high(0Bh))^80h
   521  07C5  027F               	subwf	btemp+1,w
   522  07C6  1D03               	skipz
   523  07C7  2FCA               	goto	u2295
   524  07C8  300B               	movlw	low(0Bh)
   525  07C9  022A               	subwf	(main@k),w
   526  07CA                     u2295:
   527                           
   528  07CA  1C03               	skipc
   529  07CB  2FCD               	goto	u2291
   530  07CC  2FCE               	goto	u2290
   531  07CD                     u2291:
   532  07CD  2F9B               	goto	l694
   533  07CE                     u2290:
   534  07CE  2FCF               	goto	l1946
   535                           	
   536  07CF                     l695:	
   537                           	line	19
   538                           	
   539  07CF                     l1946:	
   540  07CF  3001               	movlw	low(01h)
   541  07D0  1283               	bcf	status, 5	;RP0=0, select bank0
   542  07D1  1303               	bcf	status, 6	;RP1=0, select bank0
   543  07D2  07AE               	addwf	(main@j),f
   544  07D3  1803               	skipnc
   545  07D4  0AAF               	incf	(main@j+1),f
   546  07D5  3000               	movlw	high(01h)
   547  07D6  07AF               	addwf	(main@j+1),f
   548                           	
   549  07D7                     l1948:	
   550  07D7  082F               	movf	(main@j+1),w
   551  07D8  3A80               	xorlw	80h
   552  07D9  00FF               	movwf	btemp+1
   553  07DA  3080               	movlw	(high(0Ah))^80h
   554  07DB  027F               	subwf	btemp+1,w
   555  07DC  1D03               	skipz
   556  07DD  2FE0               	goto	u2305
   557  07DE  300A               	movlw	low(0Ah)
   558  07DF  022E               	subwf	(main@j),w
   559  07E0                     u2305:
   560                           
   561  07E0  1C03               	skipc
   562  07E1  2FE3               	goto	u2301
   563  07E2  2FE4               	goto	u2300
   564  07E3                     u2301:
   565  07E3  2F88               	goto	l1926
   566  07E4                     u2300:
   567  07E4  2FE5               	goto	l1950
   568                           	
   569  07E5                     l693:	
   570                           	line	18
   571                           	
   572  07E5                     l1950:	
   573  07E5  3001               	movlw	low(01h)
   574  07E6  1283               	bcf	status, 5	;RP0=0, select bank0
   575  07E7  1303               	bcf	status, 6	;RP1=0, select bank0
   576  07E8  07AC               	addwf	(main@i),f
   577  07E9  1803               	skipnc
   578  07EA  0AAD               	incf	(main@i+1),f
   579  07EB  3000               	movlw	high(01h)
   580  07EC  07AD               	addwf	(main@i+1),f
   581                           	
   582  07ED                     l1952:	
   583  07ED  082D               	movf	(main@i+1),w
   584  07EE  3A80               	xorlw	80h
   585  07EF  00FF               	movwf	btemp+1
   586  07F0  3080               	movlw	(high(0Ah))^80h
   587  07F1  027F               	subwf	btemp+1,w
   588  07F2  1D03               	skipz
   589  07F3  2FF6               	goto	u2315
   590  07F4  300A               	movlw	low(0Ah)
   591  07F5  022C               	subwf	(main@i),w
   592  07F6                     u2315:
   593                           
   594  07F6  1C03               	skipc
   595  07F7  2FF9               	goto	u2311
   596  07F8  2FFA               	goto	u2310
   597  07F9                     u2311:
   598  07F9  2F75               	goto	l1920
   599  07FA                     u2310:
   600  07FA  2F62               	goto	l1914
   601                           	
   602  07FB                     l691:	
   603  07FB  2F62               	goto	l1914
   604                           	line	31
   605                           	
   606  07FC                     l696:	
   607                           	line	16
   608  07FC  2F62               	goto	l1914
   609                           	
   610  07FD                     l697:	
   611                           	line	32
   612                           	
   613  07FD                     l698:	
   614                           	global	start
   615  07FD  120A  118A  2800   	ljmp	start
   616                           	opt stack 0
   617                           GLOBAL	__end_of_main
   618  0800                     	__end_of_main:
   619 ;; =============== function _main ends ============
   620                           
   621                           	signat	_main,90
   622                           	global	_delay
   623                           psect	text73,local,class=CODE,delta=2
   624                           global __ptext73
   625  071F                     __ptext73:
   626                           
   627 ;; *************** function _delay *****************
   628 ;; Defined at:
   629 ;;		line 34 in file "C:\Users\kaVi_aBi\Desktop\New folder\embedded c\led99.c"
   630 ;; Parameters:    Size  Location     Type
   631 ;;		None
   632 ;; Auto vars:     Size  Location     Type
   633 ;;  j               2    0[COMMON] int 
   634 ;; Return value:  Size  Location     Type
   635 ;;		None               void
   636 ;; Registers used:
   637 ;;		wreg, btemp+1
   638 ;; Tracked objects:
   639 ;;		On entry : 0/0
   640 ;;		On exit  : 0/0
   641 ;;		Unchanged: 0/0
   642 ;; Data sizes:     COMMON   BANK0   BANK1   BANK3   BANK2
   643 ;;      Params:         0       0       0       0       0
   644 ;;      Locals:         2       0       0       0       0
   645 ;;      Temps:          0       0       0       0       0
   646 ;;      Totals:         2       0       0       0       0
   647 ;;Total ram usage:        2 bytes
   648 ;; Hardware stack levels used:    1
   649 ;; This function calls:
   650 ;;		Nothing
   651 ;; This function is called by:
   652 ;;		_main
   653 ;; This function uses a non-reentrant model
   654 ;;
   655                           psect	text73
   656                           	file	"C:\Users\kaVi_aBi\Desktop\New folder\embedded c\led99.c"
   657                           	line	34
   658                           	global	__size_of_delay
   659  0028                     	__size_of_delay	equ	__end_of_delay-_delay
   660                           	
   661  071F                     _delay:	
   662                           	opt	stack 7
   663                           ; Regs used in _delay: [wreg+btemp+1]
   664                           	line	35
   665                           	
   666  071F                     l1896:	
   667                           ;led99.c: 35: for(int j=-1500; j<1500; j++);
   668  071F  3024               	movlw	low(-1500)
   669  0720  00F0               	movwf	(delay@j)
   670  0721  30FA               	movlw	high(-1500)
   671  0722  00F1               	movwf	((delay@j))+1
   672                           	
   673  0723                     l1898:	
   674  0723  0871               	movf	(delay@j+1),w
   675  0724  3A80               	xorlw	80h
   676  0725  00FF               	movwf	btemp+1
   677  0726  3085               	movlw	(high(05DCh))^80h
   678  0727  027F               	subwf	btemp+1,w
   679  0728  1D03               	skipz
   680  0729  2F2C               	goto	u2235
   681  072A  30DC               	movlw	low(05DCh)
   682  072B  0270               	subwf	(delay@j),w
   683  072C                     u2235:
   684                           
   685  072C  1C03               	skipc
   686  072D  2F2F               	goto	u2231
   687  072E  2F30               	goto	u2230
   688  072F                     u2231:
   689  072F  2F32               	goto	l1902
   690  0730                     u2230:
   691  0730  2F46               	goto	l703
   692                           	
   693  0731                     l1900:	
   694  0731  2F46               	goto	l703
   695                           	
   696  0732                     l701:	
   697                           	
   698  0732                     l1902:	
   699  0732  3001               	movlw	low(01h)
   700  0733  07F0               	addwf	(delay@j),f
   701  0734  1803               	skipnc
   702  0735  0AF1               	incf	(delay@j+1),f
   703  0736  3000               	movlw	high(01h)
   704  0737  07F1               	addwf	(delay@j+1),f
   705                           	
   706  0738                     l1904:	
   707  0738  0871               	movf	(delay@j+1),w
   708  0739  3A80               	xorlw	80h
   709  073A  00FF               	movwf	btemp+1
   710  073B  3085               	movlw	(high(05DCh))^80h
   711  073C  027F               	subwf	btemp+1,w
   712  073D  1D03               	skipz
   713  073E  2F41               	goto	u2245
   714  073F  30DC               	movlw	low(05DCh)
   715  0740  0270               	subwf	(delay@j),w
   716  0741                     u2245:
   717                           
   718  0741  1C03               	skipc
   719  0742  2F44               	goto	u2241
   720  0743  2F45               	goto	u2240
   721  0744                     u2241:
   722  0744  2F32               	goto	l1902
   723  0745                     u2240:
   724  0745  2F46               	goto	l703
   725                           	
   726  0746                     l702:	
   727                           	line	36
   728                           	
   729  0746                     l703:	
   730  0746  0008               	return
   731                           	opt stack 0
   732                           GLOBAL	__end_of_delay
   733  0747                     	__end_of_delay:
   734 ;; =============== function _delay ends ============
   735                           
   736                           	signat	_delay,88
   737                           psect	text74,local,class=CODE,delta=2
   738                           global __ptext74
   739  0000                     __ptext74:
   740                           	global	btemp
   741  007E                     	btemp set 07Eh
   742                           
   743                           	DABS	1,126,2	;btemp
   744                           	global	wtemp0
   745  007E                     	wtemp0 set btemp


HI-TECH Software PICC Macro Assembler V9.81 build 7503 
Symbol Table                                                                                   Wed Aug 21 12:36:11 2019

                   pc 0002                    fsr 0004                   l701 0732                   l702 0746  
                 l703 0746                   l690 0775                   l691 07FB                   l692 0788  
                 l693 07E5                   l694 079B                   l695 07CF                   l696 07FC  
                 l697 07FD                   l689 0762                   l698 07FD                   _RC0 0038  
                 _RC1 0039                   fsr0 0004                   indf 0000                  l1900 0731  
                l1902 0732                  l1910 074B                  l1904 0738                  l1920 0775  
                l1912 074C                  l1930 079A                  l1922 0779                  l1914 0762  
                l1906 0747                  l1940 07AE                  l1932 079F                  l1924 0787  
                l1916 0766                  l1908 074A                  l1942 07B9                  l1934 07A5  
                l1950 07E5                  l1926 0788                  l1918 0774                  l1952 07ED  
                l1944 07C1                  l1936 07AA                  l1928 078C                  l1938 07AD  
                l1946 07CF                  l1948 07D7                  l1896 071F                  l1898 0723  
                u2300 07E4                  u2301 07E3                  u2230 0730                  u2310 07FA  
                u2231 072F                  u2311 07F9                  u2240 0745                  u2241 0744  
                u2305 07E0                  u2250 0754                  u2235 072C                  u2315 07F6  
                u2260 0773                  u2245 0741                  u2261 0772                  u2270 0786  
                u2271 0785                  u2280 0799                  u2281 0798                  u2265 076F  
                u2290 07CE                  u2291 07CD                  u2275 0782                  u2285 0795  
                u2295 07CA                  _main 0747                  btemp 007E                  start 0000  
               ?_main 0070                 _PORTD 0008                 _TRISD 0088                 _delay 071F  
               main@a 0020                 main@i 002C                 main@j 002E                 main@k 002A  
               pclath 000A                 status 0003                 wtemp0 007E          __end_of_main 0800  
              ??_main 0072                ?_delay 0070                _TRISC0 0438                _TRISC1 0439  
              delay@j 0070        __pcstackCOMMON 0070          __pidataBANK0 06F2         __end_of_delay 0747  
             ??_delay 0070            __pmaintext 0747  end_of_initialization 071B               init_ram 0700  
 start_initialization 070D           __pdataBANK0 0030         __pcstackBANK0 0020        __size_of_delay 0028  
           main@F1092 0030             init_fetch 06FC              __ptext73 071F              __ptext74 0000  
       __size_of_main 00B9  
