

HI-TECH Software PIC LITE Macro Assembler V9.81 build 7503 
                                                                                               Sat Aug 17 13:15:16 2019

HI-TECH Software Omniscient Code Generator (Lite mode) build 7503
     1  0000                     opt subtitle "HI-TECH Software Omniscient Code Generator (Lite mode) build 7503"
     2                           
     3                           opt pagewidth 120
     4                           
     5                           	opt lm
     6                           
     7                           	processor	16F877A
     8                           clrc	macro
     9                           	bcf	3,0
    10  0000                     	endm
    11                           clrz	macro
    12                           	bcf	3,2
    13  0000                     	endm
    14                           setc	macro
    15                           	bsf	3,0
    16  0000                     	endm
    17                           setz	macro
    18                           	bsf	3,2
    19  0000                     	endm
    20                           skipc	macro
    21                           	btfss	3,0
    22  0000                     	endm
    23                           skipz	macro
    24                           	btfss	3,2
    25  0000                     	endm
    26                           skipnc	macro
    27                           	btfsc	3,0
    28  0000                     	endm
    29                           skipnz	macro
    30                           	btfsc	3,2
    31  0000                     	endm
    32  0000                     indf	equ	0
    33  0000                     indf0	equ	0
    34  0002                     pc	equ	2
    35  0002                     pcl	equ	2
    36  0003                     status	equ	3
    37  0004                     fsr	equ	4
    38  0004                     fsr0	equ	4
    39  0001                     c	equ	1
    40  0000                     z	equ	0
    41  000A                     pclath	equ	10
    42                           	FNROOT	_main
    43                           	global	main@F1084
    44                           psect	idataBANK0,class=CODE,space=0,delta=2
    45                           global __pidataBANK0
    46  0727                     __pidataBANK0:
    47                           	file	"C:\Users\kaVi_aBi\Desktop\New folder\embedded c\led3.c"
    48                           	line	5
    49                           
    50                           ;initializer for main@F1084
    51  0727  3401               	retlw	01h
    52  0728  3402               	retlw	02h
    53  0729  3404               	retlw	04h
    54  072A  3408               	retlw	08h
    55  072B  3410               	retlw	010h
    56  072C  3420               	retlw	020h
    57  072D  3440               	retlw	040h
    58  072E  3480               	retlw	080h
    59                           	global	_PORTB
    60  0006                     _PORTB	set	6
    61                           	global	_TRISB
    62  0086                     _TRISB	set	134
    63                           	file	"led22.as"
    64                           	line	#
    65                           psect cinit,class=CODE,delta=2
    66                           global start_initialization
    67  0740                     start_initialization:
    68                           
    69                           psect	dataBANK0,class=BANK0,space=1
    70                           global __pdataBANK0
    71  002E                     __pdataBANK0:
    72                           	file	"C:\Users\kaVi_aBi\Desktop\New folder\embedded c\led3.c"
    73  002E                     main@F1084:
    74  002E                            ds      8
    75                           
    76                           global btemp
    77                           psect inittext,class=CODE,delta=2
    78                           global init_fetch,btemp
    79                           ;	Called with low address in FSR and high address in W
    80  072F                     init_fetch:
    81  072F  087E               	movf btemp,w
    82  0730  008A               	movwf pclath
    83  0731  087F               	movf btemp+1,w
    84  0732  0082               	movwf pc
    85                           global init_ram
    86                           ;Called with:
    87                           ;	high address of idata address in btemp 
    88                           ;	low address of idata address in btemp+1 
    89                           ;	low address of data in FSR
    90                           ;	high address + 1 of data in btemp-1
    91  0733                     init_ram:
    92  0733  272F  120A  118A   	fcall init_fetch
    93  0736  0080               	movwf indf,f
    94  0737  0A84               	incf fsr,f
    95  0738  0804               	movf fsr,w
    96  0739  067D               	xorwf btemp-1,w
    97  073A  1903               	btfsc status,2
    98  073B  3400               	retlw 0
    99  073C  0AFF               	incf btemp+1,f
   100  073D  1903               	btfsc status,2
   101  073E  0AFE               	incf btemp,f
   102  073F  2F33               	goto init_ram
   103                           ; Initialize objects allocated to BANK0
   104                           psect cinit,class=CODE,delta=2
   105                           global init_ram, __pidataBANK0
   106  0740  1383               	bcf	status, 7	;select IRP bank0
   107  0741  3036               	movlw low(__pdataBANK0+8)
   108  0742  00FD               	movwf btemp-1,f
   109  0743  3007               	movlw high(__pidataBANK0)
   110  0744  00FE               	movwf btemp,f
   111  0745  3027               	movlw low(__pidataBANK0)
   112  0746  00FF               	movwf btemp+1,f
   113  0747  302E               	movlw low(__pdataBANK0)
   114  0748  0084               	movwf fsr,f
   115  0749  120A  118A  2733   	fcall init_ram
              120A  118A         
   116                           psect cinit,class=CODE,delta=2
   117                           global end_of_initialization
   118                           
   119                           ;End of C runtime variable initialization code
   120                           
   121  074E                     end_of_initialization:
   122  074E  0183               clrf status
   123  074F  120A  118A  2F52   ljmp _main	;jump to C main() function
   124                           psect	cstackCOMMON,class=COMMON,space=1
   125                           global __pcstackCOMMON
   126  0070                     __pcstackCOMMON:
   127                           	global	??_main
   128  0070                     ??_main:	; 0 bytes @ 0x0
   129                           	global	?_main
   130  0070                     ?_main:	; 2 bytes @ 0x0
   131  0070                     	ds	4
   132                           psect	cstackBANK0,class=BANK0,space=1
   133                           global __pcstackBANK0
   134  0020                     __pcstackBANK0:
   135                           	global	main@a
   136  0020                     main@a:	; 8 bytes @ 0x0
   137  0020                     	ds	8
   138                           	global	main@nu
   139  0028                     main@nu:	; 2 bytes @ 0x8
   140  0028                     	ds	2
   141                           	global	main@i
   142  002A                     main@i:	; 2 bytes @ 0xA
   143  002A                     	ds	2
   144                           	global	main@j
   145  002C                     main@j:	; 2 bytes @ 0xC
   146  002C                     	ds	2
   147 ;;Data sizes: Strings 0, constant 0, data 8, bss 0, persistent 0 stack 0
   148 ;;Auto spaces:   Size  Autos    Used
   149 ;; COMMON          14      4       4
   150 ;; BANK0           80     14      22
   151 ;; BANK1           80      0       0
   152 ;; BANK3           96      0       0
   153 ;; BANK2           96      0       0
   154                           
   155 ;;
   156 ;; Pointer list with targets:
   157                           
   158                           
   159                           
   160 ;;
   161 ;; Critical Paths under _main in COMMON
   162 ;;
   163 ;;   None.
   164 ;;
   165 ;; Critical Paths under _main in BANK0
   166 ;;
   167 ;;   None.
   168 ;;
   169 ;; Critical Paths under _main in BANK1
   170 ;;
   171 ;;   None.
   172 ;;
   173 ;; Critical Paths under _main in BANK3
   174 ;;
   175 ;;   None.
   176 ;;
   177 ;; Critical Paths under _main in BANK2
   178 ;;
   179 ;;   None.
   180                           
   181 ;;
   182 ;;Main: autosize = 0, tempsize = 4, incstack = 0, save=0
   183 ;;
   184                           
   185 ;;
   186 ;;Call Graph Tables:
   187 ;;
   188 ;; ---------------------------------------------------------------------------------
   189 ;; (Depth) Function   	        Calls       Base Space   Used Autos Params    Refs
   190 ;; ---------------------------------------------------------------------------------
   191 ;; (0) _main                                                18    18      0     252
   192 ;;                                              0 COMMON     4     4      0
   193 ;;                                              0 BANK0     14    14      0
   194 ;; ---------------------------------------------------------------------------------
   195 ;; Estimated maximum stack depth 0
   196 ;; ---------------------------------------------------------------------------------
   197                           
   198 ;; Call Graph Graphs:
   199                           
   200 ;; _main (ROOT)
   201 ;;
   202                           
   203 ;; Address spaces:
   204                           
   205 ;;Name               Size   Autos  Total    Cost      Usage
   206 ;;BANK3               60      0       0       9        0.0%
   207 ;;BITBANK3            60      0       0       8        0.0%
   208 ;;SFR3                 0      0       0       4        0.0%
   209 ;;BITSFR3              0      0       0       4        0.0%
   210 ;;BANK2               60      0       0      11        0.0%
   211 ;;BITBANK2            60      0       0      10        0.0%
   212 ;;SFR2                 0      0       0       5        0.0%
   213 ;;BITSFR2              0      0       0       5        0.0%
   214 ;;SFR1                 0      0       0       2        0.0%
   215 ;;BITSFR1              0      0       0       2        0.0%
   216 ;;BANK1               50      0       0       7        0.0%
   217 ;;BITBANK1            50      0       0       6        0.0%
   218 ;;CODE                 0      0       0       0        0.0%
   219 ;;DATA                 0      0      1A      12        0.0%
   220 ;;ABS                  0      0      1A       3        0.0%
   221 ;;NULL                 0      0       0       0        0.0%
   222 ;;STACK                0      0       0       2        0.0%
   223 ;;BANK0               50      E      16       5       27.5%
   224 ;;BITBANK0            50      0       0       4        0.0%
   225 ;;SFR0                 0      0       0       1        0.0%
   226 ;;BITSFR0              0      0       0       1        0.0%
   227 ;;COMMON               E      4       4       1       28.6%
   228 ;;BITCOMMON            E      0       0       0        0.0%
   229 ;;EEDATA             100      0       0       0        0.0%
   230                           
   231                           	global	_main
   232                           psect	maintext,global,class=CODE,delta=2
   233                           global __pmaintext
   234  0752                     __pmaintext:
   235                           
   236 ;; *************** function _main *****************
   237 ;; Defined at:
   238 ;;		line 3 in file "C:\Users\kaVi_aBi\Desktop\New folder\embedded c\led3.c"
   239 ;; Parameters:    Size  Location     Type
   240 ;;		None
   241 ;; Auto vars:     Size  Location     Type
   242 ;;  a               8    0[BANK0 ] unsigned char [8]
   243 ;;  j               2   12[BANK0 ] int 
   244 ;;  i               2   10[BANK0 ] int 
   245 ;;  nu              2    8[BANK0 ] int 
   246 ;; Return value:  Size  Location     Type
   247 ;;                  2  684[COMMON] int 
   248 ;; Registers used:
   249 ;;		wreg, fsr0l, fsr0h, status,2, status,0, btemp+1
   250 ;; Tracked objects:
   251 ;;		On entry : 17F/0
   252 ;;		On exit  : 0/0
   253 ;;		Unchanged: 0/0
   254 ;; Data sizes:     COMMON   BANK0   BANK1   BANK3   BANK2
   255 ;;      Params:         0       0       0       0       0
   256 ;;      Locals:         0      14       0       0       0
   257 ;;      Temps:          4       0       0       0       0
   258 ;;      Totals:         4      14       0       0       0
   259 ;;Total ram usage:       18 bytes
   260 ;; This function calls:
   261 ;;		Nothing
   262 ;; This function is called by:
   263 ;;		Startup code after reset
   264 ;; This function uses a non-reentrant model
   265 ;;
   266                           psect	maintext
   267                           	file	"C:\Users\kaVi_aBi\Desktop\New folder\embedded c\led3.c"
   268                           	line	3
   269                           	global	__size_of_main
   270  00AE                     	__size_of_main	equ	__end_of_main-_main
   271                           	
   272  0752                     _main:	
   273                           	opt	stack 8
   274                           ; Regs used in _main: [wreg-fsr0h+status,2+status,0+btemp+1]
   275                           	line	4
   276                           	
   277  0752                     l1871:	
   278                           ;led3.c: 4: TRISB = 0;
   279  0752  1683               	bsf	status, 5	;RP0=1, select bank1
   280  0753  1303               	bcf	status, 6	;RP1=0, select bank1
   281  0754  0186               	clrf	(134)^080h	;volatile
   282                           	line	5
   283                           	
   284  0755                     l1873:	
   285                           ;led3.c: 5: char a[] = {0X01,0X02,0X04,0X08,0X10,0X20,0X40,0X80};
   286  0755  3020               	movlw	(main@a)&0ffh
   287  0756  0084               	movwf	fsr0
   288  0757  302E               	movlw	low(main@F1084)
   289  0758  00F0               	movwf	(??_main+0)+0
   290  0759  0804               	movf	fsr0,w
   291  075A  00F1               	movwf	((??_main+0)+0+1)
   292  075B  3008               	movlw	8
   293  075C  00F2               	movwf	((??_main+0)+0+2)
   294  075D                     u2210:
   295  075D  0870               	movf	(??_main+0)+0,w
   296  075E  0084               	movwf	fsr0
   297  075F  1383               	bcf	status, 7	;select IRP bank0
   298                           	
   299  0760  0800               	movf	indf,w
   300  0761  00F3               	movwf	((??_main+0)+0+3)
   301  0762  0AF0               	incf	(??_main+0)+0,f
   302  0763  0871               	movf	((??_main+0)+0+1),w
   303  0764  0084               	movwf	fsr0
   304                           	
   305  0765  0873               	movf	((??_main+0)+0+3),w
   306  0766  0080               	movwf	indf
   307  0767  0AF1               	incf	((??_main+0)+0+1),f
   308  0768  0BF2               	decfsz	((??_main+0)+0+2),f
   309  0769  2F5D               	goto	u2210
   310                           	line	7
   311                           	
   312  076A                     l1875:	
   313                           ;led3.c: 6: int i,j,nu;
   314                           ;led3.c: 7: for(i=0; i<4; i++)
   315  076A  1283               	bcf	status, 5	;RP0=0, select bank0
   316  076B  1303               	bcf	status, 6	;RP1=0, select bank0
   317  076C  01AA               	clrf	(main@i)
   318  076D  01AB               	clrf	(main@i+1)
   319                           	
   320  076E                     l1877:	
   321  076E  082B               	movf	(main@i+1),w
   322  076F  3A80               	xorlw	80h
   323  0770  00FF               	movwf	btemp+1
   324  0771  3080               	movlw	(high(04h))^80h
   325  0772  027F               	subwf	btemp+1,w
   326  0773  1D03               	skipz
   327  0774  2F77               	goto	u2225
   328  0775  3004               	movlw	low(04h)
   329  0776  022A               	subwf	(main@i),w
   330  0777                     u2225:
   331                           
   332  0777  1C03               	skipc
   333  0778  2F7A               	goto	u2221
   334  0779  2F7B               	goto	u2220
   335  077A                     u2221:
   336  077A  2F7D               	goto	l1881
   337  077B                     u2220:
   338  077B  2FCF               	goto	l1899
   339                           	
   340  077C                     l1879:	
   341  077C  2FCF               	goto	l1899
   342                           	line	8
   343                           	
   344  077D                     l687:	
   345                           	line	9
   346                           	
   347  077D                     l1881:	
   348                           ;led3.c: 8: {
   349                           ;led3.c: 9: nu=a[i]+a[(i+4)];
   350  077D  1283               	bcf	status, 5	;RP0=0, select bank0
   351  077E  1303               	bcf	status, 6	;RP1=0, select bank0
   352  077F  082A               	movf	(main@i),w
   353  0780  3E04               	addlw	04h
   354  0781  3E20               	addlw	main@a&0ffh
   355  0782  0084               	movwf	fsr
   356  0783  1383               	bcf	status, 7	;select IRP bank0
   357  0784  0800               	movf	indf,w
   358  0785  00F0               	movwf	(??_main+0)+0
   359  0786  082A               	movf	(main@i),w
   360  0787  3E20               	addlw	main@a&0ffh
   361  0788  0084               	movwf	fsr0
   362  0789  0800               	movf	indf,w
   363  078A  0770               	addwf	(??_main+0)+0,w
   364  078B  00A8               	movwf	(main@nu)
   365  078C  01A9               	clrf	(main@nu)+1
   366  078D  0DA9               	rlf	1+(main@nu),f
   367                           	
   368                           	line	10
   369                           	
   370  078E                     l1883:	
   371                           ;led3.c: 10: PORTB = nu;
   372  078E  0828               	movf	(main@nu),w
   373  078F  0086               	movwf	(6)	;volatile
   374                           	line	11
   375                           	
   376  0790                     l1885:	
   377                           ;led3.c: 11: for(j=-30000; j<=30000; j++);
   378  0790  30D0               	movlw	low(-30000)
   379  0791  00AC               	movwf	(main@j)
   380  0792  308A               	movlw	high(-30000)
   381  0793  00AD               	movwf	((main@j))+1
   382                           	
   383  0794                     l1887:	
   384  0794  082D               	movf	(main@j+1),w
   385  0795  3A80               	xorlw	80h
   386  0796  00FF               	movwf	btemp+1
   387  0797  30F5               	movlw	(high(07531h))^80h
   388  0798  027F               	subwf	btemp+1,w
   389  0799  1D03               	skipz
   390  079A  2F9D               	goto	u2235
   391  079B  3031               	movlw	low(07531h)
   392  079C  022C               	subwf	(main@j),w
   393  079D                     u2235:
   394                           
   395  079D  1C03               	skipc
   396  079E  2FA0               	goto	u2231
   397  079F  2FA1               	goto	u2230
   398  07A0                     u2231:
   399  07A0  2FA3               	goto	l1891
   400  07A1                     u2230:
   401  07A1  2FB9               	goto	l1895
   402                           	
   403  07A2                     l1889:	
   404  07A2  2FB9               	goto	l1895
   405                           	
   406  07A3                     l689:	
   407                           	
   408  07A3                     l1891:	
   409  07A3  3001               	movlw	low(01h)
   410  07A4  1283               	bcf	status, 5	;RP0=0, select bank0
   411  07A5  1303               	bcf	status, 6	;RP1=0, select bank0
   412  07A6  07AC               	addwf	(main@j),f
   413  07A7  1803               	skipnc
   414  07A8  0AAD               	incf	(main@j+1),f
   415  07A9  3000               	movlw	high(01h)
   416  07AA  07AD               	addwf	(main@j+1),f
   417                           	
   418  07AB                     l1893:	
   419  07AB  082D               	movf	(main@j+1),w
   420  07AC  3A80               	xorlw	80h
   421  07AD  00FF               	movwf	btemp+1
   422  07AE  30F5               	movlw	(high(07531h))^80h
   423  07AF  027F               	subwf	btemp+1,w
   424  07B0  1D03               	skipz
   425  07B1  2FB4               	goto	u2245
   426  07B2  3031               	movlw	low(07531h)
   427  07B3  022C               	subwf	(main@j),w
   428  07B4                     u2245:
   429                           
   430  07B4  1C03               	skipc
   431  07B5  2FB7               	goto	u2241
   432  07B6  2FB8               	goto	u2240
   433  07B7                     u2241:
   434  07B7  2FA3               	goto	l1891
   435  07B8                     u2240:
   436  07B8  2FB9               	goto	l1895
   437                           	
   438  07B9                     l690:	
   439                           	line	7
   440                           	
   441  07B9                     l1895:	
   442  07B9  3001               	movlw	low(01h)
   443  07BA  1283               	bcf	status, 5	;RP0=0, select bank0
   444  07BB  1303               	bcf	status, 6	;RP1=0, select bank0
   445  07BC  07AA               	addwf	(main@i),f
   446  07BD  1803               	skipnc
   447  07BE  0AAB               	incf	(main@i+1),f
   448  07BF  3000               	movlw	high(01h)
   449  07C0  07AB               	addwf	(main@i+1),f
   450                           	
   451  07C1                     l1897:	
   452  07C1  082B               	movf	(main@i+1),w
   453  07C2  3A80               	xorlw	80h
   454  07C3  00FF               	movwf	btemp+1
   455  07C4  3080               	movlw	(high(04h))^80h
   456  07C5  027F               	subwf	btemp+1,w
   457  07C6  1D03               	skipz
   458  07C7  2FCA               	goto	u2255
   459  07C8  3004               	movlw	low(04h)
   460  07C9  022A               	subwf	(main@i),w
   461  07CA                     u2255:
   462                           
   463  07CA  1C03               	skipc
   464  07CB  2FCD               	goto	u2251
   465  07CC  2FCE               	goto	u2250
   466  07CD                     u2251:
   467  07CD  2F7D               	goto	l1881
   468  07CE                     u2250:
   469  07CE  2FCF               	goto	l1899
   470                           	
   471  07CF                     l688:	
   472                           	line	13
   473                           	
   474  07CF                     l1899:	
   475                           ;led3.c: 12: }
   476                           ;led3.c: 13: PORTB=0;
   477  07CF  1283               	bcf	status, 5	;RP0=0, select bank0
   478  07D0  1303               	bcf	status, 6	;RP1=0, select bank0
   479  07D1  0186               	clrf	(6)	;volatile
   480                           	line	14
   481                           	
   482  07D2                     l1901:	
   483                           ;led3.c: 14: for(j=-30000; j<=30000; j++);
   484  07D2  30D0               	movlw	low(-30000)
   485  07D3  00AC               	movwf	(main@j)
   486  07D4  308A               	movlw	high(-30000)
   487  07D5  00AD               	movwf	((main@j))+1
   488                           	
   489  07D6                     l1903:	
   490  07D6  082D               	movf	(main@j+1),w
   491  07D7  3A80               	xorlw	80h
   492  07D8  00FF               	movwf	btemp+1
   493  07D9  30F5               	movlw	(high(07531h))^80h
   494  07DA  027F               	subwf	btemp+1,w
   495  07DB  1D03               	skipz
   496  07DC  2FDF               	goto	u2265
   497  07DD  3031               	movlw	low(07531h)
   498  07DE  022C               	subwf	(main@j),w
   499  07DF                     u2265:
   500                           
   501  07DF  1C03               	skipc
   502  07E0  2FE2               	goto	u2261
   503  07E1  2FE3               	goto	u2260
   504  07E2                     u2261:
   505  07E2  2FE5               	goto	l1907
   506  07E3                     u2260:
   507  07E3  2FFC               	goto	l694
   508                           	
   509  07E4                     l1905:	
   510  07E4  2FFC               	goto	l694
   511                           	
   512  07E5                     l691:	
   513                           	
   514  07E5                     l1907:	
   515  07E5  3001               	movlw	low(01h)
   516  07E6  1283               	bcf	status, 5	;RP0=0, select bank0
   517  07E7  1303               	bcf	status, 6	;RP1=0, select bank0
   518  07E8  07AC               	addwf	(main@j),f
   519  07E9  1803               	skipnc
   520  07EA  0AAD               	incf	(main@j+1),f
   521  07EB  3000               	movlw	high(01h)
   522  07EC  07AD               	addwf	(main@j+1),f
   523                           	
   524  07ED                     l1909:	
   525  07ED  082D               	movf	(main@j+1),w
   526  07EE  3A80               	xorlw	80h
   527  07EF  00FF               	movwf	btemp+1
   528  07F0  30F5               	movlw	(high(07531h))^80h
   529  07F1  027F               	subwf	btemp+1,w
   530  07F2  1D03               	skipz
   531  07F3  2FF6               	goto	u2275
   532  07F4  3031               	movlw	low(07531h)
   533  07F5  022C               	subwf	(main@j),w
   534  07F6                     u2275:
   535                           
   536  07F6  1C03               	skipc
   537  07F7  2FF9               	goto	u2271
   538  07F8  2FFA               	goto	u2270
   539  07F9                     u2271:
   540  07F9  2FE5               	goto	l1907
   541  07FA                     u2270:
   542  07FA  2FFC               	goto	l694
   543                           	
   544  07FB                     l692:	
   545  07FB  2FFC               	goto	l694
   546                           	line	15
   547                           ;led3.c: 15: while(1);
   548                           	
   549  07FC                     l693:	
   550                           	
   551  07FC                     l694:	
   552  07FC  2FFC               	goto	l694
   553                           	
   554  07FD                     l695:	
   555                           	line	16
   556                           	
   557  07FD                     l696:	
   558                           	global	start
   559  07FD  120A  118A  2800   	ljmp	start
   560                           	opt stack 0
   561                           GLOBAL	__end_of_main
   562  0800                     	__end_of_main:
   563 ;; =============== function _main ends ============
   564                           
   565                           	signat	_main,90
   566                           psect	maintext
   567                           	global	btemp
   568  007E                     	btemp set 07Eh
   569                           
   570                           	DABS	1,126,2	;btemp
   571                           	global	wtemp0
   572  007E                     	wtemp0 set btemp


HI-TECH Software PICC Macro Assembler V9.81 build 7503 
Symbol Table                                                                                   Sat Aug 17 13:15:16 2019

                   pc 0002                    fsr 0004                   l690 07B9                   l691 07E5  
                 l692 07FB                   l693 07FC                   l694 07FC                   l695 07FD  
                 l687 077D                   l696 07FD                   l688 07CF                   l689 07A3  
                 fsr0 0004                   indf 0000                  l1901 07D2                  l1903 07D6  
                l1905 07E4                  l1907 07E5                  l1909 07ED                  l1871 0752  
                l1881 077D                  l1873 0755                  l1891 07A3                  l1883 078E  
                l1875 076A                  l1893 07AB                  l1885 0790                  l1877 076E  
                l1895 07B9                  l1887 0794                  l1879 077C                  l1897 07C1  
                l1889 07A2                  l1899 07CF                  u2210 075D                  u2220 077B  
                u2221 077A                  u2230 07A1                  u2231 07A0                  u2240 07B8  
                u2241 07B7                  u2225 0777                  u2250 07CE                  u2251 07CD  
                u2235 079D                  u2260 07E3                  u2261 07E2                  u2245 07B4  
                u2270 07FA                  u2271 07F9                  u2255 07CA                  u2265 07DF  
                u2275 07F6                  _main 0752                  btemp 007E                  start 0000  
               ?_main 0070                 _PORTB 0006                 _TRISB 0086                 main@a 0020  
               main@i 002A                 main@j 002C                 pclath 000A                 status 0003  
               wtemp0 007E          __end_of_main 0800                ??_main 0070                main@nu 0028  
      __pcstackCOMMON 0070          __pidataBANK0 0727            __pmaintext 0752  end_of_initialization 074E  
             init_ram 0733   start_initialization 0740           __pdataBANK0 002E         __pcstackBANK0 0020  
           main@F1084 002E             init_fetch 072F         __size_of_main 00AE  
