

HI-TECH Software PIC LITE Macro Assembler V9.81 build 7503 
                                                                                               Mon Aug 19 05:34:43 2019

HI-TECH Software Omniscient Code Generator (Lite mode) build 7503
     1  0000                     opt subtitle "HI-TECH Software Omniscient Code Generator (Lite mode) build 7503"
     2                           
     3                           opt pagewidth 120
     4                           
     5                           	opt lm
     6                           
     7                           	processor	16F877A
     8                           clrc	macro
     9                           	bcf	3,0
    10  0000                     	endm
    11                           clrz	macro
    12                           	bcf	3,2
    13  0000                     	endm
    14                           setc	macro
    15                           	bsf	3,0
    16  0000                     	endm
    17                           setz	macro
    18                           	bsf	3,2
    19  0000                     	endm
    20                           skipc	macro
    21                           	btfss	3,0
    22  0000                     	endm
    23                           skipz	macro
    24                           	btfss	3,2
    25  0000                     	endm
    26                           skipnc	macro
    27                           	btfsc	3,0
    28  0000                     	endm
    29                           skipnz	macro
    30                           	btfsc	3,2
    31  0000                     	endm
    32  0000                     indf	equ	0
    33  0000                     indf0	equ	0
    34  0002                     pc	equ	2
    35  0002                     pcl	equ	2
    36  0003                     status	equ	3
    37  0004                     fsr	equ	4
    38  0004                     fsr0	equ	4
    39  0001                     c	equ	1
    40  0000                     z	equ	0
    41  000A                     pclath	equ	10
    42                           	FNROOT	_main
    43                           	global	main@F1084
    44                           psect	idataBANK0,class=CODE,space=0,delta=2
    45                           global __pidataBANK0
    46  0732                     __pidataBANK0:
    47                           	file	"C:\Users\kaVi_aBi\Desktop\New folder\embedded c\led8.c"
    48                           	line	5
    49                           
    50                           ;initializer for main@F1084
    51  0732  3401               	retlw	01h
    52  0733  3402               	retlw	02h
    53  0734  3404               	retlw	04h
    54  0735  3408               	retlw	08h
    55  0736  3410               	retlw	010h
    56  0737  3420               	retlw	020h
    57  0738  3440               	retlw	040h
    58  0739  3480               	retlw	080h
    59                           	global	_PORTB
    60  0006                     _PORTB	set	6
    61                           	global	_TRISB
    62  0086                     _TRISB	set	134
    63                           	file	"led27.as"
    64                           	line	#
    65                           psect cinit,class=CODE,delta=2
    66                           global start_initialization
    67  074B                     start_initialization:
    68                           
    69                           psect	dataBANK0,class=BANK0,space=1
    70                           global __pdataBANK0
    71  002C                     __pdataBANK0:
    72                           	file	"C:\Users\kaVi_aBi\Desktop\New folder\embedded c\led8.c"
    73  002C                     main@F1084:
    74  002C                            ds      8
    75                           
    76                           global btemp
    77                           psect inittext,class=CODE,delta=2
    78                           global init_fetch,btemp
    79                           ;	Called with low address in FSR and high address in W
    80  073A                     init_fetch:
    81  073A  087E               	movf btemp,w
    82  073B  008A               	movwf pclath
    83  073C  087F               	movf btemp+1,w
    84  073D  0082               	movwf pc
    85                           global init_ram
    86                           ;Called with:
    87                           ;	high address of idata address in btemp 
    88                           ;	low address of idata address in btemp+1 
    89                           ;	low address of data in FSR
    90                           ;	high address + 1 of data in btemp-1
    91  073E                     init_ram:
    92  073E  273A  120A  118A   	fcall init_fetch
    93  0741  0080               	movwf indf,f
    94  0742  0A84               	incf fsr,f
    95  0743  0804               	movf fsr,w
    96  0744  067D               	xorwf btemp-1,w
    97  0745  1903               	btfsc status,2
    98  0746  3400               	retlw 0
    99  0747  0AFF               	incf btemp+1,f
   100  0748  1903               	btfsc status,2
   101  0749  0AFE               	incf btemp,f
   102  074A  2F3E               	goto init_ram
   103                           ; Initialize objects allocated to BANK0
   104                           psect cinit,class=CODE,delta=2
   105                           global init_ram, __pidataBANK0
   106  074B  1383               	bcf	status, 7	;select IRP bank0
   107  074C  3034               	movlw low(__pdataBANK0+8)
   108  074D  00FD               	movwf btemp-1,f
   109  074E  3007               	movlw high(__pidataBANK0)
   110  074F  00FE               	movwf btemp,f
   111  0750  3032               	movlw low(__pidataBANK0)
   112  0751  00FF               	movwf btemp+1,f
   113  0752  302C               	movlw low(__pdataBANK0)
   114  0753  0084               	movwf fsr,f
   115  0754  120A  118A  273E   	fcall init_ram
              120A  118A         
   116                           psect cinit,class=CODE,delta=2
   117                           global end_of_initialization
   118                           
   119                           ;End of C runtime variable initialization code
   120                           
   121  0759                     end_of_initialization:
   122  0759  0183               clrf status
   123  075A  120A  118A  2F5D   ljmp _main	;jump to C main() function
   124                           psect	cstackCOMMON,class=COMMON,space=1
   125                           global __pcstackCOMMON
   126  0070                     __pcstackCOMMON:
   127                           	global	??_main
   128  0070                     ??_main:	; 0 bytes @ 0x0
   129                           	global	?_main
   130  0070                     ?_main:	; 2 bytes @ 0x0
   131  0070                     	ds	4
   132                           psect	cstackBANK0,class=BANK0,space=1
   133                           global __pcstackBANK0
   134  0020                     __pcstackBANK0:
   135                           	global	main@a
   136  0020                     main@a:	; 8 bytes @ 0x0
   137  0020                     	ds	8
   138                           	global	main@i
   139  0028                     main@i:	; 2 bytes @ 0x8
   140  0028                     	ds	2
   141                           	global	main@j
   142  002A                     main@j:	; 2 bytes @ 0xA
   143  002A                     	ds	2
   144 ;;Data sizes: Strings 0, constant 0, data 8, bss 0, persistent 0 stack 0
   145 ;;Auto spaces:   Size  Autos    Used
   146 ;; COMMON          14      4       4
   147 ;; BANK0           80     12      20
   148 ;; BANK1           80      0       0
   149 ;; BANK3           96      0       0
   150 ;; BANK2           96      0       0
   151                           
   152 ;;
   153 ;; Pointer list with targets:
   154                           
   155                           
   156                           
   157 ;;
   158 ;; Critical Paths under _main in COMMON
   159 ;;
   160 ;;   None.
   161 ;;
   162 ;; Critical Paths under _main in BANK0
   163 ;;
   164 ;;   None.
   165 ;;
   166 ;; Critical Paths under _main in BANK1
   167 ;;
   168 ;;   None.
   169 ;;
   170 ;; Critical Paths under _main in BANK3
   171 ;;
   172 ;;   None.
   173 ;;
   174 ;; Critical Paths under _main in BANK2
   175 ;;
   176 ;;   None.
   177                           
   178 ;;
   179 ;;Main: autosize = 0, tempsize = 4, incstack = 0, save=0
   180 ;;
   181                           
   182 ;;
   183 ;;Call Graph Tables:
   184 ;;
   185 ;; ---------------------------------------------------------------------------------
   186 ;; (Depth) Function   	        Calls       Base Space   Used Autos Params    Refs
   187 ;; ---------------------------------------------------------------------------------
   188 ;; (0) _main                                                16    16      0     184
   189 ;;                                              0 COMMON     4     4      0
   190 ;;                                              0 BANK0     12    12      0
   191 ;; ---------------------------------------------------------------------------------
   192 ;; Estimated maximum stack depth 0
   193 ;; ---------------------------------------------------------------------------------
   194                           
   195 ;; Call Graph Graphs:
   196                           
   197 ;; _main (ROOT)
   198 ;;
   199                           
   200 ;; Address spaces:
   201                           
   202 ;;Name               Size   Autos  Total    Cost      Usage
   203 ;;BANK3               60      0       0       9        0.0%
   204 ;;BITBANK3            60      0       0       8        0.0%
   205 ;;SFR3                 0      0       0       4        0.0%
   206 ;;BITSFR3              0      0       0       4        0.0%
   207 ;;BANK2               60      0       0      11        0.0%
   208 ;;BITBANK2            60      0       0      10        0.0%
   209 ;;SFR2                 0      0       0       5        0.0%
   210 ;;BITSFR2              0      0       0       5        0.0%
   211 ;;SFR1                 0      0       0       2        0.0%
   212 ;;BITSFR1              0      0       0       2        0.0%
   213 ;;BANK1               50      0       0       7        0.0%
   214 ;;BITBANK1            50      0       0       6        0.0%
   215 ;;CODE                 0      0       0       0        0.0%
   216 ;;DATA                 0      0      18      12        0.0%
   217 ;;ABS                  0      0      18       3        0.0%
   218 ;;NULL                 0      0       0       0        0.0%
   219 ;;STACK                0      0       0       2        0.0%
   220 ;;BANK0               50      C      14       5       25.0%
   221 ;;BITBANK0            50      0       0       4        0.0%
   222 ;;SFR0                 0      0       0       1        0.0%
   223 ;;BITSFR0              0      0       0       1        0.0%
   224 ;;COMMON               E      4       4       1       28.6%
   225 ;;BITCOMMON            E      0       0       0        0.0%
   226 ;;EEDATA             100      0       0       0        0.0%
   227                           
   228                           	global	_main
   229                           psect	maintext,global,class=CODE,delta=2
   230                           global __pmaintext
   231  075D                     __pmaintext:
   232                           
   233 ;; *************** function _main *****************
   234 ;; Defined at:
   235 ;;		line 3 in file "C:\Users\kaVi_aBi\Desktop\New folder\embedded c\led8.c"
   236 ;; Parameters:    Size  Location     Type
   237 ;;		None
   238 ;; Auto vars:     Size  Location     Type
   239 ;;  a               8    0[BANK0 ] unsigned char [8]
   240 ;;  j               2   10[BANK0 ] int 
   241 ;;  i               2    8[BANK0 ] int 
   242 ;; Return value:  Size  Location     Type
   243 ;;                  2  684[COMMON] int 
   244 ;; Registers used:
   245 ;;		wreg, fsr0l, fsr0h, status,2, status,0, btemp+1
   246 ;; Tracked objects:
   247 ;;		On entry : 17F/0
   248 ;;		On exit  : 0/0
   249 ;;		Unchanged: 0/0
   250 ;; Data sizes:     COMMON   BANK0   BANK1   BANK3   BANK2
   251 ;;      Params:         0       0       0       0       0
   252 ;;      Locals:         0      12       0       0       0
   253 ;;      Temps:          4       0       0       0       0
   254 ;;      Totals:         4      12       0       0       0
   255 ;;Total ram usage:       16 bytes
   256 ;; This function calls:
   257 ;;		Nothing
   258 ;; This function is called by:
   259 ;;		Startup code after reset
   260 ;; This function uses a non-reentrant model
   261 ;;
   262                           psect	maintext
   263                           	file	"C:\Users\kaVi_aBi\Desktop\New folder\embedded c\led8.c"
   264                           	line	3
   265                           	global	__size_of_main
   266  00A3                     	__size_of_main	equ	__end_of_main-_main
   267                           	
   268  075D                     _main:	
   269                           	opt	stack 8
   270                           ; Regs used in _main: [wreg-fsr0h+status,2+status,0+btemp+1]
   271                           	line	4
   272                           	
   273  075D                     l1869:	
   274                           ;led8.c: 4: TRISB = 0;
   275  075D  1683               	bsf	status, 5	;RP0=1, select bank1
   276  075E  1303               	bcf	status, 6	;RP1=0, select bank1
   277  075F  0186               	clrf	(134)^080h	;volatile
   278                           	line	5
   279                           	
   280  0760                     l1871:	
   281                           ;led8.c: 5: char a[] = {0X01,0X02,0X04,0X08,0X10,0X20,0X40,0X80};
   282  0760  3020               	movlw	(main@a)&0ffh
   283  0761  0084               	movwf	fsr0
   284  0762  302C               	movlw	low(main@F1084)
   285  0763  00F0               	movwf	(??_main+0)+0
   286  0764  0804               	movf	fsr0,w
   287  0765  00F1               	movwf	((??_main+0)+0+1)
   288  0766  3008               	movlw	8
   289  0767  00F2               	movwf	((??_main+0)+0+2)
   290  0768                     u2210:
   291  0768  0870               	movf	(??_main+0)+0,w
   292  0769  0084               	movwf	fsr0
   293  076A  1383               	bcf	status, 7	;select IRP bank0
   294                           	
   295  076B  0800               	movf	indf,w
   296  076C  00F3               	movwf	((??_main+0)+0+3)
   297  076D  0AF0               	incf	(??_main+0)+0,f
   298  076E  0871               	movf	((??_main+0)+0+1),w
   299  076F  0084               	movwf	fsr0
   300                           	
   301  0770  0873               	movf	((??_main+0)+0+3),w
   302  0771  0080               	movwf	indf
   303  0772  0AF1               	incf	((??_main+0)+0+1),f
   304  0773  0BF2               	decfsz	((??_main+0)+0+2),f
   305  0774  2F68               	goto	u2210
   306                           	line	7
   307                           	
   308  0775                     l1873:	
   309                           ;led8.c: 6: int i,j;
   310                           ;led8.c: 7: for(i=0; i<8; i++)
   311  0775  1283               	bcf	status, 5	;RP0=0, select bank0
   312  0776  1303               	bcf	status, 6	;RP1=0, select bank0
   313  0777  01A8               	clrf	(main@i)
   314  0778  01A9               	clrf	(main@i+1)
   315                           	
   316  0779                     l1875:	
   317  0779  0829               	movf	(main@i+1),w
   318  077A  3A80               	xorlw	80h
   319  077B  00FF               	movwf	btemp+1
   320  077C  3080               	movlw	(high(08h))^80h
   321  077D  027F               	subwf	btemp+1,w
   322  077E  1D03               	skipz
   323  077F  2F82               	goto	u2225
   324  0780  3008               	movlw	low(08h)
   325  0781  0228               	subwf	(main@i),w
   326  0782                     u2225:
   327                           
   328  0782  1C03               	skipc
   329  0783  2F85               	goto	u2221
   330  0784  2F86               	goto	u2220
   331  0785                     u2221:
   332  0785  2F88               	goto	l1879
   333  0786                     u2220:
   334  0786  2FCF               	goto	l1895
   335                           	
   336  0787                     l1877:	
   337  0787  2FCF               	goto	l1895
   338                           	line	8
   339                           	
   340  0788                     l687:	
   341                           	line	9
   342                           	
   343  0788                     l1879:	
   344                           ;led8.c: 8: {
   345                           ;led8.c: 9: PORTB = a[i];
   346  0788  1283               	bcf	status, 5	;RP0=0, select bank0
   347  0789  1303               	bcf	status, 6	;RP1=0, select bank0
   348  078A  0828               	movf	(main@i),w
   349  078B  3E20               	addlw	main@a&0ffh
   350  078C  0084               	movwf	fsr0
   351  078D  1383               	bcf	status, 7	;select IRP bank0
   352  078E  0800               	movf	indf,w
   353  078F  0086               	movwf	(6)	;volatile
   354                           	line	10
   355                           	
   356  0790                     l1881:	
   357                           ;led8.c: 10: for(j=-30000; j<=30000; j++);
   358  0790  30D0               	movlw	low(-30000)
   359  0791  00AA               	movwf	(main@j)
   360  0792  308A               	movlw	high(-30000)
   361  0793  00AB               	movwf	((main@j))+1
   362                           	
   363  0794                     l1883:	
   364  0794  082B               	movf	(main@j+1),w
   365  0795  3A80               	xorlw	80h
   366  0796  00FF               	movwf	btemp+1
   367  0797  30F5               	movlw	(high(07531h))^80h
   368  0798  027F               	subwf	btemp+1,w
   369  0799  1D03               	skipz
   370  079A  2F9D               	goto	u2235
   371  079B  3031               	movlw	low(07531h)
   372  079C  022A               	subwf	(main@j),w
   373  079D                     u2235:
   374                           
   375  079D  1C03               	skipc
   376  079E  2FA0               	goto	u2231
   377  079F  2FA1               	goto	u2230
   378  07A0                     u2231:
   379  07A0  2FA3               	goto	l1887
   380  07A1                     u2230:
   381  07A1  2FB9               	goto	l1891
   382                           	
   383  07A2                     l1885:	
   384  07A2  2FB9               	goto	l1891
   385                           	
   386  07A3                     l689:	
   387                           	
   388  07A3                     l1887:	
   389  07A3  3001               	movlw	low(01h)
   390  07A4  1283               	bcf	status, 5	;RP0=0, select bank0
   391  07A5  1303               	bcf	status, 6	;RP1=0, select bank0
   392  07A6  07AA               	addwf	(main@j),f
   393  07A7  1803               	skipnc
   394  07A8  0AAB               	incf	(main@j+1),f
   395  07A9  3000               	movlw	high(01h)
   396  07AA  07AB               	addwf	(main@j+1),f
   397                           	
   398  07AB                     l1889:	
   399  07AB  082B               	movf	(main@j+1),w
   400  07AC  3A80               	xorlw	80h
   401  07AD  00FF               	movwf	btemp+1
   402  07AE  30F5               	movlw	(high(07531h))^80h
   403  07AF  027F               	subwf	btemp+1,w
   404  07B0  1D03               	skipz
   405  07B1  2FB4               	goto	u2245
   406  07B2  3031               	movlw	low(07531h)
   407  07B3  022A               	subwf	(main@j),w
   408  07B4                     u2245:
   409                           
   410  07B4  1C03               	skipc
   411  07B5  2FB7               	goto	u2241
   412  07B6  2FB8               	goto	u2240
   413  07B7                     u2241:
   414  07B7  2FA3               	goto	l1887
   415  07B8                     u2240:
   416  07B8  2FB9               	goto	l1891
   417                           	
   418  07B9                     l690:	
   419                           	line	7
   420                           	
   421  07B9                     l1891:	
   422  07B9  3001               	movlw	low(01h)
   423  07BA  1283               	bcf	status, 5	;RP0=0, select bank0
   424  07BB  1303               	bcf	status, 6	;RP1=0, select bank0
   425  07BC  07A8               	addwf	(main@i),f
   426  07BD  1803               	skipnc
   427  07BE  0AA9               	incf	(main@i+1),f
   428  07BF  3000               	movlw	high(01h)
   429  07C0  07A9               	addwf	(main@i+1),f
   430                           	
   431  07C1                     l1893:	
   432  07C1  0829               	movf	(main@i+1),w
   433  07C2  3A80               	xorlw	80h
   434  07C3  00FF               	movwf	btemp+1
   435  07C4  3080               	movlw	(high(08h))^80h
   436  07C5  027F               	subwf	btemp+1,w
   437  07C6  1D03               	skipz
   438  07C7  2FCA               	goto	u2255
   439  07C8  3008               	movlw	low(08h)
   440  07C9  0228               	subwf	(main@i),w
   441  07CA                     u2255:
   442                           
   443  07CA  1C03               	skipc
   444  07CB  2FCD               	goto	u2251
   445  07CC  2FCE               	goto	u2250
   446  07CD                     u2251:
   447  07CD  2F88               	goto	l1879
   448  07CE                     u2250:
   449  07CE  2FCF               	goto	l1895
   450                           	
   451  07CF                     l688:	
   452                           	line	12
   453                           	
   454  07CF                     l1895:	
   455                           ;led8.c: 11: }
   456                           ;led8.c: 12: PORTB=0;
   457  07CF  1283               	bcf	status, 5	;RP0=0, select bank0
   458  07D0  1303               	bcf	status, 6	;RP1=0, select bank0
   459  07D1  0186               	clrf	(6)	;volatile
   460                           	line	13
   461                           	
   462  07D2                     l1897:	
   463                           ;led8.c: 13: for(j=-30000; j<=30000; j++);
   464  07D2  30D0               	movlw	low(-30000)
   465  07D3  00AA               	movwf	(main@j)
   466  07D4  308A               	movlw	high(-30000)
   467  07D5  00AB               	movwf	((main@j))+1
   468                           	
   469  07D6                     l1899:	
   470  07D6  082B               	movf	(main@j+1),w
   471  07D7  3A80               	xorlw	80h
   472  07D8  00FF               	movwf	btemp+1
   473  07D9  30F5               	movlw	(high(07531h))^80h
   474  07DA  027F               	subwf	btemp+1,w
   475  07DB  1D03               	skipz
   476  07DC  2FDF               	goto	u2265
   477  07DD  3031               	movlw	low(07531h)
   478  07DE  022A               	subwf	(main@j),w
   479  07DF                     u2265:
   480                           
   481  07DF  1C03               	skipc
   482  07E0  2FE2               	goto	u2261
   483  07E1  2FE3               	goto	u2260
   484  07E2                     u2261:
   485  07E2  2FE5               	goto	l1903
   486  07E3                     u2260:
   487  07E3  2FFC               	goto	l694
   488                           	
   489  07E4                     l1901:	
   490  07E4  2FFC               	goto	l694
   491                           	
   492  07E5                     l691:	
   493                           	
   494  07E5                     l1903:	
   495  07E5  3001               	movlw	low(01h)
   496  07E6  1283               	bcf	status, 5	;RP0=0, select bank0
   497  07E7  1303               	bcf	status, 6	;RP1=0, select bank0
   498  07E8  07AA               	addwf	(main@j),f
   499  07E9  1803               	skipnc
   500  07EA  0AAB               	incf	(main@j+1),f
   501  07EB  3000               	movlw	high(01h)
   502  07EC  07AB               	addwf	(main@j+1),f
   503                           	
   504  07ED                     l1905:	
   505  07ED  082B               	movf	(main@j+1),w
   506  07EE  3A80               	xorlw	80h
   507  07EF  00FF               	movwf	btemp+1
   508  07F0  30F5               	movlw	(high(07531h))^80h
   509  07F1  027F               	subwf	btemp+1,w
   510  07F2  1D03               	skipz
   511  07F3  2FF6               	goto	u2275
   512  07F4  3031               	movlw	low(07531h)
   513  07F5  022A               	subwf	(main@j),w
   514  07F6                     u2275:
   515                           
   516  07F6  1C03               	skipc
   517  07F7  2FF9               	goto	u2271
   518  07F8  2FFA               	goto	u2270
   519  07F9                     u2271:
   520  07F9  2FE5               	goto	l1903
   521  07FA                     u2270:
   522  07FA  2FFC               	goto	l694
   523                           	
   524  07FB                     l692:	
   525  07FB  2FFC               	goto	l694
   526                           	line	14
   527                           ;led8.c: 14: while(1);
   528                           	
   529  07FC                     l693:	
   530                           	
   531  07FC                     l694:	
   532  07FC  2FFC               	goto	l694
   533                           	
   534  07FD                     l695:	
   535                           	line	15
   536                           	
   537  07FD                     l696:	
   538                           	global	start
   539  07FD  120A  118A  2800   	ljmp	start
   540                           	opt stack 0
   541                           GLOBAL	__end_of_main
   542  0800                     	__end_of_main:
   543 ;; =============== function _main ends ============
   544                           
   545                           	signat	_main,90
   546                           psect	maintext
   547                           	global	btemp
   548  007E                     	btemp set 07Eh
   549                           
   550                           	DABS	1,126,2	;btemp
   551                           	global	wtemp0
   552  007E                     	wtemp0 set btemp


HI-TECH Software PICC Macro Assembler V9.81 build 7503 
Symbol Table                                                                                   Mon Aug 19 05:34:43 2019

                   pc 0002                    fsr 0004                   l690 07B9                   l691 07E5  
                 l692 07FB                   l693 07FC                   l694 07FC                   l695 07FD  
                 l687 0788                   l696 07FD                   l688 07CF                   l689 07A3  
                 fsr0 0004                   indf 0000                  l1901 07E4                  l1903 07E5  
                l1905 07ED                  l1871 0760                  l1881 0790                  l1873 0775  
                l1891 07B9                  l1883 0794                  l1875 0779                  l1893 07C1  
                l1885 07A2                  l1877 0787                  l1869 075D                  l1887 07A3  
                l1895 07CF                  l1879 0788                  l1897 07D2                  l1889 07AB  
                l1899 07D6                  u2210 0768                  u2220 0786                  u2221 0785  
                u2230 07A1                  u2231 07A0                  u2240 07B8                  u2241 07B7  
                u2225 0782                  u2250 07CE                  u2251 07CD                  u2235 079D  
                u2260 07E3                  u2261 07E2                  u2245 07B4                  u2270 07FA  
                u2271 07F9                  u2255 07CA                  u2265 07DF                  u2275 07F6  
                _main 075D                  btemp 007E                  start 0000                 ?_main 0070  
               _PORTB 0006                 _TRISB 0086                 main@a 0020                 main@i 0028  
               main@j 002A                 pclath 000A                 status 0003                 wtemp0 007E  
        __end_of_main 0800                ??_main 0070        __pcstackCOMMON 0070          __pidataBANK0 0732  
          __pmaintext 075D  end_of_initialization 0759               init_ram 073E   start_initialization 074B  
         __pdataBANK0 002C         __pcstackBANK0 0020             main@F1084 002C             init_fetch 073A  
       __size_of_main 00A3  
