

HI-TECH Software PIC LITE Macro Assembler V9.81 build 7503 
                                                                                               Sun Aug 18 04:26:08 2019

HI-TECH Software Omniscient Code Generator (Lite mode) build 7503
     1  0000                     opt subtitle "HI-TECH Software Omniscient Code Generator (Lite mode) build 7503"
     2                           
     3                           opt pagewidth 120
     4                           
     5                           	opt lm
     6                           
     7                           	processor	16F877A
     8                           clrc	macro
     9                           	bcf	3,0
    10  0000                     	endm
    11                           clrz	macro
    12                           	bcf	3,2
    13  0000                     	endm
    14                           setc	macro
    15                           	bsf	3,0
    16  0000                     	endm
    17                           setz	macro
    18                           	bsf	3,2
    19  0000                     	endm
    20                           skipc	macro
    21                           	btfss	3,0
    22  0000                     	endm
    23                           skipz	macro
    24                           	btfss	3,2
    25  0000                     	endm
    26                           skipnc	macro
    27                           	btfsc	3,0
    28  0000                     	endm
    29                           skipnz	macro
    30                           	btfsc	3,2
    31  0000                     	endm
    32  0000                     indf	equ	0
    33  0000                     indf0	equ	0
    34  0002                     pc	equ	2
    35  0002                     pcl	equ	2
    36  0003                     status	equ	3
    37  0004                     fsr	equ	4
    38  0004                     fsr0	equ	4
    39  0001                     c	equ	1
    40  0000                     z	equ	0
    41  000A                     pclath	equ	10
    42                           	FNROOT	_main
    43                           	global	main@F1084
    44                           psect	idataBANK0,class=CODE,space=0,delta=2
    45                           global __pidataBANK0
    46  06E6                     __pidataBANK0:
    47                           	file	"C:\Users\kaVi_aBi\Desktop\New folder\embedded c\led4.c"
    48                           	line	5
    49                           
    50                           ;initializer for main@F1084
    51  06E6  3401               	retlw	01h
    52  06E7  3402               	retlw	02h
    53  06E8  3404               	retlw	04h
    54  06E9  3408               	retlw	08h
    55  06EA  3410               	retlw	010h
    56  06EB  3420               	retlw	020h
    57  06EC  3440               	retlw	040h
    58  06ED  3480               	retlw	080h
    59                           	global	_PORTB
    60  0006                     _PORTB	set	6
    61                           	global	_TRISB
    62  0086                     _TRISB	set	134
    63                           	file	"led23.as"
    64                           	line	#
    65                           psect cinit,class=CODE,delta=2
    66                           global start_initialization
    67  06FF                     start_initialization:
    68                           
    69                           psect	dataBANK0,class=BANK0,space=1
    70                           global __pdataBANK0
    71  002E                     __pdataBANK0:
    72                           	file	"C:\Users\kaVi_aBi\Desktop\New folder\embedded c\led4.c"
    73  002E                     main@F1084:
    74  002E                            ds      8
    75                           
    76                           global btemp
    77                           psect inittext,class=CODE,delta=2
    78                           global init_fetch,btemp
    79                           ;	Called with low address in FSR and high address in W
    80  06EE                     init_fetch:
    81  06EE  087E               	movf btemp,w
    82  06EF  008A               	movwf pclath
    83  06F0  087F               	movf btemp+1,w
    84  06F1  0082               	movwf pc
    85                           global init_ram
    86                           ;Called with:
    87                           ;	high address of idata address in btemp 
    88                           ;	low address of idata address in btemp+1 
    89                           ;	low address of data in FSR
    90                           ;	high address + 1 of data in btemp-1
    91  06F2                     init_ram:
    92  06F2  26EE  120A  118A   	fcall init_fetch
    93  06F5  0080               	movwf indf,f
    94  06F6  0A84               	incf fsr,f
    95  06F7  0804               	movf fsr,w
    96  06F8  067D               	xorwf btemp-1,w
    97  06F9  1903               	btfsc status,2
    98  06FA  3400               	retlw 0
    99  06FB  0AFF               	incf btemp+1,f
   100  06FC  1903               	btfsc status,2
   101  06FD  0AFE               	incf btemp,f
   102  06FE  2EF2               	goto init_ram
   103                           ; Initialize objects allocated to BANK0
   104                           psect cinit,class=CODE,delta=2
   105                           global init_ram, __pidataBANK0
   106  06FF  1383               	bcf	status, 7	;select IRP bank0
   107  0700  3036               	movlw low(__pdataBANK0+8)
   108  0701  00FD               	movwf btemp-1,f
   109  0702  3006               	movlw high(__pidataBANK0)
   110  0703  00FE               	movwf btemp,f
   111  0704  30E6               	movlw low(__pidataBANK0)
   112  0705  00FF               	movwf btemp+1,f
   113  0706  302E               	movlw low(__pdataBANK0)
   114  0707  0084               	movwf fsr,f
   115  0708  120A  118A  26F2   	fcall init_ram
              120A  118A         
   116                           psect cinit,class=CODE,delta=2
   117                           global end_of_initialization
   118                           
   119                           ;End of C runtime variable initialization code
   120                           
   121  070D                     end_of_initialization:
   122  070D  0183               clrf status
   123  070E  120A  118A  2F11   ljmp _main	;jump to C main() function
   124                           psect	cstackCOMMON,class=COMMON,space=1
   125                           global __pcstackCOMMON
   126  0070                     __pcstackCOMMON:
   127                           	global	??_main
   128  0070                     ??_main:	; 0 bytes @ 0x0
   129                           	global	?_main
   130  0070                     ?_main:	; 2 bytes @ 0x0
   131  0070                     	ds	4
   132                           psect	cstackBANK0,class=BANK0,space=1
   133                           global __pcstackBANK0
   134  0020                     __pcstackBANK0:
   135                           	global	main@a
   136  0020                     main@a:	; 8 bytes @ 0x0
   137  0020                     	ds	8
   138                           	global	main@nu
   139  0028                     main@nu:	; 2 bytes @ 0x8
   140  0028                     	ds	2
   141                           	global	main@i
   142  002A                     main@i:	; 2 bytes @ 0xA
   143  002A                     	ds	2
   144                           	global	main@j
   145  002C                     main@j:	; 2 bytes @ 0xC
   146  002C                     	ds	2
   147 ;;Data sizes: Strings 0, constant 0, data 8, bss 0, persistent 0 stack 0
   148 ;;Auto spaces:   Size  Autos    Used
   149 ;; COMMON          14      4       4
   150 ;; BANK0           80     14      22
   151 ;; BANK1           80      0       0
   152 ;; BANK3           96      0       0
   153 ;; BANK2           96      0       0
   154                           
   155 ;;
   156 ;; Pointer list with targets:
   157                           
   158                           
   159                           
   160 ;;
   161 ;; Critical Paths under _main in COMMON
   162 ;;
   163 ;;   None.
   164 ;;
   165 ;; Critical Paths under _main in BANK0
   166 ;;
   167 ;;   None.
   168 ;;
   169 ;; Critical Paths under _main in BANK1
   170 ;;
   171 ;;   None.
   172 ;;
   173 ;; Critical Paths under _main in BANK3
   174 ;;
   175 ;;   None.
   176 ;;
   177 ;; Critical Paths under _main in BANK2
   178 ;;
   179 ;;   None.
   180                           
   181 ;;
   182 ;;Main: autosize = 0, tempsize = 4, incstack = 0, save=0
   183 ;;
   184                           
   185 ;;
   186 ;;Call Graph Tables:
   187 ;;
   188 ;; ---------------------------------------------------------------------------------
   189 ;; (Depth) Function   	        Calls       Base Space   Used Autos Params    Refs
   190 ;; ---------------------------------------------------------------------------------
   191 ;; (0) _main                                                18    18      0     321
   192 ;;                                              0 COMMON     4     4      0
   193 ;;                                              0 BANK0     14    14      0
   194 ;; ---------------------------------------------------------------------------------
   195 ;; Estimated maximum stack depth 0
   196 ;; ---------------------------------------------------------------------------------
   197                           
   198 ;; Call Graph Graphs:
   199                           
   200 ;; _main (ROOT)
   201 ;;
   202                           
   203 ;; Address spaces:
   204                           
   205 ;;Name               Size   Autos  Total    Cost      Usage
   206 ;;BANK3               60      0       0       9        0.0%
   207 ;;BITBANK3            60      0       0       8        0.0%
   208 ;;SFR3                 0      0       0       4        0.0%
   209 ;;BITSFR3              0      0       0       4        0.0%
   210 ;;BANK2               60      0       0      11        0.0%
   211 ;;BITBANK2            60      0       0      10        0.0%
   212 ;;SFR2                 0      0       0       5        0.0%
   213 ;;BITSFR2              0      0       0       5        0.0%
   214 ;;SFR1                 0      0       0       2        0.0%
   215 ;;BITSFR1              0      0       0       2        0.0%
   216 ;;BANK1               50      0       0       7        0.0%
   217 ;;BITBANK1            50      0       0       6        0.0%
   218 ;;CODE                 0      0       0       0        0.0%
   219 ;;DATA                 0      0      1A      12        0.0%
   220 ;;ABS                  0      0      1A       3        0.0%
   221 ;;NULL                 0      0       0       0        0.0%
   222 ;;STACK                0      0       0       2        0.0%
   223 ;;BANK0               50      E      16       5       27.5%
   224 ;;BITBANK0            50      0       0       4        0.0%
   225 ;;SFR0                 0      0       0       1        0.0%
   226 ;;BITSFR0              0      0       0       1        0.0%
   227 ;;COMMON               E      4       4       1       28.6%
   228 ;;BITCOMMON            E      0       0       0        0.0%
   229 ;;EEDATA             100      0       0       0        0.0%
   230                           
   231                           	global	_main
   232                           psect	maintext,global,class=CODE,delta=2
   233                           global __pmaintext
   234  0711                     __pmaintext:
   235                           
   236 ;; *************** function _main *****************
   237 ;; Defined at:
   238 ;;		line 3 in file "C:\Users\kaVi_aBi\Desktop\New folder\embedded c\led4.c"
   239 ;; Parameters:    Size  Location     Type
   240 ;;		None
   241 ;; Auto vars:     Size  Location     Type
   242 ;;  a               8    0[BANK0 ] unsigned char [8]
   243 ;;  j               2   12[BANK0 ] int 
   244 ;;  i               2   10[BANK0 ] int 
   245 ;;  nu              2    8[BANK0 ] int 
   246 ;; Return value:  Size  Location     Type
   247 ;;                  2  684[COMMON] int 
   248 ;; Registers used:
   249 ;;		wreg, fsr0l, fsr0h, status,2, status,0, btemp+1
   250 ;; Tracked objects:
   251 ;;		On entry : 17F/0
   252 ;;		On exit  : 0/0
   253 ;;		Unchanged: 0/0
   254 ;; Data sizes:     COMMON   BANK0   BANK1   BANK3   BANK2
   255 ;;      Params:         0       0       0       0       0
   256 ;;      Locals:         0      14       0       0       0
   257 ;;      Temps:          4       0       0       0       0
   258 ;;      Totals:         4      14       0       0       0
   259 ;;Total ram usage:       18 bytes
   260 ;; This function calls:
   261 ;;		Nothing
   262 ;; This function is called by:
   263 ;;		Startup code after reset
   264 ;; This function uses a non-reentrant model
   265 ;;
   266                           psect	maintext
   267                           	file	"C:\Users\kaVi_aBi\Desktop\New folder\embedded c\led4.c"
   268                           	line	3
   269                           	global	__size_of_main
   270  00EF                     	__size_of_main	equ	__end_of_main-_main
   271                           	
   272  0711                     _main:	
   273                           	opt	stack 8
   274                           ; Regs used in _main: [wreg-fsr0h+status,2+status,0+btemp+1]
   275                           	line	4
   276                           	
   277  0711                     l1887:	
   278                           ;led4.c: 4: TRISB = 0;
   279  0711  1683               	bsf	status, 5	;RP0=1, select bank1
   280  0712  1303               	bcf	status, 6	;RP1=0, select bank1
   281  0713  0186               	clrf	(134)^080h	;volatile
   282                           	line	5
   283                           	
   284  0714                     l1889:	
   285                           ;led4.c: 5: char a[] = {0X01,0X02,0X04,0X08,0X10,0X20,0X40,0X80};
   286  0714  3020               	movlw	(main@a)&0ffh
   287  0715  0084               	movwf	fsr0
   288  0716  302E               	movlw	low(main@F1084)
   289  0717  00F0               	movwf	(??_main+0)+0
   290  0718  0804               	movf	fsr0,w
   291  0719  00F1               	movwf	((??_main+0)+0+1)
   292  071A  3008               	movlw	8
   293  071B  00F2               	movwf	((??_main+0)+0+2)
   294  071C                     u2230:
   295  071C  0870               	movf	(??_main+0)+0,w
   296  071D  0084               	movwf	fsr0
   297  071E  1383               	bcf	status, 7	;select IRP bank0
   298                           	
   299  071F  0800               	movf	indf,w
   300  0720  00F3               	movwf	((??_main+0)+0+3)
   301  0721  0AF0               	incf	(??_main+0)+0,f
   302  0722  0871               	movf	((??_main+0)+0+1),w
   303  0723  0084               	movwf	fsr0
   304                           	
   305  0724  0873               	movf	((??_main+0)+0+3),w
   306  0725  0080               	movwf	indf
   307  0726  0AF1               	incf	((??_main+0)+0+1),f
   308  0727  0BF2               	decfsz	((??_main+0)+0+2),f
   309  0728  2F1C               	goto	u2230
   310                           	line	6
   311                           	
   312  0729                     l1891:	
   313                           ;led4.c: 6: int i,j,nu=0XFF;
   314  0729  30FF               	movlw	low(0FFh)
   315  072A  1283               	bcf	status, 5	;RP0=0, select bank0
   316  072B  1303               	bcf	status, 6	;RP1=0, select bank0
   317  072C  00A8               	movwf	(main@nu)
   318  072D  3000               	movlw	high(0FFh)
   319  072E  00A9               	movwf	((main@nu))+1
   320                           	line	7
   321                           	
   322  072F                     l1893:	
   323                           ;led4.c: 7: PORTB = 0XFF;
   324  072F  30FF               	movlw	(0FFh)
   325  0730  0086               	movwf	(6)	;volatile
   326                           	line	8
   327                           	
   328  0731                     l1895:	
   329                           ;led4.c: 8: for(j=-30000; j<=30000; j++);
   330  0731  30D0               	movlw	low(-30000)
   331  0732  00AC               	movwf	(main@j)
   332  0733  308A               	movlw	high(-30000)
   333  0734  00AD               	movwf	((main@j))+1
   334                           	
   335  0735                     l1897:	
   336  0735  082D               	movf	(main@j+1),w
   337  0736  3A80               	xorlw	80h
   338  0737  00FF               	movwf	btemp+1
   339  0738  30F5               	movlw	(high(07531h))^80h
   340  0739  027F               	subwf	btemp+1,w
   341  073A  1D03               	skipz
   342  073B  2F3E               	goto	u2245
   343  073C  3031               	movlw	low(07531h)
   344  073D  022C               	subwf	(main@j),w
   345  073E                     u2245:
   346                           
   347  073E  1C03               	skipc
   348  073F  2F41               	goto	u2241
   349  0740  2F42               	goto	u2240
   350  0741                     u2241:
   351  0741  2F44               	goto	l1901
   352  0742                     u2240:
   353  0742  2F5A               	goto	l1905
   354                           	
   355  0743                     l1899:	
   356  0743  2F5A               	goto	l1905
   357                           	
   358  0744                     l687:	
   359                           	
   360  0744                     l1901:	
   361  0744  3001               	movlw	low(01h)
   362  0745  1283               	bcf	status, 5	;RP0=0, select bank0
   363  0746  1303               	bcf	status, 6	;RP1=0, select bank0
   364  0747  07AC               	addwf	(main@j),f
   365  0748  1803               	skipnc
   366  0749  0AAD               	incf	(main@j+1),f
   367  074A  3000               	movlw	high(01h)
   368  074B  07AD               	addwf	(main@j+1),f
   369                           	
   370  074C                     l1903:	
   371  074C  082D               	movf	(main@j+1),w
   372  074D  3A80               	xorlw	80h
   373  074E  00FF               	movwf	btemp+1
   374  074F  30F5               	movlw	(high(07531h))^80h
   375  0750  027F               	subwf	btemp+1,w
   376  0751  1D03               	skipz
   377  0752  2F55               	goto	u2255
   378  0753  3031               	movlw	low(07531h)
   379  0754  022C               	subwf	(main@j),w
   380  0755                     u2255:
   381                           
   382  0755  1C03               	skipc
   383  0756  2F58               	goto	u2251
   384  0757  2F59               	goto	u2250
   385  0758                     u2251:
   386  0758  2F44               	goto	l1901
   387  0759                     u2250:
   388  0759  2F5A               	goto	l1905
   389                           	
   390  075A                     l688:	
   391                           	line	9
   392                           	
   393  075A                     l1905:	
   394                           ;led4.c: 9: for(i=0; i<4; i++)
   395  075A  1283               	bcf	status, 5	;RP0=0, select bank0
   396  075B  1303               	bcf	status, 6	;RP1=0, select bank0
   397  075C  01AA               	clrf	(main@i)
   398  075D  01AB               	clrf	(main@i+1)
   399                           	
   400  075E                     l1907:	
   401  075E  082B               	movf	(main@i+1),w
   402  075F  3A80               	xorlw	80h
   403  0760  00FF               	movwf	btemp+1
   404  0761  3080               	movlw	(high(04h))^80h
   405  0762  027F               	subwf	btemp+1,w
   406  0763  1D03               	skipz
   407  0764  2F67               	goto	u2265
   408  0765  3004               	movlw	low(04h)
   409  0766  022A               	subwf	(main@i),w
   410  0767                     u2265:
   411                           
   412  0767  1C03               	skipc
   413  0768  2F6A               	goto	u2261
   414  0769  2F6B               	goto	u2260
   415  076A                     u2261:
   416  076A  2F6D               	goto	l1911
   417  076B                     u2260:
   418  076B  2FCF               	goto	l1929
   419                           	
   420  076C                     l1909:	
   421  076C  2FCF               	goto	l1929
   422                           	line	10
   423                           	
   424  076D                     l689:	
   425                           	line	11
   426                           	
   427  076D                     l1911:	
   428                           ;led4.c: 10: {
   429                           ;led4.c: 11: nu=nu-(a[i]+a[8-(i+1)]);
   430  076D  1283               	bcf	status, 5	;RP0=0, select bank0
   431  076E  1303               	bcf	status, 6	;RP1=0, select bank0
   432  076F  082A               	movf	(main@i),w
   433  0770  3E01               	addlw	01h
   434  0771  3AFF               	xorlw	0ffh
   435  0772  3E01               	addlw	1
   436  0773  3E08               	addlw	08h
   437  0774  3E20               	addlw	main@a&0ffh
   438  0775  0084               	movwf	fsr
   439  0776  1383               	bcf	status, 7	;select IRP bank0
   440  0777  0800               	movf	indf,w
   441  0778  00F0               	movwf	(??_main+0)+0
   442  0779  082A               	movf	(main@i),w
   443  077A  3E20               	addlw	main@a&0ffh
   444  077B  0084               	movwf	fsr0
   445  077C  0800               	movf	indf,w
   446  077D  0770               	addwf	(??_main+0)+0,w
   447  077E  00F1               	movwf	(??_main+1)+0
   448  077F  01F2               	clrf	(??_main+1)+0+1
   449  0780  0DF2               	rlf	1+(??_main+1)+0,f
   450                           	
   451  0781  09F1               	comf	(??_main+1)+0,f
   452  0782  09F2               	comf	(??_main+1)+1,f
   453  0783  0AF1               	incf	(??_main+1)+0,f
   454  0784  1903               	skipnz
   455  0785  0AF2               	incf	(??_main+1)+1,f
   456  0786  0828               	movf	(main@nu),w
   457  0787  0771               	addwf	0+(??_main+1)+0,w
   458  0788  00A8               	movwf	(main@nu)
   459  0789  0829               	movf	(main@nu+1),w
   460  078A  1803               	skipnc
   461  078B  0A29               	incf	(main@nu+1),w
   462  078C  0772               	addwf	1+(??_main+1)+0,w
   463  078D  00A9               	movwf	1+(main@nu)
   464                           	line	12
   465                           	
   466  078E                     l1913:	
   467                           ;led4.c: 12: PORTB = nu;
   468  078E  0828               	movf	(main@nu),w
   469  078F  0086               	movwf	(6)	;volatile
   470                           	line	13
   471                           	
   472  0790                     l1915:	
   473                           ;led4.c: 13: for(j=-30000; j<=30000; j++);
   474  0790  30D0               	movlw	low(-30000)
   475  0791  00AC               	movwf	(main@j)
   476  0792  308A               	movlw	high(-30000)
   477  0793  00AD               	movwf	((main@j))+1
   478                           	
   479  0794                     l1917:	
   480  0794  082D               	movf	(main@j+1),w
   481  0795  3A80               	xorlw	80h
   482  0796  00FF               	movwf	btemp+1
   483  0797  30F5               	movlw	(high(07531h))^80h
   484  0798  027F               	subwf	btemp+1,w
   485  0799  1D03               	skipz
   486  079A  2F9D               	goto	u2275
   487  079B  3031               	movlw	low(07531h)
   488  079C  022C               	subwf	(main@j),w
   489  079D                     u2275:
   490                           
   491  079D  1C03               	skipc
   492  079E  2FA0               	goto	u2271
   493  079F  2FA1               	goto	u2270
   494  07A0                     u2271:
   495  07A0  2FA3               	goto	l1921
   496  07A1                     u2270:
   497  07A1  2FB9               	goto	l1925
   498                           	
   499  07A2                     l1919:	
   500  07A2  2FB9               	goto	l1925
   501                           	
   502  07A3                     l691:	
   503                           	
   504  07A3                     l1921:	
   505  07A3  3001               	movlw	low(01h)
   506  07A4  1283               	bcf	status, 5	;RP0=0, select bank0
   507  07A5  1303               	bcf	status, 6	;RP1=0, select bank0
   508  07A6  07AC               	addwf	(main@j),f
   509  07A7  1803               	skipnc
   510  07A8  0AAD               	incf	(main@j+1),f
   511  07A9  3000               	movlw	high(01h)
   512  07AA  07AD               	addwf	(main@j+1),f
   513                           	
   514  07AB                     l1923:	
   515  07AB  082D               	movf	(main@j+1),w
   516  07AC  3A80               	xorlw	80h
   517  07AD  00FF               	movwf	btemp+1
   518  07AE  30F5               	movlw	(high(07531h))^80h
   519  07AF  027F               	subwf	btemp+1,w
   520  07B0  1D03               	skipz
   521  07B1  2FB4               	goto	u2285
   522  07B2  3031               	movlw	low(07531h)
   523  07B3  022C               	subwf	(main@j),w
   524  07B4                     u2285:
   525                           
   526  07B4  1C03               	skipc
   527  07B5  2FB7               	goto	u2281
   528  07B6  2FB8               	goto	u2280
   529  07B7                     u2281:
   530  07B7  2FA3               	goto	l1921
   531  07B8                     u2280:
   532  07B8  2FB9               	goto	l1925
   533                           	
   534  07B9                     l692:	
   535                           	line	9
   536                           	
   537  07B9                     l1925:	
   538  07B9  3001               	movlw	low(01h)
   539  07BA  1283               	bcf	status, 5	;RP0=0, select bank0
   540  07BB  1303               	bcf	status, 6	;RP1=0, select bank0
   541  07BC  07AA               	addwf	(main@i),f
   542  07BD  1803               	skipnc
   543  07BE  0AAB               	incf	(main@i+1),f
   544  07BF  3000               	movlw	high(01h)
   545  07C0  07AB               	addwf	(main@i+1),f
   546                           	
   547  07C1                     l1927:	
   548  07C1  082B               	movf	(main@i+1),w
   549  07C2  3A80               	xorlw	80h
   550  07C3  00FF               	movwf	btemp+1
   551  07C4  3080               	movlw	(high(04h))^80h
   552  07C5  027F               	subwf	btemp+1,w
   553  07C6  1D03               	skipz
   554  07C7  2FCA               	goto	u2295
   555  07C8  3004               	movlw	low(04h)
   556  07C9  022A               	subwf	(main@i),w
   557  07CA                     u2295:
   558                           
   559  07CA  1C03               	skipc
   560  07CB  2FCD               	goto	u2291
   561  07CC  2FCE               	goto	u2290
   562  07CD                     u2291:
   563  07CD  2F6D               	goto	l1911
   564  07CE                     u2290:
   565  07CE  2FCF               	goto	l1929
   566                           	
   567  07CF                     l690:	
   568                           	line	15
   569                           	
   570  07CF                     l1929:	
   571                           ;led4.c: 14: }
   572                           ;led4.c: 15: PORTB=0;
   573  07CF  1283               	bcf	status, 5	;RP0=0, select bank0
   574  07D0  1303               	bcf	status, 6	;RP1=0, select bank0
   575  07D1  0186               	clrf	(6)	;volatile
   576                           	line	16
   577                           	
   578  07D2                     l1931:	
   579                           ;led4.c: 16: for(j=-30000; j<=30000; j++);
   580  07D2  30D0               	movlw	low(-30000)
   581  07D3  00AC               	movwf	(main@j)
   582  07D4  308A               	movlw	high(-30000)
   583  07D5  00AD               	movwf	((main@j))+1
   584                           	
   585  07D6                     l1933:	
   586  07D6  082D               	movf	(main@j+1),w
   587  07D7  3A80               	xorlw	80h
   588  07D8  00FF               	movwf	btemp+1
   589  07D9  30F5               	movlw	(high(07531h))^80h
   590  07DA  027F               	subwf	btemp+1,w
   591  07DB  1D03               	skipz
   592  07DC  2FDF               	goto	u2305
   593  07DD  3031               	movlw	low(07531h)
   594  07DE  022C               	subwf	(main@j),w
   595  07DF                     u2305:
   596                           
   597  07DF  1C03               	skipc
   598  07E0  2FE2               	goto	u2301
   599  07E1  2FE3               	goto	u2300
   600  07E2                     u2301:
   601  07E2  2FE5               	goto	l1937
   602  07E3                     u2300:
   603  07E3  2FFC               	goto	l696
   604                           	
   605  07E4                     l1935:	
   606  07E4  2FFC               	goto	l696
   607                           	
   608  07E5                     l693:	
   609                           	
   610  07E5                     l1937:	
   611  07E5  3001               	movlw	low(01h)
   612  07E6  1283               	bcf	status, 5	;RP0=0, select bank0
   613  07E7  1303               	bcf	status, 6	;RP1=0, select bank0
   614  07E8  07AC               	addwf	(main@j),f
   615  07E9  1803               	skipnc
   616  07EA  0AAD               	incf	(main@j+1),f
   617  07EB  3000               	movlw	high(01h)
   618  07EC  07AD               	addwf	(main@j+1),f
   619                           	
   620  07ED                     l1939:	
   621  07ED  082D               	movf	(main@j+1),w
   622  07EE  3A80               	xorlw	80h
   623  07EF  00FF               	movwf	btemp+1
   624  07F0  30F5               	movlw	(high(07531h))^80h
   625  07F1  027F               	subwf	btemp+1,w
   626  07F2  1D03               	skipz
   627  07F3  2FF6               	goto	u2315
   628  07F4  3031               	movlw	low(07531h)
   629  07F5  022C               	subwf	(main@j),w
   630  07F6                     u2315:
   631                           
   632  07F6  1C03               	skipc
   633  07F7  2FF9               	goto	u2311
   634  07F8  2FFA               	goto	u2310
   635  07F9                     u2311:
   636  07F9  2FE5               	goto	l1937
   637  07FA                     u2310:
   638  07FA  2FFC               	goto	l696
   639                           	
   640  07FB                     l694:	
   641  07FB  2FFC               	goto	l696
   642                           	line	17
   643                           ;led4.c: 17: while(1);
   644                           	
   645  07FC                     l695:	
   646                           	
   647  07FC                     l696:	
   648  07FC  2FFC               	goto	l696
   649                           	
   650  07FD                     l697:	
   651                           	line	18
   652                           	
   653  07FD                     l698:	
   654                           	global	start
   655  07FD  120A  118A  2800   	ljmp	start
   656                           	opt stack 0
   657                           GLOBAL	__end_of_main
   658  0800                     	__end_of_main:
   659 ;; =============== function _main ends ============
   660                           
   661                           	signat	_main,90
   662                           psect	maintext
   663                           	global	btemp
   664  007E                     	btemp set 07Eh
   665                           
   666                           	DABS	1,126,2	;btemp
   667                           	global	wtemp0
   668  007E                     	wtemp0 set btemp


HI-TECH Software PICC Macro Assembler V9.81 build 7503 
Symbol Table                                                                                   Sun Aug 18 04:26:08 2019

                   pc 0002                    fsr 0004                   l690 07CF                   l691 07A3  
                 l692 07B9                   l693 07E5                   l694 07FB                   l695 07FC  
                 l687 0744                   l696 07FC                   l688 075A                   l697 07FD  
                 l689 076D                   l698 07FD                   fsr0 0004                   indf 0000  
                l1901 0744                  l1911 076D                  l1903 074C                  l1921 07A3  
                l1913 078E                  l1905 075A                  l1931 07D2                  l1923 07AB  
                l1915 0790                  l1907 075E                  l1933 07D6                  l1925 07B9  
                l1917 0794                  l1909 076C                  l1935 07E4                  l1927 07C1  
                l1919 07A2                  l1937 07E5                  l1929 07CF                  l1939 07ED  
                l1891 0729                  l1893 072F                  l1895 0731                  l1887 0711  
                l1897 0735                  l1889 0714                  l1899 0743                  u2300 07E3  
                u2301 07E2                  u2310 07FA                  u2230 071C                  u2311 07F9  
                u2240 0742                  u2305 07DF                  u2241 0741                  u2250 0759  
                u2315 07F6                  u2251 0758                  u2260 076B                  u2261 076A  
                u2245 073E                  u2270 07A1                  u2271 07A0                  u2255 0755  
                u2280 07B8                  u2281 07B7                  u2265 0767                  u2290 07CE  
                u2291 07CD                  u2275 079D                  u2285 07B4                  u2295 07CA  
                _main 0711                  btemp 007E                  start 0000                 ?_main 0070  
               _PORTB 0006                 _TRISB 0086                 main@a 0020                 main@i 002A  
               main@j 002C                 pclath 000A                 status 0003                 wtemp0 007E  
        __end_of_main 0800                ??_main 0070                main@nu 0028        __pcstackCOMMON 0070  
        __pidataBANK0 06E6            __pmaintext 0711  end_of_initialization 070D               init_ram 06F2  
 start_initialization 06FF           __pdataBANK0 002E         __pcstackBANK0 0020             main@F1084 002E  
           init_fetch 06EE         __size_of_main 00EF  
