

HI-TECH Software PIC LITE Macro Assembler V9.81 build 7503 
                                                                                               Wed Aug 21 12:28:22 2019

HI-TECH Software Omniscient Code Generator (Lite mode) build 7503
     1  0000                     opt subtitle "HI-TECH Software Omniscient Code Generator (Lite mode) build 7503"
     2                           
     3                           opt pagewidth 120
     4                           
     5                           	opt lm
     6                           
     7                           	processor	16F877A
     8                           clrc	macro
     9                           	bcf	3,0
    10  0000                     	endm
    11                           clrz	macro
    12                           	bcf	3,2
    13  0000                     	endm
    14                           setc	macro
    15                           	bsf	3,0
    16  0000                     	endm
    17                           setz	macro
    18                           	bsf	3,2
    19  0000                     	endm
    20                           skipc	macro
    21                           	btfss	3,0
    22  0000                     	endm
    23                           skipz	macro
    24                           	btfss	3,2
    25  0000                     	endm
    26                           skipnc	macro
    27                           	btfsc	3,0
    28  0000                     	endm
    29                           skipnz	macro
    30                           	btfsc	3,2
    31  0000                     	endm
    32  0000                     indf	equ	0
    33  0000                     indf0	equ	0
    34  0002                     pc	equ	2
    35  0002                     pcl	equ	2
    36  0003                     status	equ	3
    37  0004                     fsr	equ	4
    38  0004                     fsr0	equ	4
    39  0001                     c	equ	1
    40  0000                     z	equ	0
    41  000A                     pclath	equ	10
    42                           # 3 "C:\Users\kaVi_aBi\Desktop\New folder\embedded c\led9999.c"
    43                           	psect config,class=CONFIG,delta=2 ;#
    44                           # 3 "C:\Users\kaVi_aBi\Desktop\New folder\embedded c\led9999.c"
    45  2007  FF7A               	dw 0xFFFE & 0xFFFB & 0xFFFF & 0xFFFF & 0xFF7F ;#
    46                           	FNCALL	_main,_delay
    47                           	FNROOT	_main
    48                           	global	main@F1095
    49                           psect	idataBANK0,class=CODE,space=0,delta=2
    50                           global __pidataBANK0
    51  0678                     __pidataBANK0:
    52                           	file	"C:\Users\kaVi_aBi\Desktop\New folder\embedded c\led9999.c"
    53                           	line	18
    54                           
    55                           ;initializer for main@F1095
    56  0678  34FC               	retlw	0FCh
    57  0679  3460               	retlw	060h
    58  067A  34DA               	retlw	0DAh
    59  067B  34F2               	retlw	0F2h
    60  067C  3466               	retlw	066h
    61  067D  34B6               	retlw	0B6h
    62  067E  34BE               	retlw	0BEh
    63  067F  34E0               	retlw	0E0h
    64  0680  34FE               	retlw	0FEh
    65  0681  34E6               	retlw	0E6h
    66                           	global	_PORTD
    67  0008                     _PORTD	set	8
    68                           	global	_RC0
    69  0038                     _RC0	set	56
    70                           	global	_RC1
    71  0039                     _RC1	set	57
    72                           	global	_RC2
    73  003A                     _RC2	set	58
    74                           	global	_RC3
    75  003B                     _RC3	set	59
    76                           	global	_TRISD
    77  0088                     _TRISD	set	136
    78                           	global	_TRISC0
    79  0438                     _TRISC0	set	1080
    80                           	global	_TRISC1
    81  0439                     _TRISC1	set	1081
    82                           	global	_TRISC2
    83  043A                     _TRISC2	set	1082
    84                           	global	_TRISC3
    85  043B                     _TRISC3	set	1083
    86                           	file	"led30.as"
    87                           	line	#
    88                           psect cinit,class=CODE,delta=2
    89                           global start_initialization
    90  0693                     start_initialization:
    91                           
    92                           psect	dataBANK0,class=BANK0,space=1
    93                           global __pdataBANK0
    94  0034                     __pdataBANK0:
    95                           	file	"C:\Users\kaVi_aBi\Desktop\New folder\embedded c\led9999.c"
    96  0034                     main@F1095:
    97  0034                            ds      10
    98                           
    99                           global btemp
   100                           psect inittext,class=CODE,delta=2
   101                           global init_fetch,btemp
   102                           ;	Called with low address in FSR and high address in W
   103  0682                     init_fetch:
   104  0682  087E               	movf btemp,w
   105  0683  008A               	movwf pclath
   106  0684  087F               	movf btemp+1,w
   107  0685  0082               	movwf pc
   108                           global init_ram
   109                           ;Called with:
   110                           ;	high address of idata address in btemp 
   111                           ;	low address of idata address in btemp+1 
   112                           ;	low address of data in FSR
   113                           ;	high address + 1 of data in btemp-1
   114  0686                     init_ram:
   115  0686  2682  120A  118A   	fcall init_fetch
   116  0689  0080               	movwf indf,f
   117  068A  0A84               	incf fsr,f
   118  068B  0804               	movf fsr,w
   119  068C  067D               	xorwf btemp-1,w
   120  068D  1903               	btfsc status,2
   121  068E  3400               	retlw 0
   122  068F  0AFF               	incf btemp+1,f
   123  0690  1903               	btfsc status,2
   124  0691  0AFE               	incf btemp,f
   125  0692  2E86               	goto init_ram
   126                           ; Initialize objects allocated to BANK0
   127                           psect cinit,class=CODE,delta=2
   128                           global init_ram, __pidataBANK0
   129  0693  1383               	bcf	status, 7	;select IRP bank0
   130  0694  303E               	movlw low(__pdataBANK0+10)
   131  0695  00FD               	movwf btemp-1,f
   132  0696  3006               	movlw high(__pidataBANK0)
   133  0697  00FE               	movwf btemp,f
   134  0698  3078               	movlw low(__pidataBANK0)
   135  0699  00FF               	movwf btemp+1,f
   136  069A  3034               	movlw low(__pdataBANK0)
   137  069B  0084               	movwf fsr,f
   138  069C  120A  118A  2686   	fcall init_ram
              120A  118A         
   139                           psect cinit,class=CODE,delta=2
   140                           global end_of_initialization
   141                           
   142                           ;End of C runtime variable initialization code
   143                           
   144  06A1                     end_of_initialization:
   145  06A1  0183               clrf status
   146  06A2  120A  118A  2ECD   ljmp _main	;jump to C main() function
   147                           psect	cstackCOMMON,class=COMMON,space=1
   148                           global __pcstackCOMMON
   149  0070                     __pcstackCOMMON:
   150                           	global	?_delay
   151  0070                     ?_delay:	; 0 bytes @ 0x0
   152                           	global	??_delay
   153  0070                     ??_delay:	; 0 bytes @ 0x0
   154                           	global	?_main
   155  0070                     ?_main:	; 2 bytes @ 0x0
   156                           	global	delay@j
   157  0070                     delay@j:	; 2 bytes @ 0x0
   158  0070                     	ds	2
   159                           	global	??_main
   160  0072                     ??_main:	; 0 bytes @ 0x2
   161  0072                     	ds	4
   162                           psect	cstackBANK0,class=BANK0,space=1
   163                           global __pcstackBANK0
   164  0020                     __pcstackBANK0:
   165                           	global	main@a
   166  0020                     main@a:	; 10 bytes @ 0x0
   167  0020                     	ds	10
   168                           	global	main@m
   169  002A                     main@m:	; 2 bytes @ 0xA
   170  002A                     	ds	2
   171                           	global	main@i
   172  002C                     main@i:	; 2 bytes @ 0xC
   173  002C                     	ds	2
   174                           	global	main@j
   175  002E                     main@j:	; 2 bytes @ 0xE
   176  002E                     	ds	2
   177                           	global	main@k
   178  0030                     main@k:	; 2 bytes @ 0x10
   179  0030                     	ds	2
   180                           	global	main@l
   181  0032                     main@l:	; 2 bytes @ 0x12
   182  0032                     	ds	2
   183 ;;Data sizes: Strings 0, constant 0, data 10, bss 0, persistent 0 stack 0
   184 ;;Auto spaces:   Size  Autos    Used
   185 ;; COMMON          14      6       6
   186 ;; BANK0           80     20      30
   187 ;; BANK1           80      0       0
   188 ;; BANK3           96      0       0
   189 ;; BANK2           96      0       0
   190                           
   191 ;;
   192 ;; Pointer list with targets:
   193                           
   194                           
   195                           
   196 ;;
   197 ;; Critical Paths under _main in COMMON
   198 ;;
   199 ;;   _main->_delay
   200 ;;
   201 ;; Critical Paths under _main in BANK0
   202 ;;
   203 ;;   None.
   204 ;;
   205 ;; Critical Paths under _main in BANK1
   206 ;;
   207 ;;   None.
   208 ;;
   209 ;; Critical Paths under _main in BANK3
   210 ;;
   211 ;;   None.
   212 ;;
   213 ;; Critical Paths under _main in BANK2
   214 ;;
   215 ;;   None.
   216                           
   217 ;;
   218 ;;Main: autosize = 0, tempsize = 4, incstack = 0, save=0
   219 ;;
   220                           
   221 ;;
   222 ;;Call Graph Tables:
   223 ;;
   224 ;; ---------------------------------------------------------------------------------
   225 ;; (Depth) Function   	        Calls       Base Space   Used Autos Params    Refs
   226 ;; ---------------------------------------------------------------------------------
   227 ;; (0) _main                                                24    24      0     457
   228 ;;                                              2 COMMON     4     4      0
   229 ;;                                              0 BANK0     20    20      0
   230 ;;                              _delay
   231 ;; ---------------------------------------------------------------------------------
   232 ;; (1) _delay                                                2     2      0      46
   233 ;;                                              0 COMMON     2     2      0
   234 ;; ---------------------------------------------------------------------------------
   235 ;; Estimated maximum stack depth 1
   236 ;; ---------------------------------------------------------------------------------
   237                           
   238 ;; Call Graph Graphs:
   239                           
   240 ;; _main (ROOT)
   241 ;;   _delay
   242 ;;
   243                           
   244 ;; Address spaces:
   245                           
   246 ;;Name               Size   Autos  Total    Cost      Usage
   247 ;;BANK3               60      0       0       9        0.0%
   248 ;;BITBANK3            60      0       0       8        0.0%
   249 ;;SFR3                 0      0       0       4        0.0%
   250 ;;BITSFR3              0      0       0       4        0.0%
   251 ;;BANK2               60      0       0      11        0.0%
   252 ;;BITBANK2            60      0       0      10        0.0%
   253 ;;SFR2                 0      0       0       5        0.0%
   254 ;;BITSFR2              0      0       0       5        0.0%
   255 ;;SFR1                 0      0       0       2        0.0%
   256 ;;BITSFR1              0      0       0       2        0.0%
   257 ;;BANK1               50      0       0       7        0.0%
   258 ;;BITBANK1            50      0       0       6        0.0%
   259 ;;CODE                 0      0       0       0        0.0%
   260 ;;DATA                 0      0      25      12        0.0%
   261 ;;ABS                  0      0      24       3        0.0%
   262 ;;NULL                 0      0       0       0        0.0%
   263 ;;STACK                0      0       1       2        0.0%
   264 ;;BANK0               50     14      1E       5       37.5%
   265 ;;BITBANK0            50      0       0       4        0.0%
   266 ;;SFR0                 0      0       0       1        0.0%
   267 ;;BITSFR0              0      0       0       1        0.0%
   268 ;;COMMON               E      6       6       1       42.9%
   269 ;;BITCOMMON            E      0       0       0        0.0%
   270 ;;EEDATA             100      0       0       0        0.0%
   271                           
   272                           	global	_main
   273                           psect	maintext,global,class=CODE,delta=2
   274                           global __pmaintext
   275  06CD                     __pmaintext:
   276                           
   277 ;; *************** function _main *****************
   278 ;; Defined at:
   279 ;;		line 11 in file "C:\Users\kaVi_aBi\Desktop\New folder\embedded c\led9999.c"
   280 ;; Parameters:    Size  Location     Type
   281 ;;		None
   282 ;; Auto vars:     Size  Location     Type
   283 ;;  a              10    0[BANK0 ] unsigned char [10]
   284 ;;  l               2   18[BANK0 ] int 
   285 ;;  k               2   16[BANK0 ] int 
   286 ;;  j               2   14[BANK0 ] int 
   287 ;;  i               2   12[BANK0 ] int 
   288 ;;  m               2   10[BANK0 ] int 
   289 ;; Return value:  Size  Location     Type
   290 ;;                  2  686[COMMON] int 
   291 ;; Registers used:
   292 ;;		wreg, fsr0l, fsr0h, status,2, status,0, btemp+1, pclath, cstack
   293 ;; Tracked objects:
   294 ;;		On entry : 17F/0
   295 ;;		On exit  : 0/0
   296 ;;		Unchanged: 0/0
   297 ;; Data sizes:     COMMON   BANK0   BANK1   BANK3   BANK2
   298 ;;      Params:         0       0       0       0       0
   299 ;;      Locals:         0      20       0       0       0
   300 ;;      Temps:          4       0       0       0       0
   301 ;;      Totals:         4      20       0       0       0
   302 ;;Total ram usage:       24 bytes
   303 ;; Hardware stack levels required when called:    1
   304 ;; This function calls:
   305 ;;		_delay
   306 ;; This function is called by:
   307 ;;		Startup code after reset
   308 ;; This function uses a non-reentrant model
   309 ;;
   310                           psect	maintext
   311                           	file	"C:\Users\kaVi_aBi\Desktop\New folder\embedded c\led9999.c"
   312                           	line	11
   313                           	global	__size_of_main
   314  0133                     	__size_of_main	equ	__end_of_main-_main
   315                           	
   316  06CD                     _main:	
   317                           	opt	stack 7
   318                           ; Regs used in _main: [wreg-fsr0h+status,2+status,0+btemp+1+pclath+cstack]
   319                           	line	12
   320                           	
   321  06CD                     l1975:	
   322                           ;led9999.c: 12: TRISD=0;
   323  06CD  1683               	bsf	status, 5	;RP0=1, select bank1
   324  06CE  1303               	bcf	status, 6	;RP1=0, select bank1
   325  06CF  0188               	clrf	(136)^080h	;volatile
   326                           	line	13
   327                           	
   328  06D0                     l1977:	
   329                           ;led9999.c: 13: TRISC0=0;
   330  06D0  1007               	bcf	(1080/8)^080h,(1080)&7
   331                           	line	14
   332                           	
   333  06D1                     l1979:	
   334                           ;led9999.c: 14: TRISC1=0;
   335  06D1  1087               	bcf	(1081/8)^080h,(1081)&7
   336                           	line	15
   337                           	
   338  06D2                     l1981:	
   339                           ;led9999.c: 15: TRISC2=0;
   340  06D2  1107               	bcf	(1082/8)^080h,(1082)&7
   341                           	line	16
   342                           	
   343  06D3                     l1983:	
   344                           ;led9999.c: 16: TRISC3=0;
   345  06D3  1187               	bcf	(1083/8)^080h,(1083)&7
   346                           	line	18
   347                           	
   348  06D4                     l1985:	
   349                           ;led9999.c: 17: int i,j,k,l,m;
   350                           ;led9999.c: 18: char a[] = {0XFC,0X60,0XDA,0XF2,0X66,0XB6,0XBE,0XE0,0XFE,0XE6};
   351  06D4  3020               	movlw	(main@a)&0ffh
   352  06D5  0084               	movwf	fsr0
   353  06D6  3034               	movlw	low(main@F1095)
   354  06D7  00F2               	movwf	(??_main+0)+0
   355  06D8  0804               	movf	fsr0,w
   356  06D9  00F3               	movwf	((??_main+0)+0+1)
   357  06DA  300A               	movlw	10
   358  06DB  00F4               	movwf	((??_main+0)+0+2)
   359  06DC                     u2310:
   360  06DC  0872               	movf	(??_main+0)+0,w
   361  06DD  0084               	movwf	fsr0
   362  06DE  1383               	bcf	status, 7	;select IRP bank0
   363                           	
   364  06DF  0800               	movf	indf,w
   365  06E0  00F5               	movwf	((??_main+0)+0+3)
   366  06E1  0AF2               	incf	(??_main+0)+0,f
   367  06E2  0873               	movf	((??_main+0)+0+1),w
   368  06E3  0084               	movwf	fsr0
   369                           	
   370  06E4  0875               	movf	((??_main+0)+0+3),w
   371  06E5  0080               	movwf	indf
   372  06E6  0AF3               	incf	((??_main+0)+0+1),f
   373  06E7  0BF4               	decfsz	((??_main+0)+0+2),f
   374  06E8  2EDC               	goto	u2310
   375  06E9  2EEA               	goto	l1987
   376                           	line	19
   377                           ;led9999.c: 19: while(1)
   378                           	
   379  06EA                     l689:	
   380                           	line	21
   381                           	
   382  06EA                     l1987:	
   383                           ;led9999.c: 20: {
   384                           ;led9999.c: 21: for(i=0; i<10;i++)
   385  06EA  1283               	bcf	status, 5	;RP0=0, select bank0
   386  06EB  1303               	bcf	status, 6	;RP1=0, select bank0
   387  06EC  01AC               	clrf	(main@i)
   388  06ED  01AD               	clrf	(main@i+1)
   389                           	
   390  06EE                     l1989:	
   391  06EE  082D               	movf	(main@i+1),w
   392  06EF  3A80               	xorlw	80h
   393  06F0  00FF               	movwf	btemp+1
   394  06F1  3080               	movlw	(high(0Ah))^80h
   395  06F2  027F               	subwf	btemp+1,w
   396  06F3  1D03               	skipz
   397  06F4  2EF7               	goto	u2325
   398  06F5  300A               	movlw	low(0Ah)
   399  06F6  022C               	subwf	(main@i),w
   400  06F7                     u2325:
   401                           
   402  06F7  1C03               	skipc
   403  06F8  2EFA               	goto	u2321
   404  06F9  2EFB               	goto	u2320
   405  06FA                     u2321:
   406  06FA  2EFD               	goto	l1993
   407  06FB                     u2320:
   408  06FB  2EEA               	goto	l1987
   409                           	
   410  06FC                     l1991:	
   411  06FC  2EEA               	goto	l1987
   412                           	line	22
   413                           	
   414  06FD                     l690:	
   415                           	
   416  06FD                     l1993:	
   417                           ;led9999.c: 22: for(j=0; j<10; j++)
   418  06FD  1283               	bcf	status, 5	;RP0=0, select bank0
   419  06FE  1303               	bcf	status, 6	;RP1=0, select bank0
   420  06FF  01AE               	clrf	(main@j)
   421  0700  01AF               	clrf	(main@j+1)
   422                           	
   423  0701                     l1995:	
   424  0701  082F               	movf	(main@j+1),w
   425  0702  3A80               	xorlw	80h
   426  0703  00FF               	movwf	btemp+1
   427  0704  3080               	movlw	(high(0Ah))^80h
   428  0705  027F               	subwf	btemp+1,w
   429  0706  1D03               	skipz
   430  0707  2F0A               	goto	u2335
   431  0708  300A               	movlw	low(0Ah)
   432  0709  022E               	subwf	(main@j),w
   433  070A                     u2335:
   434                           
   435  070A  1C03               	skipc
   436  070B  2F0D               	goto	u2331
   437  070C  2F0E               	goto	u2330
   438  070D                     u2331:
   439  070D  2F10               	goto	l1999
   440  070E                     u2330:
   441  070E  2FE5               	goto	l2069
   442                           	
   443  070F                     l1997:	
   444  070F  2FE5               	goto	l2069
   445                           	line	23
   446                           	
   447  0710                     l692:	
   448                           	
   449  0710                     l1999:	
   450                           ;led9999.c: 23: for(k=0; k<=10; k++)
   451  0710  1283               	bcf	status, 5	;RP0=0, select bank0
   452  0711  1303               	bcf	status, 6	;RP1=0, select bank0
   453  0712  01B0               	clrf	(main@k)
   454  0713  01B1               	clrf	(main@k+1)
   455                           	
   456  0714                     l2001:	
   457  0714  0831               	movf	(main@k+1),w
   458  0715  3A80               	xorlw	80h
   459  0716  00FF               	movwf	btemp+1
   460  0717  3080               	movlw	(high(0Bh))^80h
   461  0718  027F               	subwf	btemp+1,w
   462  0719  1D03               	skipz
   463  071A  2F1D               	goto	u2345
   464  071B  300B               	movlw	low(0Bh)
   465  071C  0230               	subwf	(main@k),w
   466  071D                     u2345:
   467                           
   468  071D  1C03               	skipc
   469  071E  2F20               	goto	u2341
   470  071F  2F21               	goto	u2340
   471  0720                     u2341:
   472  0720  2F23               	goto	l2005
   473  0721                     u2340:
   474  0721  2FCF               	goto	l2065
   475                           	
   476  0722                     l2003:	
   477  0722  2FCF               	goto	l2065
   478                           	line	24
   479                           	
   480  0723                     l694:	
   481                           	
   482  0723                     l2005:	
   483                           ;led9999.c: 24: for(l=0; l<10; l++)
   484  0723  1283               	bcf	status, 5	;RP0=0, select bank0
   485  0724  1303               	bcf	status, 6	;RP1=0, select bank0
   486  0725  01B2               	clrf	(main@l)
   487  0726  01B3               	clrf	(main@l+1)
   488                           	
   489  0727                     l2007:	
   490  0727  0833               	movf	(main@l+1),w
   491  0728  3A80               	xorlw	80h
   492  0729  00FF               	movwf	btemp+1
   493  072A  3080               	movlw	(high(0Ah))^80h
   494  072B  027F               	subwf	btemp+1,w
   495  072C  1D03               	skipz
   496  072D  2F30               	goto	u2355
   497  072E  300A               	movlw	low(0Ah)
   498  072F  0232               	subwf	(main@l),w
   499  0730                     u2355:
   500                           
   501  0730  1C03               	skipc
   502  0731  2F33               	goto	u2351
   503  0732  2F34               	goto	u2350
   504  0733                     u2351:
   505  0733  2F36               	goto	l2011
   506  0734                     u2350:
   507  0734  2FB9               	goto	l2061
   508                           	
   509  0735                     l2009:	
   510  0735  2FB9               	goto	l2061
   511                           	line	25
   512                           	
   513  0736                     l696:	
   514                           	
   515  0736                     l2011:	
   516                           ;led9999.c: 25: for(m=0; m<10; m++)
   517  0736  1283               	bcf	status, 5	;RP0=0, select bank0
   518  0737  1303               	bcf	status, 6	;RP1=0, select bank0
   519  0738  01AA               	clrf	(main@m)
   520  0739  01AB               	clrf	(main@m+1)
   521                           	
   522  073A                     l2013:	
   523  073A  082B               	movf	(main@m+1),w
   524  073B  3A80               	xorlw	80h
   525  073C  00FF               	movwf	btemp+1
   526  073D  3080               	movlw	(high(0Ah))^80h
   527  073E  027F               	subwf	btemp+1,w
   528  073F  1D03               	skipz
   529  0740  2F43               	goto	u2365
   530  0741  300A               	movlw	low(0Ah)
   531  0742  022A               	subwf	(main@m),w
   532  0743                     u2365:
   533                           
   534  0743  1C03               	skipc
   535  0744  2F46               	goto	u2361
   536  0745  2F47               	goto	u2360
   537  0746                     u2361:
   538  0746  2F49               	goto	l698
   539  0747                     u2360:
   540  0747  2FA3               	goto	l2057
   541                           	
   542  0748                     l2015:	
   543  0748  2FA3               	goto	l2057
   544                           	line	26
   545                           	
   546  0749                     l698:	
   547                           	line	27
   548                           ;led9999.c: 26: {
   549                           ;led9999.c: 27: RC0=1;
   550  0749  1283               	bcf	status, 5	;RP0=0, select bank0
   551  074A  1303               	bcf	status, 6	;RP1=0, select bank0
   552  074B  1407               	bsf	(56/8),(56)&7
   553                           	line	28
   554                           ;led9999.c: 28: RC1=0;
   555  074C  1087               	bcf	(57/8),(57)&7
   556                           	line	29
   557                           ;led9999.c: 29: RC2=0;
   558  074D  1107               	bcf	(58/8),(58)&7
   559                           	line	30
   560                           ;led9999.c: 30: RC3=0;
   561  074E  1187               	bcf	(59/8),(59)&7
   562                           	line	31
   563                           	
   564  074F                     l2017:	
   565                           ;led9999.c: 31: PORTD=a[l];
   566  074F  0832               	movf	(main@l),w
   567  0750  3E20               	addlw	main@a&0ffh
   568  0751  0084               	movwf	fsr0
   569  0752  1383               	bcf	status, 7	;select IRP bank0
   570  0753  0800               	movf	indf,w
   571  0754  0088               	movwf	(8)	;volatile
   572                           	line	32
   573                           	
   574  0755                     l2019:	
   575                           ;led9999.c: 32: delay();
   576  0755  120A  118A  26A5   	fcall	_delay
              120A  118A         
   577                           	line	33
   578                           	
   579  075A                     l2021:	
   580                           ;led9999.c: 33: RC0=0;
   581  075A  1283               	bcf	status, 5	;RP0=0, select bank0
   582  075B  1303               	bcf	status, 6	;RP1=0, select bank0
   583  075C  1007               	bcf	(56/8),(56)&7
   584                           	line	34
   585                           	
   586  075D                     l2023:	
   587                           ;led9999.c: 34: RC1=1;
   588  075D  1487               	bsf	(57/8),(57)&7
   589                           	line	35
   590                           	
   591  075E                     l2025:	
   592                           ;led9999.c: 35: RC2=0;
   593  075E  1107               	bcf	(58/8),(58)&7
   594                           	line	36
   595                           	
   596  075F                     l2027:	
   597                           ;led9999.c: 36: RC3=0;
   598  075F  1187               	bcf	(59/8),(59)&7
   599                           	line	37
   600                           	
   601  0760                     l2029:	
   602                           ;led9999.c: 37: PORTD=a[k];
   603  0760  0830               	movf	(main@k),w
   604  0761  3E20               	addlw	main@a&0ffh
   605  0762  0084               	movwf	fsr0
   606  0763  1383               	bcf	status, 7	;select IRP bank0
   607  0764  0800               	movf	indf,w
   608  0765  0088               	movwf	(8)	;volatile
   609                           	line	38
   610                           ;led9999.c: 38: delay();
   611  0766  120A  118A  26A5   	fcall	_delay
              120A  118A         
   612                           	line	39
   613                           	
   614  076B                     l2031:	
   615                           ;led9999.c: 39: RC0=0;
   616  076B  1283               	bcf	status, 5	;RP0=0, select bank0
   617  076C  1303               	bcf	status, 6	;RP1=0, select bank0
   618  076D  1007               	bcf	(56/8),(56)&7
   619                           	line	40
   620                           	
   621  076E                     l2033:	
   622                           ;led9999.c: 40: RC1=0;
   623  076E  1087               	bcf	(57/8),(57)&7
   624                           	line	41
   625                           	
   626  076F                     l2035:	
   627                           ;led9999.c: 41: RC2=1;
   628  076F  1507               	bsf	(58/8),(58)&7
   629                           	line	42
   630                           	
   631  0770                     l2037:	
   632                           ;led9999.c: 42: RC3=0;
   633  0770  1187               	bcf	(59/8),(59)&7
   634                           	line	43
   635                           	
   636  0771                     l2039:	
   637                           ;led9999.c: 43: PORTD=a[j];
   638  0771  082E               	movf	(main@j),w
   639  0772  3E20               	addlw	main@a&0ffh
   640  0773  0084               	movwf	fsr0
   641  0774  1383               	bcf	status, 7	;select IRP bank0
   642  0775  0800               	movf	indf,w
   643  0776  0088               	movwf	(8)	;volatile
   644                           	line	44
   645                           	
   646  0777                     l2041:	
   647                           ;led9999.c: 44: delay();
   648  0777  120A  118A  26A5   	fcall	_delay
              120A  118A         
   649                           	line	45
   650                           	
   651  077C                     l2043:	
   652                           ;led9999.c: 45: RC0=0;
   653  077C  1283               	bcf	status, 5	;RP0=0, select bank0
   654  077D  1303               	bcf	status, 6	;RP1=0, select bank0
   655  077E  1007               	bcf	(56/8),(56)&7
   656                           	line	46
   657                           	
   658  077F                     l2045:	
   659                           ;led9999.c: 46: RC1=0;
   660  077F  1087               	bcf	(57/8),(57)&7
   661                           	line	47
   662                           	
   663  0780                     l2047:	
   664                           ;led9999.c: 47: RC2=0;
   665  0780  1107               	bcf	(58/8),(58)&7
   666                           	line	48
   667                           	
   668  0781                     l2049:	
   669                           ;led9999.c: 48: RC3=1;
   670  0781  1587               	bsf	(59/8),(59)&7
   671                           	line	49
   672                           ;led9999.c: 49: PORTD=a[i];
   673  0782  082C               	movf	(main@i),w
   674  0783  3E20               	addlw	main@a&0ffh
   675  0784  0084               	movwf	fsr0
   676  0785  1383               	bcf	status, 7	;select IRP bank0
   677  0786  0800               	movf	indf,w
   678  0787  0088               	movwf	(8)	;volatile
   679                           	line	50
   680                           	
   681  0788                     l2051:	
   682                           ;led9999.c: 50: delay();
   683  0788  120A  118A  26A5   	fcall	_delay
              120A  118A         
   684                           	line	25
   685                           	
   686  078D                     l2053:	
   687  078D  3001               	movlw	low(01h)
   688  078E  1283               	bcf	status, 5	;RP0=0, select bank0
   689  078F  1303               	bcf	status, 6	;RP1=0, select bank0
   690  0790  07AA               	addwf	(main@m),f
   691  0791  1803               	skipnc
   692  0792  0AAB               	incf	(main@m+1),f
   693  0793  3000               	movlw	high(01h)
   694  0794  07AB               	addwf	(main@m+1),f
   695                           	
   696  0795                     l2055:	
   697  0795  082B               	movf	(main@m+1),w
   698  0796  3A80               	xorlw	80h
   699  0797  00FF               	movwf	btemp+1
   700  0798  3080               	movlw	(high(0Ah))^80h
   701  0799  027F               	subwf	btemp+1,w
   702  079A  1D03               	skipz
   703  079B  2F9E               	goto	u2375
   704  079C  300A               	movlw	low(0Ah)
   705  079D  022A               	subwf	(main@m),w
   706  079E                     u2375:
   707                           
   708  079E  1C03               	skipc
   709  079F  2FA1               	goto	u2371
   710  07A0  2FA2               	goto	u2370
   711  07A1                     u2371:
   712  07A1  2F49               	goto	l698
   713  07A2                     u2370:
   714  07A2  2FA3               	goto	l2057
   715                           	
   716  07A3                     l699:	
   717                           	line	24
   718                           	
   719  07A3                     l2057:	
   720  07A3  3001               	movlw	low(01h)
   721  07A4  1283               	bcf	status, 5	;RP0=0, select bank0
   722  07A5  1303               	bcf	status, 6	;RP1=0, select bank0
   723  07A6  07B2               	addwf	(main@l),f
   724  07A7  1803               	skipnc
   725  07A8  0AB3               	incf	(main@l+1),f
   726  07A9  3000               	movlw	high(01h)
   727  07AA  07B3               	addwf	(main@l+1),f
   728                           	
   729  07AB                     l2059:	
   730  07AB  0833               	movf	(main@l+1),w
   731  07AC  3A80               	xorlw	80h
   732  07AD  00FF               	movwf	btemp+1
   733  07AE  3080               	movlw	(high(0Ah))^80h
   734  07AF  027F               	subwf	btemp+1,w
   735  07B0  1D03               	skipz
   736  07B1  2FB4               	goto	u2385
   737  07B2  300A               	movlw	low(0Ah)
   738  07B3  0232               	subwf	(main@l),w
   739  07B4                     u2385:
   740                           
   741  07B4  1C03               	skipc
   742  07B5  2FB7               	goto	u2381
   743  07B6  2FB8               	goto	u2380
   744  07B7                     u2381:
   745  07B7  2F36               	goto	l2011
   746  07B8                     u2380:
   747  07B8  2FB9               	goto	l2061
   748                           	
   749  07B9                     l697:	
   750                           	line	23
   751                           	
   752  07B9                     l2061:	
   753  07B9  3001               	movlw	low(01h)
   754  07BA  1283               	bcf	status, 5	;RP0=0, select bank0
   755  07BB  1303               	bcf	status, 6	;RP1=0, select bank0
   756  07BC  07B0               	addwf	(main@k),f
   757  07BD  1803               	skipnc
   758  07BE  0AB1               	incf	(main@k+1),f
   759  07BF  3000               	movlw	high(01h)
   760  07C0  07B1               	addwf	(main@k+1),f
   761                           	
   762  07C1                     l2063:	
   763  07C1  0831               	movf	(main@k+1),w
   764  07C2  3A80               	xorlw	80h
   765  07C3  00FF               	movwf	btemp+1
   766  07C4  3080               	movlw	(high(0Bh))^80h
   767  07C5  027F               	subwf	btemp+1,w
   768  07C6  1D03               	skipz
   769  07C7  2FCA               	goto	u2395
   770  07C8  300B               	movlw	low(0Bh)
   771  07C9  0230               	subwf	(main@k),w
   772  07CA                     u2395:
   773                           
   774  07CA  1C03               	skipc
   775  07CB  2FCD               	goto	u2391
   776  07CC  2FCE               	goto	u2390
   777  07CD                     u2391:
   778  07CD  2F23               	goto	l2005
   779  07CE                     u2390:
   780  07CE  2FCF               	goto	l2065
   781                           	
   782  07CF                     l695:	
   783                           	line	22
   784                           	
   785  07CF                     l2065:	
   786  07CF  3001               	movlw	low(01h)
   787  07D0  1283               	bcf	status, 5	;RP0=0, select bank0
   788  07D1  1303               	bcf	status, 6	;RP1=0, select bank0
   789  07D2  07AE               	addwf	(main@j),f
   790  07D3  1803               	skipnc
   791  07D4  0AAF               	incf	(main@j+1),f
   792  07D5  3000               	movlw	high(01h)
   793  07D6  07AF               	addwf	(main@j+1),f
   794                           	
   795  07D7                     l2067:	
   796  07D7  082F               	movf	(main@j+1),w
   797  07D8  3A80               	xorlw	80h
   798  07D9  00FF               	movwf	btemp+1
   799  07DA  3080               	movlw	(high(0Ah))^80h
   800  07DB  027F               	subwf	btemp+1,w
   801  07DC  1D03               	skipz
   802  07DD  2FE0               	goto	u2405
   803  07DE  300A               	movlw	low(0Ah)
   804  07DF  022E               	subwf	(main@j),w
   805  07E0                     u2405:
   806                           
   807  07E0  1C03               	skipc
   808  07E1  2FE3               	goto	u2401
   809  07E2  2FE4               	goto	u2400
   810  07E3                     u2401:
   811  07E3  2F10               	goto	l1999
   812  07E4                     u2400:
   813  07E4  2FE5               	goto	l2069
   814                           	
   815  07E5                     l693:	
   816                           	line	21
   817                           	
   818  07E5                     l2069:	
   819  07E5  3001               	movlw	low(01h)
   820  07E6  1283               	bcf	status, 5	;RP0=0, select bank0
   821  07E7  1303               	bcf	status, 6	;RP1=0, select bank0
   822  07E8  07AC               	addwf	(main@i),f
   823  07E9  1803               	skipnc
   824  07EA  0AAD               	incf	(main@i+1),f
   825  07EB  3000               	movlw	high(01h)
   826  07EC  07AD               	addwf	(main@i+1),f
   827                           	
   828  07ED                     l2071:	
   829  07ED  082D               	movf	(main@i+1),w
   830  07EE  3A80               	xorlw	80h
   831  07EF  00FF               	movwf	btemp+1
   832  07F0  3080               	movlw	(high(0Ah))^80h
   833  07F1  027F               	subwf	btemp+1,w
   834  07F2  1D03               	skipz
   835  07F3  2FF6               	goto	u2415
   836  07F4  300A               	movlw	low(0Ah)
   837  07F5  022C               	subwf	(main@i),w
   838  07F6                     u2415:
   839                           
   840  07F6  1C03               	skipc
   841  07F7  2FF9               	goto	u2411
   842  07F8  2FFA               	goto	u2410
   843  07F9                     u2411:
   844  07F9  2EFD               	goto	l1993
   845  07FA                     u2410:
   846  07FA  2EEA               	goto	l1987
   847                           	
   848  07FB                     l691:	
   849  07FB  2EEA               	goto	l1987
   850                           	line	52
   851                           	
   852  07FC                     l700:	
   853                           	line	19
   854  07FC  2EEA               	goto	l1987
   855                           	
   856  07FD                     l701:	
   857                           	line	53
   858                           	
   859  07FD                     l702:	
   860                           	global	start
   861  07FD  120A  118A  2800   	ljmp	start
   862                           	opt stack 0
   863                           GLOBAL	__end_of_main
   864  0800                     	__end_of_main:
   865 ;; =============== function _main ends ============
   866                           
   867                           	signat	_main,90
   868                           	global	_delay
   869                           psect	text74,local,class=CODE,delta=2
   870                           global __ptext74
   871  06A5                     __ptext74:
   872                           
   873 ;; *************** function _delay *****************
   874 ;; Defined at:
   875 ;;		line 55 in file "C:\Users\kaVi_aBi\Desktop\New folder\embedded c\led9999.c"
   876 ;; Parameters:    Size  Location     Type
   877 ;;		None
   878 ;; Auto vars:     Size  Location     Type
   879 ;;  j               2    0[COMMON] int 
   880 ;; Return value:  Size  Location     Type
   881 ;;		None               void
   882 ;; Registers used:
   883 ;;		wreg, btemp+1
   884 ;; Tracked objects:
   885 ;;		On entry : 0/0
   886 ;;		On exit  : 0/0
   887 ;;		Unchanged: 0/0
   888 ;; Data sizes:     COMMON   BANK0   BANK1   BANK3   BANK2
   889 ;;      Params:         0       0       0       0       0
   890 ;;      Locals:         2       0       0       0       0
   891 ;;      Temps:          0       0       0       0       0
   892 ;;      Totals:         2       0       0       0       0
   893 ;;Total ram usage:        2 bytes
   894 ;; Hardware stack levels used:    1
   895 ;; This function calls:
   896 ;;		Nothing
   897 ;; This function is called by:
   898 ;;		_main
   899 ;; This function uses a non-reentrant model
   900 ;;
   901                           psect	text74
   902                           	file	"C:\Users\kaVi_aBi\Desktop\New folder\embedded c\led9999.c"
   903                           	line	55
   904                           	global	__size_of_delay
   905  0028                     	__size_of_delay	equ	__end_of_delay-_delay
   906                           	
   907  06A5                     _delay:	
   908                           	opt	stack 7
   909                           ; Regs used in _delay: [wreg+btemp+1]
   910                           	line	56
   911                           	
   912  06A5                     l1965:	
   913                           ;led9999.c: 56: for(int j=-500; j<500; j++);
   914  06A5  300C               	movlw	low(-500)
   915  06A6  00F0               	movwf	(delay@j)
   916  06A7  30FE               	movlw	high(-500)
   917  06A8  00F1               	movwf	((delay@j))+1
   918                           	
   919  06A9                     l1967:	
   920  06A9  0871               	movf	(delay@j+1),w
   921  06AA  3A80               	xorlw	80h
   922  06AB  00FF               	movwf	btemp+1
   923  06AC  3081               	movlw	(high(01F4h))^80h
   924  06AD  027F               	subwf	btemp+1,w
   925  06AE  1D03               	skipz
   926  06AF  2EB2               	goto	u2295
   927  06B0  30F4               	movlw	low(01F4h)
   928  06B1  0270               	subwf	(delay@j),w
   929  06B2                     u2295:
   930                           
   931  06B2  1C03               	skipc
   932  06B3  2EB5               	goto	u2291
   933  06B4  2EB6               	goto	u2290
   934  06B5                     u2291:
   935  06B5  2EB8               	goto	l1971
   936  06B6                     u2290:
   937  06B6  2ECC               	goto	l707
   938                           	
   939  06B7                     l1969:	
   940  06B7  2ECC               	goto	l707
   941                           	
   942  06B8                     l705:	
   943                           	
   944  06B8                     l1971:	
   945  06B8  3001               	movlw	low(01h)
   946  06B9  07F0               	addwf	(delay@j),f
   947  06BA  1803               	skipnc
   948  06BB  0AF1               	incf	(delay@j+1),f
   949  06BC  3000               	movlw	high(01h)
   950  06BD  07F1               	addwf	(delay@j+1),f
   951                           	
   952  06BE                     l1973:	
   953  06BE  0871               	movf	(delay@j+1),w
   954  06BF  3A80               	xorlw	80h
   955  06C0  00FF               	movwf	btemp+1
   956  06C1  3081               	movlw	(high(01F4h))^80h
   957  06C2  027F               	subwf	btemp+1,w
   958  06C3  1D03               	skipz
   959  06C4  2EC7               	goto	u2305
   960  06C5  30F4               	movlw	low(01F4h)
   961  06C6  0270               	subwf	(delay@j),w
   962  06C7                     u2305:
   963                           
   964  06C7  1C03               	skipc
   965  06C8  2ECA               	goto	u2301
   966  06C9  2ECB               	goto	u2300
   967  06CA                     u2301:
   968  06CA  2EB8               	goto	l1971
   969  06CB                     u2300:
   970  06CB  2ECC               	goto	l707
   971                           	
   972  06CC                     l706:	
   973                           	line	57
   974                           	
   975  06CC                     l707:	
   976  06CC  0008               	return
   977                           	opt stack 0
   978                           GLOBAL	__end_of_delay
   979  06CD                     	__end_of_delay:
   980 ;; =============== function _delay ends ============
   981                           
   982                           	signat	_delay,88
   983                           psect	text75,local,class=CODE,delta=2
   984                           global __ptext75
   985  0000                     __ptext75:
   986                           	global	btemp
   987  007E                     	btemp set 07Eh
   988                           
   989                           	DABS	1,126,2	;btemp
   990                           	global	wtemp0
   991  007E                     	wtemp0 set btemp


HI-TECH Software PICC Macro Assembler V9.81 build 7503 
Symbol Table                                                                                   Wed Aug 21 12:28:22 2019

                   pc 0002                    fsr 0004                   l700 07FC                   l701 07FD  
                 l702 07FD                   l705 06B8                   l706 06CC                   l707 06CC  
                 l690 06FD                   l691 07FB                   l692 0710                   l693 07E5  
                 l694 0723                   l695 07CF                   l696 0736                   l697 07B9  
                 l689 06EA                   l698 0749                   l699 07A3                   _RC0 0038  
                 _RC1 0039                   _RC2 003A                   _RC3 003B                   fsr0 0004  
                 indf 0000                  l2001 0714                  l2011 0736                  l2003 0722  
                l2021 075A                  l2013 073A                  l2005 0723                  l2031 076B  
                l2023 075D                  l2015 0748                  l2007 0727                  l2041 0777  
                l2033 076E                  l2025 075E                  l2017 074F                  l2009 0735  
                l2051 0788                  l2043 077C                  l2035 076F                  l2027 075F  
                l2019 0755                  l2053 078D                  l2045 077F                  l2037 0770  
                l2029 0760                  l2061 07B9                  l2071 07ED                  l2063 07C1  
                l2055 0795                  l2047 0780                  l2039 0771                  l2049 0781  
                l2057 07A3                  l2065 07CF                  l2067 07D7                  l2059 07AB  
                l2069 07E5                  l1971 06B8                  l1973 06BE                  l1965 06A5  
                l1981 06D2                  l1967 06A9                  l1991 06FC                  l1983 06D3  
                l1975 06CD                  l1969 06B7                  l1993 06FD                  l1985 06D4  
                l1977 06D0                  l1995 0701                  l1987 06EA                  l1979 06D1  
                l1997 070F                  l1989 06EE                  l1999 0710                  u2300 06CB  
                u2301 06CA                  u2310 06DC                  u2400 07E4                  u2320 06FB  
                u2305 06C7                  u2401 07E3                  u2321 06FA                  u2410 07FA  
                u2330 070E                  u2411 07F9                  u2331 070D                  u2340 0721  
                u2405 07E0                  u2341 0720                  u2325 06F7                  u2350 0734  
                u2415 07F6                  u2351 0733                  u2335 070A                  u2360 0747  
                u2361 0746                  u2345 071D                  u2290 06B6                  u2370 07A2  
                u2291 06B5                  u2371 07A1                  u2355 0730                  u2380 07B8  
                u2381 07B7                  u2365 0743                  u2390 07CE                  u2295 06B2  
                u2391 07CD                  u2375 079E                  u2385 07B4                  u2395 07CA  
                _main 06CD                  btemp 007E                  start 0000                 ?_main 0070  
               _PORTD 0008                 _TRISD 0088                 _delay 06A5                 main@a 0020  
               main@i 002C                 main@j 002E                 main@k 0030                 main@l 0032  
               main@m 002A                 pclath 000A                 status 0003                 wtemp0 007E  
        __end_of_main 0800                ??_main 0072                ?_delay 0070                _TRISC0 0438  
              _TRISC1 0439                _TRISC2 043A                _TRISC3 043B                delay@j 0070  
      __pcstackCOMMON 0070          __pidataBANK0 0678         __end_of_delay 06CD               ??_delay 0070  
          __pmaintext 06CD  end_of_initialization 06A1               init_ram 0686   start_initialization 0693  
         __pdataBANK0 0034         __pcstackBANK0 0020        __size_of_delay 0028             main@F1095 0034  
           init_fetch 0682              __ptext74 06A5              __ptext75 0000         __size_of_main 0133  
